[2016-05-26 03:42:35] local.ERROR: exception 'ErrorException' with message 'Undefined variable: x' in /home/jonathan/Desktop/annotator/app/AnnotationView.php:39
Stack trace:
#0 /home/jonathan/Desktop/annotator/app/AnnotationView.php(39): Illuminate\Foundation\Bootstrap\HandleExceptions->handleError(8, 'Undefined varia...', '/home/jonathan/...', 39, Array)
#1 /home/jonathan/Desktop/annotator/app/Http/Controllers/AnnotationController.php(202): App\AnnotationView::search(Array, -1, 0)
#2 [internal function]: App\Http\Controllers\AnnotationController->search()
#3 /home/jonathan/Desktop/annotator/vendor/compiled.php(8373): call_user_func_array(Array, Array)
#4 /home/jonathan/Desktop/annotator/vendor/compiled.php(8440): Illuminate\Routing\Controller->callAction('search', Array)
#5 /home/jonathan/Desktop/annotator/vendor/compiled.php(8419): Illuminate\Routing\ControllerDispatcher->call(Object(App\Http\Controllers\AnnotationController), Object(Illuminate\Routing\Route), 'search')
#6 [internal function]: Illuminate\Routing\ControllerDispatcher->Illuminate\Routing\{closure}(Object(Illuminate\Http\Request))
#7 /home/jonathan/Desktop/annotator/vendor/compiled.php(9053): call_user_func(Object(Closure), Object(Illuminate\Http\Request))
#8 [internal function]: Illuminate\Pipeline\Pipeline->Illuminate\Pipeline\{closure}(Object(Illuminate\Http\Request))
#9 /home/jonathan/Desktop/annotator/vendor/compiled.php(9036): call_user_func(Object(Closure), Object(Illuminate\Http\Request))
#10 /home/jonathan/Desktop/annotator/vendor/compiled.php(8420): Illuminate\Pipeline\Pipeline->then(Object(Closure))
#11 /home/jonathan/Desktop/annotator/vendor/compiled.php(8406): Illuminate\Routing\ControllerDispatcher->callWithinStack(Object(App\Http\Controllers\AnnotationController), Object(Illuminate\Routing\Route), Object(Illuminate\Http\Request), 'search')
#12 /home/jonathan/Desktop/annotator/vendor/compiled.php(7404): Illuminate\Routing\ControllerDispatcher->dispatch(Object(Illuminate\Routing\Route), Object(Illuminate\Http\Request), 'App\\Http\\Contro...', 'search')
#13 /home/jonathan/Desktop/annotator/vendor/compiled.php(7375): Illuminate\Routing\Route->runWithCustomDispatcher(Object(Illuminate\Http\Request))
#14 /home/jonathan/Desktop/annotator/vendor/compiled.php(7041): Illuminate\Routing\Route->run(Object(Illuminate\Http\Request))
#15 [internal function]: Illuminate\Routing\Router->Illuminate\Routing\{closure}(Object(Illuminate\Http\Request))
#16 /home/jonathan/Desktop/annotator/vendor/compiled.php(9053): call_user_func(Object(Closure), Object(Illuminate\Http\Request))
#17 /home/jonathan/Desktop/annotator/app/Http/Middleware/CrossDomainMiddleWare.php(20): Illuminate\Pipeline\Pipeline->Illuminate\Pipeline\{closure}(Object(Illuminate\Http\Request))
#18 /home/jonathan/Desktop/annotator/vendor/compiled.php(9045): App\Http\Middleware\CrossDomainMiddleWare->handle(Object(Illuminate\Http\Request), Object(Closure))
#19 [internal function]: Illuminate\Pipeline\Pipeline->Illuminate\Pipeline\{closure}(Object(Illuminate\Http\Request))
#20 /home/jonathan/Desktop/annotator/vendor/compiled.php(9036): call_user_func(Object(Closure), Object(Illuminate\Http\Request))
#21 /home/jonathan/Desktop/annotator/vendor/compiled.php(7042): Illuminate\Pipeline\Pipeline->then(Object(Closure))
#22 /home/jonathan/Desktop/annotator/vendor/compiled.php(7031): Illuminate\Routing\Router->runRouteWithinStack(Object(Illuminate\Routing\Route), Object(Illuminate\Http\Request))
#23 /home/jonathan/Desktop/annotator/vendor/compiled.php(7016): Illuminate\Routing\Router->dispatchToRoute(Object(Illuminate\Http\Request))
#24 /home/jonathan/Desktop/annotator/vendor/compiled.php(1989): Illuminate\Routing\Router->dispatch(Object(Illuminate\Http\Request))
#25 [internal function]: Illuminate\Foundation\Http\Kernel->Illuminate\Foundation\Http\{closure}(Object(Illuminate\Http\Request))
#26 /home/jonathan/Desktop/annotator/vendor/compiled.php(9053): call_user_func(Object(Closure), Object(Illuminate\Http\Request))
#27 /home/jonathan/Desktop/annotator/vendor/compiled.php(12202): Illuminate\Pipeline\Pipeline->Illuminate\Pipeline\{closure}(Object(Illuminate\Http\Request))
#28 /home/jonathan/Desktop/annotator/vendor/compiled.php(9045): Illuminate\View\Middleware\ShareErrorsFromSession->handle(Object(Illuminate\Http\Request), Object(Closure))
#29 /home/jonathan/Desktop/annotator/vendor/compiled.php(10903): Illuminate\Pipeline\Pipeline->Illuminate\Pipeline\{closure}(Object(Illuminate\Http\Request))
#30 /home/jonathan/Desktop/annotator/vendor/compiled.php(9045): Illuminate\Session\Middleware\StartSession->handle(Object(Illuminate\Http\Request), Object(Closure))
#31 /home/jonathan/Desktop/annotator/vendor/compiled.php(11908): Illuminate\Pipeline\Pipeline->Illuminate\Pipeline\{closure}(Object(Illuminate\Http\Request))
#32 /home/jonathan/Desktop/annotator/vendor/compiled.php(9045): Illuminate\Cookie\Middleware\AddQueuedCookiesToResponse->handle(Object(Illuminate\Http\Request), Object(Closure))
#33 /home/jonathan/Desktop/annotator/vendor/compiled.php(11857): Illuminate\Pipeline\Pipeline->Illuminate\Pipeline\{closure}(Object(Illuminate\Http\Request))
#34 /home/jonathan/Desktop/annotator/vendor/compiled.php(9045): Illuminate\Cookie\Middleware\EncryptCookies->handle(Object(Illuminate\Http\Request), Object(Closure))
#35 /home/jonathan/Desktop/annotator/vendor/compiled.php(2532): Illuminate\Pipeline\Pipeline->Illuminate\Pipeline\{closure}(Object(Illuminate\Http\Request))
#36 /home/jonathan/Desktop/annotator/vendor/compiled.php(9045): Illuminate\Foundation\Http\Middleware\CheckForMaintenanceMode->handle(Object(Illuminate\Http\Request), Object(Closure))
#37 [internal function]: Illuminate\Pipeline\Pipeline->Illuminate\Pipeline\{closure}(Object(Illuminate\Http\Request))
#38 /home/jonathan/Desktop/annotator/vendor/compiled.php(9036): call_user_func(Object(Closure), Object(Illuminate\Http\Request))
#39 /home/jonathan/Desktop/annotator/vendor/compiled.php(1945): Illuminate\Pipeline\Pipeline->then(Object(Closure))
#40 /home/jonathan/Desktop/annotator/vendor/compiled.php(1932): Illuminate\Foundation\Http\Kernel->sendRequestThroughRouter(Object(Illuminate\Http\Request))
#41 /home/jonathan/Desktop/annotator/public/index.php(53): Illuminate\Foundation\Http\Kernel->handle(Object(Illuminate\Http\Request))
#42 {main}  
[2016-05-26 03:43:39] local.ERROR: exception 'ErrorException' with message 'Undefined variable: x' in /home/jonathan/Desktop/annotator/app/AnnotationView.php:39
Stack trace:
#0 /home/jonathan/Desktop/annotator/app/AnnotationView.php(39): Illuminate\Foundation\Bootstrap\HandleExceptions->handleError(8, 'Undefined varia...', '/home/jonathan/...', 39, Array)
#1 /home/jonathan/Desktop/annotator/app/Http/Controllers/AnnotationController.php(202): App\AnnotationView::search(Array, -1, 0)
#2 [internal function]: App\Http\Controllers\AnnotationController->search()
#3 /home/jonathan/Desktop/annotator/vendor/compiled.php(8373): call_user_func_array(Array, Array)
#4 /home/jonathan/Desktop/annotator/vendor/compiled.php(8440): Illuminate\Routing\Controller->callAction('search', Array)
#5 /home/jonathan/Desktop/annotator/vendor/compiled.php(8419): Illuminate\Routing\ControllerDispatcher->call(Object(App\Http\Controllers\AnnotationController), Object(Illuminate\Routing\Route), 'search')
#6 [internal function]: Illuminate\Routing\ControllerDispatcher->Illuminate\Routing\{closure}(Object(Illuminate\Http\Request))
#7 /home/jonathan/Desktop/annotator/vendor/compiled.php(9053): call_user_func(Object(Closure), Object(Illuminate\Http\Request))
#8 [internal function]: Illuminate\Pipeline\Pipeline->Illuminate\Pipeline\{closure}(Object(Illuminate\Http\Request))
#9 /home/jonathan/Desktop/annotator/vendor/compiled.php(9036): call_user_func(Object(Closure), Object(Illuminate\Http\Request))
#10 /home/jonathan/Desktop/annotator/vendor/compiled.php(8420): Illuminate\Pipeline\Pipeline->then(Object(Closure))
#11 /home/jonathan/Desktop/annotator/vendor/compiled.php(8406): Illuminate\Routing\ControllerDispatcher->callWithinStack(Object(App\Http\Controllers\AnnotationController), Object(Illuminate\Routing\Route), Object(Illuminate\Http\Request), 'search')
#12 /home/jonathan/Desktop/annotator/vendor/compiled.php(7404): Illuminate\Routing\ControllerDispatcher->dispatch(Object(Illuminate\Routing\Route), Object(Illuminate\Http\Request), 'App\\Http\\Contro...', 'search')
#13 /home/jonathan/Desktop/annotator/vendor/compiled.php(7375): Illuminate\Routing\Route->runWithCustomDispatcher(Object(Illuminate\Http\Request))
#14 /home/jonathan/Desktop/annotator/vendor/compiled.php(7041): Illuminate\Routing\Route->run(Object(Illuminate\Http\Request))
#15 [internal function]: Illuminate\Routing\Router->Illuminate\Routing\{closure}(Object(Illuminate\Http\Request))
#16 /home/jonathan/Desktop/annotator/vendor/compiled.php(9053): call_user_func(Object(Closure), Object(Illuminate\Http\Request))
#17 /home/jonathan/Desktop/annotator/app/Http/Middleware/CrossDomainMiddleWare.php(20): Illuminate\Pipeline\Pipeline->Illuminate\Pipeline\{closure}(Object(Illuminate\Http\Request))
#18 /home/jonathan/Desktop/annotator/vendor/compiled.php(9045): App\Http\Middleware\CrossDomainMiddleWare->handle(Object(Illuminate\Http\Request), Object(Closure))
#19 [internal function]: Illuminate\Pipeline\Pipeline->Illuminate\Pipeline\{closure}(Object(Illuminate\Http\Request))
#20 /home/jonathan/Desktop/annotator/vendor/compiled.php(9036): call_user_func(Object(Closure), Object(Illuminate\Http\Request))
#21 /home/jonathan/Desktop/annotator/vendor/compiled.php(7042): Illuminate\Pipeline\Pipeline->then(Object(Closure))
#22 /home/jonathan/Desktop/annotator/vendor/compiled.php(7031): Illuminate\Routing\Router->runRouteWithinStack(Object(Illuminate\Routing\Route), Object(Illuminate\Http\Request))
#23 /home/jonathan/Desktop/annotator/vendor/compiled.php(7016): Illuminate\Routing\Router->dispatchToRoute(Object(Illuminate\Http\Request))
#24 /home/jonathan/Desktop/annotator/vendor/compiled.php(1989): Illuminate\Routing\Router->dispatch(Object(Illuminate\Http\Request))
#25 [internal function]: Illuminate\Foundation\Http\Kernel->Illuminate\Foundation\Http\{closure}(Object(Illuminate\Http\Request))
#26 /home/jonathan/Desktop/annotator/vendor/compiled.php(9053): call_user_func(Object(Closure), Object(Illuminate\Http\Request))
#27 /home/jonathan/Desktop/annotator/vendor/compiled.php(12202): Illuminate\Pipeline\Pipeline->Illuminate\Pipeline\{closure}(Object(Illuminate\Http\Request))
#28 /home/jonathan/Desktop/annotator/vendor/compiled.php(9045): Illuminate\View\Middleware\ShareErrorsFromSession->handle(Object(Illuminate\Http\Request), Object(Closure))
#29 /home/jonathan/Desktop/annotator/vendor/compiled.php(10903): Illuminate\Pipeline\Pipeline->Illuminate\Pipeline\{closure}(Object(Illuminate\Http\Request))
#30 /home/jonathan/Desktop/annotator/vendor/compiled.php(9045): Illuminate\Session\Middleware\StartSession->handle(Object(Illuminate\Http\Request), Object(Closure))
#31 /home/jonathan/Desktop/annotator/vendor/compiled.php(11908): Illuminate\Pipeline\Pipeline->Illuminate\Pipeline\{closure}(Object(Illuminate\Http\Request))
#32 /home/jonathan/Desktop/annotator/vendor/compiled.php(9045): Illuminate\Cookie\Middleware\AddQueuedCookiesToResponse->handle(Object(Illuminate\Http\Request), Object(Closure))
#33 /home/jonathan/Desktop/annotator/vendor/compiled.php(11857): Illuminate\Pipeline\Pipeline->Illuminate\Pipeline\{closure}(Object(Illuminate\Http\Request))
#34 /home/jonathan/Desktop/annotator/vendor/compiled.php(9045): Illuminate\Cookie\Middleware\EncryptCookies->handle(Object(Illuminate\Http\Request), Object(Closure))
#35 /home/jonathan/Desktop/annotator/vendor/compiled.php(2532): Illuminate\Pipeline\Pipeline->Illuminate\Pipeline\{closure}(Object(Illuminate\Http\Request))
#36 /home/jonathan/Desktop/annotator/vendor/compiled.php(9045): Illuminate\Foundation\Http\Middleware\CheckForMaintenanceMode->handle(Object(Illuminate\Http\Request), Object(Closure))
#37 [internal function]: Illuminate\Pipeline\Pipeline->Illuminate\Pipeline\{closure}(Object(Illuminate\Http\Request))
#38 /home/jonathan/Desktop/annotator/vendor/compiled.php(9036): call_user_func(Object(Closure), Object(Illuminate\Http\Request))
#39 /home/jonathan/Desktop/annotator/vendor/compiled.php(1945): Illuminate\Pipeline\Pipeline->then(Object(Closure))
#40 /home/jonathan/Desktop/annotator/vendor/compiled.php(1932): Illuminate\Foundation\Http\Kernel->sendRequestThroughRouter(Object(Illuminate\Http\Request))
#41 /home/jonathan/Desktop/annotator/public/index.php(53): Illuminate\Foundation\Http\Kernel->handle(Object(Illuminate\Http\Request))
#42 {main}  
[2016-05-26 03:44:02] local.ERROR: exception 'ErrorException' with message 'Undefined variable: x' in /home/jonathan/Desktop/annotator/app/AnnotationView.php:39
Stack trace:
#0 /home/jonathan/Desktop/annotator/app/AnnotationView.php(39): Illuminate\Foundation\Bootstrap\HandleExceptions->handleError(8, 'Undefined varia...', '/home/jonathan/...', 39, Array)
#1 /home/jonathan/Desktop/annotator/app/Http/Controllers/AnnotationController.php(202): App\AnnotationView::search(Array, -1, 0)
#2 [internal function]: App\Http\Controllers\AnnotationController->search()
#3 /home/jonathan/Desktop/annotator/vendor/compiled.php(8373): call_user_func_array(Array, Array)
#4 /home/jonathan/Desktop/annotator/vendor/compiled.php(8440): Illuminate\Routing\Controller->callAction('search', Array)
#5 /home/jonathan/Desktop/annotator/vendor/compiled.php(8419): Illuminate\Routing\ControllerDispatcher->call(Object(App\Http\Controllers\AnnotationController), Object(Illuminate\Routing\Route), 'search')
#6 [internal function]: Illuminate\Routing\ControllerDispatcher->Illuminate\Routing\{closure}(Object(Illuminate\Http\Request))
#7 /home/jonathan/Desktop/annotator/vendor/compiled.php(9053): call_user_func(Object(Closure), Object(Illuminate\Http\Request))
#8 [internal function]: Illuminate\Pipeline\Pipeline->Illuminate\Pipeline\{closure}(Object(Illuminate\Http\Request))
#9 /home/jonathan/Desktop/annotator/vendor/compiled.php(9036): call_user_func(Object(Closure), Object(Illuminate\Http\Request))
#10 /home/jonathan/Desktop/annotator/vendor/compiled.php(8420): Illuminate\Pipeline\Pipeline->then(Object(Closure))
#11 /home/jonathan/Desktop/annotator/vendor/compiled.php(8406): Illuminate\Routing\ControllerDispatcher->callWithinStack(Object(App\Http\Controllers\AnnotationController), Object(Illuminate\Routing\Route), Object(Illuminate\Http\Request), 'search')
#12 /home/jonathan/Desktop/annotator/vendor/compiled.php(7404): Illuminate\Routing\ControllerDispatcher->dispatch(Object(Illuminate\Routing\Route), Object(Illuminate\Http\Request), 'App\\Http\\Contro...', 'search')
#13 /home/jonathan/Desktop/annotator/vendor/compiled.php(7375): Illuminate\Routing\Route->runWithCustomDispatcher(Object(Illuminate\Http\Request))
#14 /home/jonathan/Desktop/annotator/vendor/compiled.php(7041): Illuminate\Routing\Route->run(Object(Illuminate\Http\Request))
#15 [internal function]: Illuminate\Routing\Router->Illuminate\Routing\{closure}(Object(Illuminate\Http\Request))
#16 /home/jonathan/Desktop/annotator/vendor/compiled.php(9053): call_user_func(Object(Closure), Object(Illuminate\Http\Request))
#17 /home/jonathan/Desktop/annotator/app/Http/Middleware/CrossDomainMiddleWare.php(20): Illuminate\Pipeline\Pipeline->Illuminate\Pipeline\{closure}(Object(Illuminate\Http\Request))
#18 /home/jonathan/Desktop/annotator/vendor/compiled.php(9045): App\Http\Middleware\CrossDomainMiddleWare->handle(Object(Illuminate\Http\Request), Object(Closure))
#19 [internal function]: Illuminate\Pipeline\Pipeline->Illuminate\Pipeline\{closure}(Object(Illuminate\Http\Request))
#20 /home/jonathan/Desktop/annotator/vendor/compiled.php(9036): call_user_func(Object(Closure), Object(Illuminate\Http\Request))
#21 /home/jonathan/Desktop/annotator/vendor/compiled.php(7042): Illuminate\Pipeline\Pipeline->then(Object(Closure))
#22 /home/jonathan/Desktop/annotator/vendor/compiled.php(7031): Illuminate\Routing\Router->runRouteWithinStack(Object(Illuminate\Routing\Route), Object(Illuminate\Http\Request))
#23 /home/jonathan/Desktop/annotator/vendor/compiled.php(7016): Illuminate\Routing\Router->dispatchToRoute(Object(Illuminate\Http\Request))
#24 /home/jonathan/Desktop/annotator/vendor/compiled.php(1989): Illuminate\Routing\Router->dispatch(Object(Illuminate\Http\Request))
#25 [internal function]: Illuminate\Foundation\Http\Kernel->Illuminate\Foundation\Http\{closure}(Object(Illuminate\Http\Request))
#26 /home/jonathan/Desktop/annotator/vendor/compiled.php(9053): call_user_func(Object(Closure), Object(Illuminate\Http\Request))
#27 /home/jonathan/Desktop/annotator/vendor/compiled.php(12202): Illuminate\Pipeline\Pipeline->Illuminate\Pipeline\{closure}(Object(Illuminate\Http\Request))
#28 /home/jonathan/Desktop/annotator/vendor/compiled.php(9045): Illuminate\View\Middleware\ShareErrorsFromSession->handle(Object(Illuminate\Http\Request), Object(Closure))
#29 /home/jonathan/Desktop/annotator/vendor/compiled.php(10903): Illuminate\Pipeline\Pipeline->Illuminate\Pipeline\{closure}(Object(Illuminate\Http\Request))
#30 /home/jonathan/Desktop/annotator/vendor/compiled.php(9045): Illuminate\Session\Middleware\StartSession->handle(Object(Illuminate\Http\Request), Object(Closure))
#31 /home/jonathan/Desktop/annotator/vendor/compiled.php(11908): Illuminate\Pipeline\Pipeline->Illuminate\Pipeline\{closure}(Object(Illuminate\Http\Request))
#32 /home/jonathan/Desktop/annotator/vendor/compiled.php(9045): Illuminate\Cookie\Middleware\AddQueuedCookiesToResponse->handle(Object(Illuminate\Http\Request), Object(Closure))
#33 /home/jonathan/Desktop/annotator/vendor/compiled.php(11857): Illuminate\Pipeline\Pipeline->Illuminate\Pipeline\{closure}(Object(Illuminate\Http\Request))
#34 /home/jonathan/Desktop/annotator/vendor/compiled.php(9045): Illuminate\Cookie\Middleware\EncryptCookies->handle(Object(Illuminate\Http\Request), Object(Closure))
#35 /home/jonathan/Desktop/annotator/vendor/compiled.php(2532): Illuminate\Pipeline\Pipeline->Illuminate\Pipeline\{closure}(Object(Illuminate\Http\Request))
#36 /home/jonathan/Desktop/annotator/vendor/compiled.php(9045): Illuminate\Foundation\Http\Middleware\CheckForMaintenanceMode->handle(Object(Illuminate\Http\Request), Object(Closure))
#37 [internal function]: Illuminate\Pipeline\Pipeline->Illuminate\Pipeline\{closure}(Object(Illuminate\Http\Request))
#38 /home/jonathan/Desktop/annotator/vendor/compiled.php(9036): call_user_func(Object(Closure), Object(Illuminate\Http\Request))
#39 /home/jonathan/Desktop/annotator/vendor/compiled.php(1945): Illuminate\Pipeline\Pipeline->then(Object(Closure))
#40 /home/jonathan/Desktop/annotator/vendor/compiled.php(1932): Illuminate\Foundation\Http\Kernel->sendRequestThroughRouter(Object(Illuminate\Http\Request))
#41 /home/jonathan/Desktop/annotator/public/index.php(53): Illuminate\Foundation\Http\Kernel->handle(Object(Illuminate\Http\Request))
#42 {main}  
[2016-05-26 03:44:04] local.ERROR: exception 'ErrorException' with message 'Undefined variable: x' in /home/jonathan/Desktop/annotator/app/AnnotationView.php:39
Stack trace:
#0 /home/jonathan/Desktop/annotator/app/AnnotationView.php(39): Illuminate\Foundation\Bootstrap\HandleExceptions->handleError(8, 'Undefined varia...', '/home/jonathan/...', 39, Array)
#1 /home/jonathan/Desktop/annotator/app/Http/Controllers/AnnotationController.php(202): App\AnnotationView::search(Array, -1, 0)
#2 [internal function]: App\Http\Controllers\AnnotationController->search()
#3 /home/jonathan/Desktop/annotator/vendor/compiled.php(8373): call_user_func_array(Array, Array)
#4 /home/jonathan/Desktop/annotator/vendor/compiled.php(8440): Illuminate\Routing\Controller->callAction('search', Array)
#5 /home/jonathan/Desktop/annotator/vendor/compiled.php(8419): Illuminate\Routing\ControllerDispatcher->call(Object(App\Http\Controllers\AnnotationController), Object(Illuminate\Routing\Route), 'search')
#6 [internal function]: Illuminate\Routing\ControllerDispatcher->Illuminate\Routing\{closure}(Object(Illuminate\Http\Request))
#7 /home/jonathan/Desktop/annotator/vendor/compiled.php(9053): call_user_func(Object(Closure), Object(Illuminate\Http\Request))
#8 [internal function]: Illuminate\Pipeline\Pipeline->Illuminate\Pipeline\{closure}(Object(Illuminate\Http\Request))
#9 /home/jonathan/Desktop/annotator/vendor/compiled.php(9036): call_user_func(Object(Closure), Object(Illuminate\Http\Request))
#10 /home/jonathan/Desktop/annotator/vendor/compiled.php(8420): Illuminate\Pipeline\Pipeline->then(Object(Closure))
#11 /home/jonathan/Desktop/annotator/vendor/compiled.php(8406): Illuminate\Routing\ControllerDispatcher->callWithinStack(Object(App\Http\Controllers\AnnotationController), Object(Illuminate\Routing\Route), Object(Illuminate\Http\Request), 'search')
#12 /home/jonathan/Desktop/annotator/vendor/compiled.php(7404): Illuminate\Routing\ControllerDispatcher->dispatch(Object(Illuminate\Routing\Route), Object(Illuminate\Http\Request), 'App\\Http\\Contro...', 'search')
#13 /home/jonathan/Desktop/annotator/vendor/compiled.php(7375): Illuminate\Routing\Route->runWithCustomDispatcher(Object(Illuminate\Http\Request))
#14 /home/jonathan/Desktop/annotator/vendor/compiled.php(7041): Illuminate\Routing\Route->run(Object(Illuminate\Http\Request))
#15 [internal function]: Illuminate\Routing\Router->Illuminate\Routing\{closure}(Object(Illuminate\Http\Request))
#16 /home/jonathan/Desktop/annotator/vendor/compiled.php(9053): call_user_func(Object(Closure), Object(Illuminate\Http\Request))
#17 /home/jonathan/Desktop/annotator/app/Http/Middleware/CrossDomainMiddleWare.php(20): Illuminate\Pipeline\Pipeline->Illuminate\Pipeline\{closure}(Object(Illuminate\Http\Request))
#18 /home/jonathan/Desktop/annotator/vendor/compiled.php(9045): App\Http\Middleware\CrossDomainMiddleWare->handle(Object(Illuminate\Http\Request), Object(Closure))
#19 [internal function]: Illuminate\Pipeline\Pipeline->Illuminate\Pipeline\{closure}(Object(Illuminate\Http\Request))
#20 /home/jonathan/Desktop/annotator/vendor/compiled.php(9036): call_user_func(Object(Closure), Object(Illuminate\Http\Request))
#21 /home/jonathan/Desktop/annotator/vendor/compiled.php(7042): Illuminate\Pipeline\Pipeline->then(Object(Closure))
#22 /home/jonathan/Desktop/annotator/vendor/compiled.php(7031): Illuminate\Routing\Router->runRouteWithinStack(Object(Illuminate\Routing\Route), Object(Illuminate\Http\Request))
#23 /home/jonathan/Desktop/annotator/vendor/compiled.php(7016): Illuminate\Routing\Router->dispatchToRoute(Object(Illuminate\Http\Request))
#24 /home/jonathan/Desktop/annotator/vendor/compiled.php(1989): Illuminate\Routing\Router->dispatch(Object(Illuminate\Http\Request))
#25 [internal function]: Illuminate\Foundation\Http\Kernel->Illuminate\Foundation\Http\{closure}(Object(Illuminate\Http\Request))
#26 /home/jonathan/Desktop/annotator/vendor/compiled.php(9053): call_user_func(Object(Closure), Object(Illuminate\Http\Request))
#27 /home/jonathan/Desktop/annotator/vendor/compiled.php(12202): Illuminate\Pipeline\Pipeline->Illuminate\Pipeline\{closure}(Object(Illuminate\Http\Request))
#28 /home/jonathan/Desktop/annotator/vendor/compiled.php(9045): Illuminate\View\Middleware\ShareErrorsFromSession->handle(Object(Illuminate\Http\Request), Object(Closure))
#29 /home/jonathan/Desktop/annotator/vendor/compiled.php(10903): Illuminate\Pipeline\Pipeline->Illuminate\Pipeline\{closure}(Object(Illuminate\Http\Request))
#30 /home/jonathan/Desktop/annotator/vendor/compiled.php(9045): Illuminate\Session\Middleware\StartSession->handle(Object(Illuminate\Http\Request), Object(Closure))
#31 /home/jonathan/Desktop/annotator/vendor/compiled.php(11908): Illuminate\Pipeline\Pipeline->Illuminate\Pipeline\{closure}(Object(Illuminate\Http\Request))
#32 /home/jonathan/Desktop/annotator/vendor/compiled.php(9045): Illuminate\Cookie\Middleware\AddQueuedCookiesToResponse->handle(Object(Illuminate\Http\Request), Object(Closure))
#33 /home/jonathan/Desktop/annotator/vendor/compiled.php(11857): Illuminate\Pipeline\Pipeline->Illuminate\Pipeline\{closure}(Object(Illuminate\Http\Request))
#34 /home/jonathan/Desktop/annotator/vendor/compiled.php(9045): Illuminate\Cookie\Middleware\EncryptCookies->handle(Object(Illuminate\Http\Request), Object(Closure))
#35 /home/jonathan/Desktop/annotator/vendor/compiled.php(2532): Illuminate\Pipeline\Pipeline->Illuminate\Pipeline\{closure}(Object(Illuminate\Http\Request))
#36 /home/jonathan/Desktop/annotator/vendor/compiled.php(9045): Illuminate\Foundation\Http\Middleware\CheckForMaintenanceMode->handle(Object(Illuminate\Http\Request), Object(Closure))
#37 [internal function]: Illuminate\Pipeline\Pipeline->Illuminate\Pipeline\{closure}(Object(Illuminate\Http\Request))
#38 /home/jonathan/Desktop/annotator/vendor/compiled.php(9036): call_user_func(Object(Closure), Object(Illuminate\Http\Request))
#39 /home/jonathan/Desktop/annotator/vendor/compiled.php(1945): Illuminate\Pipeline\Pipeline->then(Object(Closure))
#40 /home/jonathan/Desktop/annotator/vendor/compiled.php(1932): Illuminate\Foundation\Http\Kernel->sendRequestThroughRouter(Object(Illuminate\Http\Request))
#41 /home/jonathan/Desktop/annotator/public/index.php(53): Illuminate\Foundation\Http\Kernel->handle(Object(Illuminate\Http\Request))
#42 {main}  
[2016-05-26 03:47:23] local.ERROR: exception 'ErrorException' with message 'Undefined variable: x' in /home/jonathan/Desktop/annotator/app/AnnotationView.php:39
Stack trace:
#0 /home/jonathan/Desktop/annotator/app/AnnotationView.php(39): Illuminate\Foundation\Bootstrap\HandleExceptions->handleError(8, 'Undefined varia...', '/home/jonathan/...', 39, Array)
#1 /home/jonathan/Desktop/annotator/app/Http/Controllers/AnnotationController.php(202): App\AnnotationView::search(Array, -1, 0)
#2 [internal function]: App\Http\Controllers\AnnotationController->search()
#3 /home/jonathan/Desktop/annotator/vendor/compiled.php(8373): call_user_func_array(Array, Array)
#4 /home/jonathan/Desktop/annotator/vendor/compiled.php(8440): Illuminate\Routing\Controller->callAction('search', Array)
#5 /home/jonathan/Desktop/annotator/vendor/compiled.php(8419): Illuminate\Routing\ControllerDispatcher->call(Object(App\Http\Controllers\AnnotationController), Object(Illuminate\Routing\Route), 'search')
#6 [internal function]: Illuminate\Routing\ControllerDispatcher->Illuminate\Routing\{closure}(Object(Illuminate\Http\Request))
#7 /home/jonathan/Desktop/annotator/vendor/compiled.php(9053): call_user_func(Object(Closure), Object(Illuminate\Http\Request))
#8 [internal function]: Illuminate\Pipeline\Pipeline->Illuminate\Pipeline\{closure}(Object(Illuminate\Http\Request))
#9 /home/jonathan/Desktop/annotator/vendor/compiled.php(9036): call_user_func(Object(Closure), Object(Illuminate\Http\Request))
#10 /home/jonathan/Desktop/annotator/vendor/compiled.php(8420): Illuminate\Pipeline\Pipeline->then(Object(Closure))
#11 /home/jonathan/Desktop/annotator/vendor/compiled.php(8406): Illuminate\Routing\ControllerDispatcher->callWithinStack(Object(App\Http\Controllers\AnnotationController), Object(Illuminate\Routing\Route), Object(Illuminate\Http\Request), 'search')
#12 /home/jonathan/Desktop/annotator/vendor/compiled.php(7404): Illuminate\Routing\ControllerDispatcher->dispatch(Object(Illuminate\Routing\Route), Object(Illuminate\Http\Request), 'App\\Http\\Contro...', 'search')
#13 /home/jonathan/Desktop/annotator/vendor/compiled.php(7375): Illuminate\Routing\Route->runWithCustomDispatcher(Object(Illuminate\Http\Request))
#14 /home/jonathan/Desktop/annotator/vendor/compiled.php(7041): Illuminate\Routing\Route->run(Object(Illuminate\Http\Request))
#15 [internal function]: Illuminate\Routing\Router->Illuminate\Routing\{closure}(Object(Illuminate\Http\Request))
#16 /home/jonathan/Desktop/annotator/vendor/compiled.php(9053): call_user_func(Object(Closure), Object(Illuminate\Http\Request))
#17 /home/jonathan/Desktop/annotator/app/Http/Middleware/CrossDomainMiddleWare.php(20): Illuminate\Pipeline\Pipeline->Illuminate\Pipeline\{closure}(Object(Illuminate\Http\Request))
#18 /home/jonathan/Desktop/annotator/vendor/compiled.php(9045): App\Http\Middleware\CrossDomainMiddleWare->handle(Object(Illuminate\Http\Request), Object(Closure))
#19 [internal function]: Illuminate\Pipeline\Pipeline->Illuminate\Pipeline\{closure}(Object(Illuminate\Http\Request))
#20 /home/jonathan/Desktop/annotator/vendor/compiled.php(9036): call_user_func(Object(Closure), Object(Illuminate\Http\Request))
#21 /home/jonathan/Desktop/annotator/vendor/compiled.php(7042): Illuminate\Pipeline\Pipeline->then(Object(Closure))
#22 /home/jonathan/Desktop/annotator/vendor/compiled.php(7031): Illuminate\Routing\Router->runRouteWithinStack(Object(Illuminate\Routing\Route), Object(Illuminate\Http\Request))
#23 /home/jonathan/Desktop/annotator/vendor/compiled.php(7016): Illuminate\Routing\Router->dispatchToRoute(Object(Illuminate\Http\Request))
#24 /home/jonathan/Desktop/annotator/vendor/compiled.php(1989): Illuminate\Routing\Router->dispatch(Object(Illuminate\Http\Request))
#25 [internal function]: Illuminate\Foundation\Http\Kernel->Illuminate\Foundation\Http\{closure}(Object(Illuminate\Http\Request))
#26 /home/jonathan/Desktop/annotator/vendor/compiled.php(9053): call_user_func(Object(Closure), Object(Illuminate\Http\Request))
#27 /home/jonathan/Desktop/annotator/vendor/compiled.php(12202): Illuminate\Pipeline\Pipeline->Illuminate\Pipeline\{closure}(Object(Illuminate\Http\Request))
#28 /home/jonathan/Desktop/annotator/vendor/compiled.php(9045): Illuminate\View\Middleware\ShareErrorsFromSession->handle(Object(Illuminate\Http\Request), Object(Closure))
#29 /home/jonathan/Desktop/annotator/vendor/compiled.php(10903): Illuminate\Pipeline\Pipeline->Illuminate\Pipeline\{closure}(Object(Illuminate\Http\Request))
#30 /home/jonathan/Desktop/annotator/vendor/compiled.php(9045): Illuminate\Session\Middleware\StartSession->handle(Object(Illuminate\Http\Request), Object(Closure))
#31 /home/jonathan/Desktop/annotator/vendor/compiled.php(11908): Illuminate\Pipeline\Pipeline->Illuminate\Pipeline\{closure}(Object(Illuminate\Http\Request))
#32 /home/jonathan/Desktop/annotator/vendor/compiled.php(9045): Illuminate\Cookie\Middleware\AddQueuedCookiesToResponse->handle(Object(Illuminate\Http\Request), Object(Closure))
#33 /home/jonathan/Desktop/annotator/vendor/compiled.php(11857): Illuminate\Pipeline\Pipeline->Illuminate\Pipeline\{closure}(Object(Illuminate\Http\Request))
#34 /home/jonathan/Desktop/annotator/vendor/compiled.php(9045): Illuminate\Cookie\Middleware\EncryptCookies->handle(Object(Illuminate\Http\Request), Object(Closure))
#35 /home/jonathan/Desktop/annotator/vendor/compiled.php(2532): Illuminate\Pipeline\Pipeline->Illuminate\Pipeline\{closure}(Object(Illuminate\Http\Request))
#36 /home/jonathan/Desktop/annotator/vendor/compiled.php(9045): Illuminate\Foundation\Http\Middleware\CheckForMaintenanceMode->handle(Object(Illuminate\Http\Request), Object(Closure))
#37 [internal function]: Illuminate\Pipeline\Pipeline->Illuminate\Pipeline\{closure}(Object(Illuminate\Http\Request))
#38 /home/jonathan/Desktop/annotator/vendor/compiled.php(9036): call_user_func(Object(Closure), Object(Illuminate\Http\Request))
#39 /home/jonathan/Desktop/annotator/vendor/compiled.php(1945): Illuminate\Pipeline\Pipeline->then(Object(Closure))
#40 /home/jonathan/Desktop/annotator/vendor/compiled.php(1932): Illuminate\Foundation\Http\Kernel->sendRequestThroughRouter(Object(Illuminate\Http\Request))
#41 /home/jonathan/Desktop/annotator/public/index.php(53): Illuminate\Foundation\Http\Kernel->handle(Object(Illuminate\Http\Request))
#42 {main}  
[2016-05-26 03:49:04] local.ERROR: exception 'Symfony\Component\Debug\Exception\FatalErrorException' with message 'syntax error, unexpected '¦¦' (T_STRING)' in /home/jonathan/Desktop/annotator/app/AnnotationView.php:7
Stack trace:
#0 {main}  
[2016-05-26 03:49:26] local.ERROR: exception 'Symfony\Component\Debug\Exception\FatalErrorException' with message 'syntax error, unexpected '¦¦' (T_STRING)' in /home/jonathan/Desktop/annotator/app/AnnotationView.php:7
Stack trace:
#0 {main}  
[2016-05-26 03:50:04] local.ERROR: exception 'ErrorException' with message 'Undefined variable: x' in /home/jonathan/Desktop/annotator/app/AnnotationView.php:46
Stack trace:
#0 /home/jonathan/Desktop/annotator/app/AnnotationView.php(46): Illuminate\Foundation\Bootstrap\HandleExceptions->handleError(8, 'Undefined varia...', '/home/jonathan/...', 46, Array)
#1 /home/jonathan/Desktop/annotator/app/Http/Controllers/AnnotationController.php(202): App\AnnotationView::search(Array, -1, 0)
#2 [internal function]: App\Http\Controllers\AnnotationController->search()
#3 /home/jonathan/Desktop/annotator/vendor/compiled.php(8373): call_user_func_array(Array, Array)
#4 /home/jonathan/Desktop/annotator/vendor/compiled.php(8440): Illuminate\Routing\Controller->callAction('search', Array)
#5 /home/jonathan/Desktop/annotator/vendor/compiled.php(8419): Illuminate\Routing\ControllerDispatcher->call(Object(App\Http\Controllers\AnnotationController), Object(Illuminate\Routing\Route), 'search')
#6 [internal function]: Illuminate\Routing\ControllerDispatcher->Illuminate\Routing\{closure}(Object(Illuminate\Http\Request))
#7 /home/jonathan/Desktop/annotator/vendor/compiled.php(9053): call_user_func(Object(Closure), Object(Illuminate\Http\Request))
#8 [internal function]: Illuminate\Pipeline\Pipeline->Illuminate\Pipeline\{closure}(Object(Illuminate\Http\Request))
#9 /home/jonathan/Desktop/annotator/vendor/compiled.php(9036): call_user_func(Object(Closure), Object(Illuminate\Http\Request))
#10 /home/jonathan/Desktop/annotator/vendor/compiled.php(8420): Illuminate\Pipeline\Pipeline->then(Object(Closure))
#11 /home/jonathan/Desktop/annotator/vendor/compiled.php(8406): Illuminate\Routing\ControllerDispatcher->callWithinStack(Object(App\Http\Controllers\AnnotationController), Object(Illuminate\Routing\Route), Object(Illuminate\Http\Request), 'search')
#12 /home/jonathan/Desktop/annotator/vendor/compiled.php(7404): Illuminate\Routing\ControllerDispatcher->dispatch(Object(Illuminate\Routing\Route), Object(Illuminate\Http\Request), 'App\\Http\\Contro...', 'search')
#13 /home/jonathan/Desktop/annotator/vendor/compiled.php(7375): Illuminate\Routing\Route->runWithCustomDispatcher(Object(Illuminate\Http\Request))
#14 /home/jonathan/Desktop/annotator/vendor/compiled.php(7041): Illuminate\Routing\Route->run(Object(Illuminate\Http\Request))
#15 [internal function]: Illuminate\Routing\Router->Illuminate\Routing\{closure}(Object(Illuminate\Http\Request))
#16 /home/jonathan/Desktop/annotator/vendor/compiled.php(9053): call_user_func(Object(Closure), Object(Illuminate\Http\Request))
#17 /home/jonathan/Desktop/annotator/app/Http/Middleware/CrossDomainMiddleWare.php(20): Illuminate\Pipeline\Pipeline->Illuminate\Pipeline\{closure}(Object(Illuminate\Http\Request))
#18 /home/jonathan/Desktop/annotator/vendor/compiled.php(9045): App\Http\Middleware\CrossDomainMiddleWare->handle(Object(Illuminate\Http\Request), Object(Closure))
#19 [internal function]: Illuminate\Pipeline\Pipeline->Illuminate\Pipeline\{closure}(Object(Illuminate\Http\Request))
#20 /home/jonathan/Desktop/annotator/vendor/compiled.php(9036): call_user_func(Object(Closure), Object(Illuminate\Http\Request))
#21 /home/jonathan/Desktop/annotator/vendor/compiled.php(7042): Illuminate\Pipeline\Pipeline->then(Object(Closure))
#22 /home/jonathan/Desktop/annotator/vendor/compiled.php(7031): Illuminate\Routing\Router->runRouteWithinStack(Object(Illuminate\Routing\Route), Object(Illuminate\Http\Request))
#23 /home/jonathan/Desktop/annotator/vendor/compiled.php(7016): Illuminate\Routing\Router->dispatchToRoute(Object(Illuminate\Http\Request))
#24 /home/jonathan/Desktop/annotator/vendor/compiled.php(1989): Illuminate\Routing\Router->dispatch(Object(Illuminate\Http\Request))
#25 [internal function]: Illuminate\Foundation\Http\Kernel->Illuminate\Foundation\Http\{closure}(Object(Illuminate\Http\Request))
#26 /home/jonathan/Desktop/annotator/vendor/compiled.php(9053): call_user_func(Object(Closure), Object(Illuminate\Http\Request))
#27 /home/jonathan/Desktop/annotator/vendor/compiled.php(12202): Illuminate\Pipeline\Pipeline->Illuminate\Pipeline\{closure}(Object(Illuminate\Http\Request))
#28 /home/jonathan/Desktop/annotator/vendor/compiled.php(9045): Illuminate\View\Middleware\ShareErrorsFromSession->handle(Object(Illuminate\Http\Request), Object(Closure))
#29 /home/jonathan/Desktop/annotator/vendor/compiled.php(10903): Illuminate\Pipeline\Pipeline->Illuminate\Pipeline\{closure}(Object(Illuminate\Http\Request))
#30 /home/jonathan/Desktop/annotator/vendor/compiled.php(9045): Illuminate\Session\Middleware\StartSession->handle(Object(Illuminate\Http\Request), Object(Closure))
#31 /home/jonathan/Desktop/annotator/vendor/compiled.php(11908): Illuminate\Pipeline\Pipeline->Illuminate\Pipeline\{closure}(Object(Illuminate\Http\Request))
#32 /home/jonathan/Desktop/annotator/vendor/compiled.php(9045): Illuminate\Cookie\Middleware\AddQueuedCookiesToResponse->handle(Object(Illuminate\Http\Request), Object(Closure))
#33 /home/jonathan/Desktop/annotator/vendor/compiled.php(11857): Illuminate\Pipeline\Pipeline->Illuminate\Pipeline\{closure}(Object(Illuminate\Http\Request))
#34 /home/jonathan/Desktop/annotator/vendor/compiled.php(9045): Illuminate\Cookie\Middleware\EncryptCookies->handle(Object(Illuminate\Http\Request), Object(Closure))
#35 /home/jonathan/Desktop/annotator/vendor/compiled.php(2532): Illuminate\Pipeline\Pipeline->Illuminate\Pipeline\{closure}(Object(Illuminate\Http\Request))
#36 /home/jonathan/Desktop/annotator/vendor/compiled.php(9045): Illuminate\Foundation\Http\Middleware\CheckForMaintenanceMode->handle(Object(Illuminate\Http\Request), Object(Closure))
#37 [internal function]: Illuminate\Pipeline\Pipeline->Illuminate\Pipeline\{closure}(Object(Illuminate\Http\Request))
#38 /home/jonathan/Desktop/annotator/vendor/compiled.php(9036): call_user_func(Object(Closure), Object(Illuminate\Http\Request))
#39 /home/jonathan/Desktop/annotator/vendor/compiled.php(1945): Illuminate\Pipeline\Pipeline->then(Object(Closure))
#40 /home/jonathan/Desktop/annotator/vendor/compiled.php(1932): Illuminate\Foundation\Http\Kernel->sendRequestThroughRouter(Object(Illuminate\Http\Request))
#41 /home/jonathan/Desktop/annotator/public/index.php(53): Illuminate\Foundation\Http\Kernel->handle(Object(Illuminate\Http\Request))
#42 {main}  
[2016-05-26 03:57:09] local.ERROR: exception 'ErrorException' with message 'Undefined variable: x' in /home/jonathan/Desktop/annotator/app/AnnotationView.php:39
Stack trace:
#0 /home/jonathan/Desktop/annotator/app/AnnotationView.php(39): Illuminate\Foundation\Bootstrap\HandleExceptions->handleError(8, 'Undefined varia...', '/home/jonathan/...', 39, Array)
#1 /home/jonathan/Desktop/annotator/app/Http/Controllers/AnnotationController.php(202): App\AnnotationView::search(Array, -1, 0)
#2 [internal function]: App\Http\Controllers\AnnotationController->search()
#3 /home/jonathan/Desktop/annotator/vendor/compiled.php(8373): call_user_func_array(Array, Array)
#4 /home/jonathan/Desktop/annotator/vendor/compiled.php(8440): Illuminate\Routing\Controller->callAction('search', Array)
#5 /home/jonathan/Desktop/annotator/vendor/compiled.php(8419): Illuminate\Routing\ControllerDispatcher->call(Object(App\Http\Controllers\AnnotationController), Object(Illuminate\Routing\Route), 'search')
#6 [internal function]: Illuminate\Routing\ControllerDispatcher->Illuminate\Routing\{closure}(Object(Illuminate\Http\Request))
#7 /home/jonathan/Desktop/annotator/vendor/compiled.php(9053): call_user_func(Object(Closure), Object(Illuminate\Http\Request))
#8 [internal function]: Illuminate\Pipeline\Pipeline->Illuminate\Pipeline\{closure}(Object(Illuminate\Http\Request))
#9 /home/jonathan/Desktop/annotator/vendor/compiled.php(9036): call_user_func(Object(Closure), Object(Illuminate\Http\Request))
#10 /home/jonathan/Desktop/annotator/vendor/compiled.php(8420): Illuminate\Pipeline\Pipeline->then(Object(Closure))
#11 /home/jonathan/Desktop/annotator/vendor/compiled.php(8406): Illuminate\Routing\ControllerDispatcher->callWithinStack(Object(App\Http\Controllers\AnnotationController), Object(Illuminate\Routing\Route), Object(Illuminate\Http\Request), 'search')
#12 /home/jonathan/Desktop/annotator/vendor/compiled.php(7404): Illuminate\Routing\ControllerDispatcher->dispatch(Object(Illuminate\Routing\Route), Object(Illuminate\Http\Request), 'App\\Http\\Contro...', 'search')
#13 /home/jonathan/Desktop/annotator/vendor/compiled.php(7375): Illuminate\Routing\Route->runWithCustomDispatcher(Object(Illuminate\Http\Request))
#14 /home/jonathan/Desktop/annotator/vendor/compiled.php(7041): Illuminate\Routing\Route->run(Object(Illuminate\Http\Request))
#15 [internal function]: Illuminate\Routing\Router->Illuminate\Routing\{closure}(Object(Illuminate\Http\Request))
#16 /home/jonathan/Desktop/annotator/vendor/compiled.php(9053): call_user_func(Object(Closure), Object(Illuminate\Http\Request))
#17 /home/jonathan/Desktop/annotator/app/Http/Middleware/CrossDomainMiddleWare.php(20): Illuminate\Pipeline\Pipeline->Illuminate\Pipeline\{closure}(Object(Illuminate\Http\Request))
#18 /home/jonathan/Desktop/annotator/vendor/compiled.php(9045): App\Http\Middleware\CrossDomainMiddleWare->handle(Object(Illuminate\Http\Request), Object(Closure))
#19 [internal function]: Illuminate\Pipeline\Pipeline->Illuminate\Pipeline\{closure}(Object(Illuminate\Http\Request))
#20 /home/jonathan/Desktop/annotator/vendor/compiled.php(9036): call_user_func(Object(Closure), Object(Illuminate\Http\Request))
#21 /home/jonathan/Desktop/annotator/vendor/compiled.php(7042): Illuminate\Pipeline\Pipeline->then(Object(Closure))
#22 /home/jonathan/Desktop/annotator/vendor/compiled.php(7031): Illuminate\Routing\Router->runRouteWithinStack(Object(Illuminate\Routing\Route), Object(Illuminate\Http\Request))
#23 /home/jonathan/Desktop/annotator/vendor/compiled.php(7016): Illuminate\Routing\Router->dispatchToRoute(Object(Illuminate\Http\Request))
#24 /home/jonathan/Desktop/annotator/vendor/compiled.php(1989): Illuminate\Routing\Router->dispatch(Object(Illuminate\Http\Request))
#25 [internal function]: Illuminate\Foundation\Http\Kernel->Illuminate\Foundation\Http\{closure}(Object(Illuminate\Http\Request))
#26 /home/jonathan/Desktop/annotator/vendor/compiled.php(9053): call_user_func(Object(Closure), Object(Illuminate\Http\Request))
#27 /home/jonathan/Desktop/annotator/vendor/compiled.php(12202): Illuminate\Pipeline\Pipeline->Illuminate\Pipeline\{closure}(Object(Illuminate\Http\Request))
#28 /home/jonathan/Desktop/annotator/vendor/compiled.php(9045): Illuminate\View\Middleware\ShareErrorsFromSession->handle(Object(Illuminate\Http\Request), Object(Closure))
#29 /home/jonathan/Desktop/annotator/vendor/compiled.php(10903): Illuminate\Pipeline\Pipeline->Illuminate\Pipeline\{closure}(Object(Illuminate\Http\Request))
#30 /home/jonathan/Desktop/annotator/vendor/compiled.php(9045): Illuminate\Session\Middleware\StartSession->handle(Object(Illuminate\Http\Request), Object(Closure))
#31 /home/jonathan/Desktop/annotator/vendor/compiled.php(11908): Illuminate\Pipeline\Pipeline->Illuminate\Pipeline\{closure}(Object(Illuminate\Http\Request))
#32 /home/jonathan/Desktop/annotator/vendor/compiled.php(9045): Illuminate\Cookie\Middleware\AddQueuedCookiesToResponse->handle(Object(Illuminate\Http\Request), Object(Closure))
#33 /home/jonathan/Desktop/annotator/vendor/compiled.php(11857): Illuminate\Pipeline\Pipeline->Illuminate\Pipeline\{closure}(Object(Illuminate\Http\Request))
#34 /home/jonathan/Desktop/annotator/vendor/compiled.php(9045): Illuminate\Cookie\Middleware\EncryptCookies->handle(Object(Illuminate\Http\Request), Object(Closure))
#35 /home/jonathan/Desktop/annotator/vendor/compiled.php(2532): Illuminate\Pipeline\Pipeline->Illuminate\Pipeline\{closure}(Object(Illuminate\Http\Request))
#36 /home/jonathan/Desktop/annotator/vendor/compiled.php(9045): Illuminate\Foundation\Http\Middleware\CheckForMaintenanceMode->handle(Object(Illuminate\Http\Request), Object(Closure))
#37 [internal function]: Illuminate\Pipeline\Pipeline->Illuminate\Pipeline\{closure}(Object(Illuminate\Http\Request))
#38 /home/jonathan/Desktop/annotator/vendor/compiled.php(9036): call_user_func(Object(Closure), Object(Illuminate\Http\Request))
#39 /home/jonathan/Desktop/annotator/vendor/compiled.php(1945): Illuminate\Pipeline\Pipeline->then(Object(Closure))
#40 /home/jonathan/Desktop/annotator/vendor/compiled.php(1932): Illuminate\Foundation\Http\Kernel->sendRequestThroughRouter(Object(Illuminate\Http\Request))
#41 /home/jonathan/Desktop/annotator/public/index.php(53): Illuminate\Foundation\Http\Kernel->handle(Object(Illuminate\Http\Request))
#42 {main}  
[2016-05-26 03:57:29] local.ERROR: exception 'ErrorException' with message 'Undefined variable: x' in /home/jonathan/Desktop/annotator/app/AnnotationView.php:39
Stack trace:
#0 /home/jonathan/Desktop/annotator/app/AnnotationView.php(39): Illuminate\Foundation\Bootstrap\HandleExceptions->handleError(8, 'Undefined varia...', '/home/jonathan/...', 39, Array)
#1 /home/jonathan/Desktop/annotator/app/Http/Controllers/AnnotationController.php(202): App\AnnotationView::search(Array, -1, 0)
#2 [internal function]: App\Http\Controllers\AnnotationController->search()
#3 /home/jonathan/Desktop/annotator/vendor/compiled.php(8373): call_user_func_array(Array, Array)
#4 /home/jonathan/Desktop/annotator/vendor/compiled.php(8440): Illuminate\Routing\Controller->callAction('search', Array)
#5 /home/jonathan/Desktop/annotator/vendor/compiled.php(8419): Illuminate\Routing\ControllerDispatcher->call(Object(App\Http\Controllers\AnnotationController), Object(Illuminate\Routing\Route), 'search')
#6 [internal function]: Illuminate\Routing\ControllerDispatcher->Illuminate\Routing\{closure}(Object(Illuminate\Http\Request))
#7 /home/jonathan/Desktop/annotator/vendor/compiled.php(9053): call_user_func(Object(Closure), Object(Illuminate\Http\Request))
#8 [internal function]: Illuminate\Pipeline\Pipeline->Illuminate\Pipeline\{closure}(Object(Illuminate\Http\Request))
#9 /home/jonathan/Desktop/annotator/vendor/compiled.php(9036): call_user_func(Object(Closure), Object(Illuminate\Http\Request))
#10 /home/jonathan/Desktop/annotator/vendor/compiled.php(8420): Illuminate\Pipeline\Pipeline->then(Object(Closure))
#11 /home/jonathan/Desktop/annotator/vendor/compiled.php(8406): Illuminate\Routing\ControllerDispatcher->callWithinStack(Object(App\Http\Controllers\AnnotationController), Object(Illuminate\Routing\Route), Object(Illuminate\Http\Request), 'search')
#12 /home/jonathan/Desktop/annotator/vendor/compiled.php(7404): Illuminate\Routing\ControllerDispatcher->dispatch(Object(Illuminate\Routing\Route), Object(Illuminate\Http\Request), 'App\\Http\\Contro...', 'search')
#13 /home/jonathan/Desktop/annotator/vendor/compiled.php(7375): Illuminate\Routing\Route->runWithCustomDispatcher(Object(Illuminate\Http\Request))
#14 /home/jonathan/Desktop/annotator/vendor/compiled.php(7041): Illuminate\Routing\Route->run(Object(Illuminate\Http\Request))
#15 [internal function]: Illuminate\Routing\Router->Illuminate\Routing\{closure}(Object(Illuminate\Http\Request))
#16 /home/jonathan/Desktop/annotator/vendor/compiled.php(9053): call_user_func(Object(Closure), Object(Illuminate\Http\Request))
#17 /home/jonathan/Desktop/annotator/app/Http/Middleware/CrossDomainMiddleWare.php(20): Illuminate\Pipeline\Pipeline->Illuminate\Pipeline\{closure}(Object(Illuminate\Http\Request))
#18 /home/jonathan/Desktop/annotator/vendor/compiled.php(9045): App\Http\Middleware\CrossDomainMiddleWare->handle(Object(Illuminate\Http\Request), Object(Closure))
#19 [internal function]: Illuminate\Pipeline\Pipeline->Illuminate\Pipeline\{closure}(Object(Illuminate\Http\Request))
#20 /home/jonathan/Desktop/annotator/vendor/compiled.php(9036): call_user_func(Object(Closure), Object(Illuminate\Http\Request))
#21 /home/jonathan/Desktop/annotator/vendor/compiled.php(7042): Illuminate\Pipeline\Pipeline->then(Object(Closure))
#22 /home/jonathan/Desktop/annotator/vendor/compiled.php(7031): Illuminate\Routing\Router->runRouteWithinStack(Object(Illuminate\Routing\Route), Object(Illuminate\Http\Request))
#23 /home/jonathan/Desktop/annotator/vendor/compiled.php(7016): Illuminate\Routing\Router->dispatchToRoute(Object(Illuminate\Http\Request))
#24 /home/jonathan/Desktop/annotator/vendor/compiled.php(1989): Illuminate\Routing\Router->dispatch(Object(Illuminate\Http\Request))
#25 [internal function]: Illuminate\Foundation\Http\Kernel->Illuminate\Foundation\Http\{closure}(Object(Illuminate\Http\Request))
#26 /home/jonathan/Desktop/annotator/vendor/compiled.php(9053): call_user_func(Object(Closure), Object(Illuminate\Http\Request))
#27 /home/jonathan/Desktop/annotator/vendor/compiled.php(12202): Illuminate\Pipeline\Pipeline->Illuminate\Pipeline\{closure}(Object(Illuminate\Http\Request))
#28 /home/jonathan/Desktop/annotator/vendor/compiled.php(9045): Illuminate\View\Middleware\ShareErrorsFromSession->handle(Object(Illuminate\Http\Request), Object(Closure))
#29 /home/jonathan/Desktop/annotator/vendor/compiled.php(10903): Illuminate\Pipeline\Pipeline->Illuminate\Pipeline\{closure}(Object(Illuminate\Http\Request))
#30 /home/jonathan/Desktop/annotator/vendor/compiled.php(9045): Illuminate\Session\Middleware\StartSession->handle(Object(Illuminate\Http\Request), Object(Closure))
#31 /home/jonathan/Desktop/annotator/vendor/compiled.php(11908): Illuminate\Pipeline\Pipeline->Illuminate\Pipeline\{closure}(Object(Illuminate\Http\Request))
#32 /home/jonathan/Desktop/annotator/vendor/compiled.php(9045): Illuminate\Cookie\Middleware\AddQueuedCookiesToResponse->handle(Object(Illuminate\Http\Request), Object(Closure))
#33 /home/jonathan/Desktop/annotator/vendor/compiled.php(11857): Illuminate\Pipeline\Pipeline->Illuminate\Pipeline\{closure}(Object(Illuminate\Http\Request))
#34 /home/jonathan/Desktop/annotator/vendor/compiled.php(9045): Illuminate\Cookie\Middleware\EncryptCookies->handle(Object(Illuminate\Http\Request), Object(Closure))
#35 /home/jonathan/Desktop/annotator/vendor/compiled.php(2532): Illuminate\Pipeline\Pipeline->Illuminate\Pipeline\{closure}(Object(Illuminate\Http\Request))
#36 /home/jonathan/Desktop/annotator/vendor/compiled.php(9045): Illuminate\Foundation\Http\Middleware\CheckForMaintenanceMode->handle(Object(Illuminate\Http\Request), Object(Closure))
#37 [internal function]: Illuminate\Pipeline\Pipeline->Illuminate\Pipeline\{closure}(Object(Illuminate\Http\Request))
#38 /home/jonathan/Desktop/annotator/vendor/compiled.php(9036): call_user_func(Object(Closure), Object(Illuminate\Http\Request))
#39 /home/jonathan/Desktop/annotator/vendor/compiled.php(1945): Illuminate\Pipeline\Pipeline->then(Object(Closure))
#40 /home/jonathan/Desktop/annotator/vendor/compiled.php(1932): Illuminate\Foundation\Http\Kernel->sendRequestThroughRouter(Object(Illuminate\Http\Request))
#41 /home/jonathan/Desktop/annotator/public/index.php(53): Illuminate\Foundation\Http\Kernel->handle(Object(Illuminate\Http\Request))
#42 {main}  
[2016-05-26 04:05:57] local.ERROR: exception 'Symfony\Component\Debug\Exception\FatalErrorException' with message 'Call to undefined function App\debug_to_console()' in /home/jonathan/Desktop/annotator/app/AnnotationView.php:45
Stack trace:
#0 {main}  
[2016-05-26 04:06:07] local.ERROR: exception 'Symfony\Component\Debug\Exception\FatalErrorException' with message 'Call to undefined function App\debug_to_console()' in /home/jonathan/Desktop/annotator/app/AnnotationView.php:45
Stack trace:
#0 {main}  
[2016-05-26 04:06:21] local.ERROR: exception 'Symfony\Component\Debug\Exception\FatalErrorException' with message 'Call to undefined function App\debug_to_console()' in /home/jonathan/Desktop/annotator/app/AnnotationView.php:45
Stack trace:
#0 {main}  
[2016-05-26 04:06:24] local.ERROR: exception 'Symfony\Component\Debug\Exception\FatalErrorException' with message 'Call to undefined function App\debug_to_console()' in /home/jonathan/Desktop/annotator/app/AnnotationView.php:45
Stack trace:
#0 {main}  
[2016-05-26 04:06:29] local.ERROR: exception 'Symfony\Component\Debug\Exception\FatalErrorException' with message 'Call to undefined function App\debug_to_console()' in /home/jonathan/Desktop/annotator/app/AnnotationView.php:45
Stack trace:
#0 {main}  
[2016-05-26 04:07:14] local.ERROR: exception 'Symfony\Component\Debug\Exception\FatalErrorException' with message 'Call to undefined function App\debug_to_console()' in /home/jonathan/Desktop/annotator/app/AnnotationView.php:45
Stack trace:
#0 {main}  
[2016-05-26 06:42:38] local.ERROR: exception 'ErrorException' with message 'Undefined offset: 4' in /home/jonathan/Desktop/annotator/app/AnnotationView.php:50
Stack trace:
#0 /home/jonathan/Desktop/annotator/app/AnnotationView.php(50): Illuminate\Foundation\Bootstrap\HandleExceptions->handleError(8, 'Undefined offse...', '/home/jonathan/...', 50, Array)
#1 /home/jonathan/Desktop/annotator/app/Http/Controllers/AnnotationController.php(202): App\AnnotationView::search(Array, -1, 0)
#2 [internal function]: App\Http\Controllers\AnnotationController->search()
#3 /home/jonathan/Desktop/annotator/vendor/compiled.php(8373): call_user_func_array(Array, Array)
#4 /home/jonathan/Desktop/annotator/vendor/compiled.php(8440): Illuminate\Routing\Controller->callAction('search', Array)
#5 /home/jonathan/Desktop/annotator/vendor/compiled.php(8419): Illuminate\Routing\ControllerDispatcher->call(Object(App\Http\Controllers\AnnotationController), Object(Illuminate\Routing\Route), 'search')
#6 [internal function]: Illuminate\Routing\ControllerDispatcher->Illuminate\Routing\{closure}(Object(Illuminate\Http\Request))
#7 /home/jonathan/Desktop/annotator/vendor/compiled.php(9053): call_user_func(Object(Closure), Object(Illuminate\Http\Request))
#8 [internal function]: Illuminate\Pipeline\Pipeline->Illuminate\Pipeline\{closure}(Object(Illuminate\Http\Request))
#9 /home/jonathan/Desktop/annotator/vendor/compiled.php(9036): call_user_func(Object(Closure), Object(Illuminate\Http\Request))
#10 /home/jonathan/Desktop/annotator/vendor/compiled.php(8420): Illuminate\Pipeline\Pipeline->then(Object(Closure))
#11 /home/jonathan/Desktop/annotator/vendor/compiled.php(8406): Illuminate\Routing\ControllerDispatcher->callWithinStack(Object(App\Http\Controllers\AnnotationController), Object(Illuminate\Routing\Route), Object(Illuminate\Http\Request), 'search')
#12 /home/jonathan/Desktop/annotator/vendor/compiled.php(7404): Illuminate\Routing\ControllerDispatcher->dispatch(Object(Illuminate\Routing\Route), Object(Illuminate\Http\Request), 'App\\Http\\Contro...', 'search')
#13 /home/jonathan/Desktop/annotator/vendor/compiled.php(7375): Illuminate\Routing\Route->runWithCustomDispatcher(Object(Illuminate\Http\Request))
#14 /home/jonathan/Desktop/annotator/vendor/compiled.php(7041): Illuminate\Routing\Route->run(Object(Illuminate\Http\Request))
#15 [internal function]: Illuminate\Routing\Router->Illuminate\Routing\{closure}(Object(Illuminate\Http\Request))
#16 /home/jonathan/Desktop/annotator/vendor/compiled.php(9053): call_user_func(Object(Closure), Object(Illuminate\Http\Request))
#17 /home/jonathan/Desktop/annotator/app/Http/Middleware/CrossDomainMiddleWare.php(20): Illuminate\Pipeline\Pipeline->Illuminate\Pipeline\{closure}(Object(Illuminate\Http\Request))
#18 /home/jonathan/Desktop/annotator/vendor/compiled.php(9045): App\Http\Middleware\CrossDomainMiddleWare->handle(Object(Illuminate\Http\Request), Object(Closure))
#19 [internal function]: Illuminate\Pipeline\Pipeline->Illuminate\Pipeline\{closure}(Object(Illuminate\Http\Request))
#20 /home/jonathan/Desktop/annotator/vendor/compiled.php(9036): call_user_func(Object(Closure), Object(Illuminate\Http\Request))
#21 /home/jonathan/Desktop/annotator/vendor/compiled.php(7042): Illuminate\Pipeline\Pipeline->then(Object(Closure))
#22 /home/jonathan/Desktop/annotator/vendor/compiled.php(7031): Illuminate\Routing\Router->runRouteWithinStack(Object(Illuminate\Routing\Route), Object(Illuminate\Http\Request))
#23 /home/jonathan/Desktop/annotator/vendor/compiled.php(7016): Illuminate\Routing\Router->dispatchToRoute(Object(Illuminate\Http\Request))
#24 /home/jonathan/Desktop/annotator/vendor/compiled.php(1989): Illuminate\Routing\Router->dispatch(Object(Illuminate\Http\Request))
#25 [internal function]: Illuminate\Foundation\Http\Kernel->Illuminate\Foundation\Http\{closure}(Object(Illuminate\Http\Request))
#26 /home/jonathan/Desktop/annotator/vendor/compiled.php(9053): call_user_func(Object(Closure), Object(Illuminate\Http\Request))
#27 /home/jonathan/Desktop/annotator/vendor/compiled.php(12202): Illuminate\Pipeline\Pipeline->Illuminate\Pipeline\{closure}(Object(Illuminate\Http\Request))
#28 /home/jonathan/Desktop/annotator/vendor/compiled.php(9045): Illuminate\View\Middleware\ShareErrorsFromSession->handle(Object(Illuminate\Http\Request), Object(Closure))
#29 /home/jonathan/Desktop/annotator/vendor/compiled.php(10903): Illuminate\Pipeline\Pipeline->Illuminate\Pipeline\{closure}(Object(Illuminate\Http\Request))
#30 /home/jonathan/Desktop/annotator/vendor/compiled.php(9045): Illuminate\Session\Middleware\StartSession->handle(Object(Illuminate\Http\Request), Object(Closure))
#31 /home/jonathan/Desktop/annotator/vendor/compiled.php(11908): Illuminate\Pipeline\Pipeline->Illuminate\Pipeline\{closure}(Object(Illuminate\Http\Request))
#32 /home/jonathan/Desktop/annotator/vendor/compiled.php(9045): Illuminate\Cookie\Middleware\AddQueuedCookiesToResponse->handle(Object(Illuminate\Http\Request), Object(Closure))
#33 /home/jonathan/Desktop/annotator/vendor/compiled.php(11857): Illuminate\Pipeline\Pipeline->Illuminate\Pipeline\{closure}(Object(Illuminate\Http\Request))
#34 /home/jonathan/Desktop/annotator/vendor/compiled.php(9045): Illuminate\Cookie\Middleware\EncryptCookies->handle(Object(Illuminate\Http\Request), Object(Closure))
#35 /home/jonathan/Desktop/annotator/vendor/compiled.php(2532): Illuminate\Pipeline\Pipeline->Illuminate\Pipeline\{closure}(Object(Illuminate\Http\Request))
#36 /home/jonathan/Desktop/annotator/vendor/compiled.php(9045): Illuminate\Foundation\Http\Middleware\CheckForMaintenanceMode->handle(Object(Illuminate\Http\Request), Object(Closure))
#37 [internal function]: Illuminate\Pipeline\Pipeline->Illuminate\Pipeline\{closure}(Object(Illuminate\Http\Request))
#38 /home/jonathan/Desktop/annotator/vendor/compiled.php(9036): call_user_func(Object(Closure), Object(Illuminate\Http\Request))
#39 /home/jonathan/Desktop/annotator/vendor/compiled.php(1945): Illuminate\Pipeline\Pipeline->then(Object(Closure))
#40 /home/jonathan/Desktop/annotator/vendor/compiled.php(1932): Illuminate\Foundation\Http\Kernel->sendRequestThroughRouter(Object(Illuminate\Http\Request))
#41 /home/jonathan/Desktop/annotator/public/index.php(53): Illuminate\Foundation\Http\Kernel->handle(Object(Illuminate\Http\Request))
#42 {main}  
[2016-05-26 06:44:46] local.ERROR: exception 'ErrorException' with message 'Undefined offset: 5' in /home/jonathan/Desktop/annotator/app/AnnotationView.php:43
Stack trace:
#0 /home/jonathan/Desktop/annotator/app/AnnotationView.php(43): Illuminate\Foundation\Bootstrap\HandleExceptions->handleError(8, 'Undefined offse...', '/home/jonathan/...', 43, Array)
#1 /home/jonathan/Desktop/annotator/app/Http/Controllers/AnnotationController.php(202): App\AnnotationView::search(Array, -1, 0)
#2 [internal function]: App\Http\Controllers\AnnotationController->search()
#3 /home/jonathan/Desktop/annotator/vendor/compiled.php(8373): call_user_func_array(Array, Array)
#4 /home/jonathan/Desktop/annotator/vendor/compiled.php(8440): Illuminate\Routing\Controller->callAction('search', Array)
#5 /home/jonathan/Desktop/annotator/vendor/compiled.php(8419): Illuminate\Routing\ControllerDispatcher->call(Object(App\Http\Controllers\AnnotationController), Object(Illuminate\Routing\Route), 'search')
#6 [internal function]: Illuminate\Routing\ControllerDispatcher->Illuminate\Routing\{closure}(Object(Illuminate\Http\Request))
#7 /home/jonathan/Desktop/annotator/vendor/compiled.php(9053): call_user_func(Object(Closure), Object(Illuminate\Http\Request))
#8 [internal function]: Illuminate\Pipeline\Pipeline->Illuminate\Pipeline\{closure}(Object(Illuminate\Http\Request))
#9 /home/jonathan/Desktop/annotator/vendor/compiled.php(9036): call_user_func(Object(Closure), Object(Illuminate\Http\Request))
#10 /home/jonathan/Desktop/annotator/vendor/compiled.php(8420): Illuminate\Pipeline\Pipeline->then(Object(Closure))
#11 /home/jonathan/Desktop/annotator/vendor/compiled.php(8406): Illuminate\Routing\ControllerDispatcher->callWithinStack(Object(App\Http\Controllers\AnnotationController), Object(Illuminate\Routing\Route), Object(Illuminate\Http\Request), 'search')
#12 /home/jonathan/Desktop/annotator/vendor/compiled.php(7404): Illuminate\Routing\ControllerDispatcher->dispatch(Object(Illuminate\Routing\Route), Object(Illuminate\Http\Request), 'App\\Http\\Contro...', 'search')
#13 /home/jonathan/Desktop/annotator/vendor/compiled.php(7375): Illuminate\Routing\Route->runWithCustomDispatcher(Object(Illuminate\Http\Request))
#14 /home/jonathan/Desktop/annotator/vendor/compiled.php(7041): Illuminate\Routing\Route->run(Object(Illuminate\Http\Request))
#15 [internal function]: Illuminate\Routing\Router->Illuminate\Routing\{closure}(Object(Illuminate\Http\Request))
#16 /home/jonathan/Desktop/annotator/vendor/compiled.php(9053): call_user_func(Object(Closure), Object(Illuminate\Http\Request))
#17 /home/jonathan/Desktop/annotator/app/Http/Middleware/CrossDomainMiddleWare.php(20): Illuminate\Pipeline\Pipeline->Illuminate\Pipeline\{closure}(Object(Illuminate\Http\Request))
#18 /home/jonathan/Desktop/annotator/vendor/compiled.php(9045): App\Http\Middleware\CrossDomainMiddleWare->handle(Object(Illuminate\Http\Request), Object(Closure))
#19 [internal function]: Illuminate\Pipeline\Pipeline->Illuminate\Pipeline\{closure}(Object(Illuminate\Http\Request))
#20 /home/jonathan/Desktop/annotator/vendor/compiled.php(9036): call_user_func(Object(Closure), Object(Illuminate\Http\Request))
#21 /home/jonathan/Desktop/annotator/vendor/compiled.php(7042): Illuminate\Pipeline\Pipeline->then(Object(Closure))
#22 /home/jonathan/Desktop/annotator/vendor/compiled.php(7031): Illuminate\Routing\Router->runRouteWithinStack(Object(Illuminate\Routing\Route), Object(Illuminate\Http\Request))
#23 /home/jonathan/Desktop/annotator/vendor/compiled.php(7016): Illuminate\Routing\Router->dispatchToRoute(Object(Illuminate\Http\Request))
#24 /home/jonathan/Desktop/annotator/vendor/compiled.php(1989): Illuminate\Routing\Router->dispatch(Object(Illuminate\Http\Request))
#25 [internal function]: Illuminate\Foundation\Http\Kernel->Illuminate\Foundation\Http\{closure}(Object(Illuminate\Http\Request))
#26 /home/jonathan/Desktop/annotator/vendor/compiled.php(9053): call_user_func(Object(Closure), Object(Illuminate\Http\Request))
#27 /home/jonathan/Desktop/annotator/vendor/compiled.php(12202): Illuminate\Pipeline\Pipeline->Illuminate\Pipeline\{closure}(Object(Illuminate\Http\Request))
#28 /home/jonathan/Desktop/annotator/vendor/compiled.php(9045): Illuminate\View\Middleware\ShareErrorsFromSession->handle(Object(Illuminate\Http\Request), Object(Closure))
#29 /home/jonathan/Desktop/annotator/vendor/compiled.php(10903): Illuminate\Pipeline\Pipeline->Illuminate\Pipeline\{closure}(Object(Illuminate\Http\Request))
#30 /home/jonathan/Desktop/annotator/vendor/compiled.php(9045): Illuminate\Session\Middleware\StartSession->handle(Object(Illuminate\Http\Request), Object(Closure))
#31 /home/jonathan/Desktop/annotator/vendor/compiled.php(11908): Illuminate\Pipeline\Pipeline->Illuminate\Pipeline\{closure}(Object(Illuminate\Http\Request))
#32 /home/jonathan/Desktop/annotator/vendor/compiled.php(9045): Illuminate\Cookie\Middleware\AddQueuedCookiesToResponse->handle(Object(Illuminate\Http\Request), Object(Closure))
#33 /home/jonathan/Desktop/annotator/vendor/compiled.php(11857): Illuminate\Pipeline\Pipeline->Illuminate\Pipeline\{closure}(Object(Illuminate\Http\Request))
#34 /home/jonathan/Desktop/annotator/vendor/compiled.php(9045): Illuminate\Cookie\Middleware\EncryptCookies->handle(Object(Illuminate\Http\Request), Object(Closure))
#35 /home/jonathan/Desktop/annotator/vendor/compiled.php(2532): Illuminate\Pipeline\Pipeline->Illuminate\Pipeline\{closure}(Object(Illuminate\Http\Request))
#36 /home/jonathan/Desktop/annotator/vendor/compiled.php(9045): Illuminate\Foundation\Http\Middleware\CheckForMaintenanceMode->handle(Object(Illuminate\Http\Request), Object(Closure))
#37 [internal function]: Illuminate\Pipeline\Pipeline->Illuminate\Pipeline\{closure}(Object(Illuminate\Http\Request))
#38 /home/jonathan/Desktop/annotator/vendor/compiled.php(9036): call_user_func(Object(Closure), Object(Illuminate\Http\Request))
#39 /home/jonathan/Desktop/annotator/vendor/compiled.php(1945): Illuminate\Pipeline\Pipeline->then(Object(Closure))
#40 /home/jonathan/Desktop/annotator/vendor/compiled.php(1932): Illuminate\Foundation\Http\Kernel->sendRequestThroughRouter(Object(Illuminate\Http\Request))
#41 /home/jonathan/Desktop/annotator/public/index.php(53): Illuminate\Foundation\Http\Kernel->handle(Object(Illuminate\Http\Request))
#42 {main}  
[2016-05-26 06:45:05] local.ERROR: exception 'ErrorException' with message 'Undefined offset: 5' in /home/jonathan/Desktop/annotator/app/AnnotationView.php:43
Stack trace:
#0 /home/jonathan/Desktop/annotator/app/AnnotationView.php(43): Illuminate\Foundation\Bootstrap\HandleExceptions->handleError(8, 'Undefined offse...', '/home/jonathan/...', 43, Array)
#1 /home/jonathan/Desktop/annotator/app/Http/Controllers/AnnotationController.php(202): App\AnnotationView::search(Array, -1, 0)
#2 [internal function]: App\Http\Controllers\AnnotationController->search()
#3 /home/jonathan/Desktop/annotator/vendor/compiled.php(8373): call_user_func_array(Array, Array)
#4 /home/jonathan/Desktop/annotator/vendor/compiled.php(8440): Illuminate\Routing\Controller->callAction('search', Array)
#5 /home/jonathan/Desktop/annotator/vendor/compiled.php(8419): Illuminate\Routing\ControllerDispatcher->call(Object(App\Http\Controllers\AnnotationController), Object(Illuminate\Routing\Route), 'search')
#6 [internal function]: Illuminate\Routing\ControllerDispatcher->Illuminate\Routing\{closure}(Object(Illuminate\Http\Request))
#7 /home/jonathan/Desktop/annotator/vendor/compiled.php(9053): call_user_func(Object(Closure), Object(Illuminate\Http\Request))
#8 [internal function]: Illuminate\Pipeline\Pipeline->Illuminate\Pipeline\{closure}(Object(Illuminate\Http\Request))
#9 /home/jonathan/Desktop/annotator/vendor/compiled.php(9036): call_user_func(Object(Closure), Object(Illuminate\Http\Request))
#10 /home/jonathan/Desktop/annotator/vendor/compiled.php(8420): Illuminate\Pipeline\Pipeline->then(Object(Closure))
#11 /home/jonathan/Desktop/annotator/vendor/compiled.php(8406): Illuminate\Routing\ControllerDispatcher->callWithinStack(Object(App\Http\Controllers\AnnotationController), Object(Illuminate\Routing\Route), Object(Illuminate\Http\Request), 'search')
#12 /home/jonathan/Desktop/annotator/vendor/compiled.php(7404): Illuminate\Routing\ControllerDispatcher->dispatch(Object(Illuminate\Routing\Route), Object(Illuminate\Http\Request), 'App\\Http\\Contro...', 'search')
#13 /home/jonathan/Desktop/annotator/vendor/compiled.php(7375): Illuminate\Routing\Route->runWithCustomDispatcher(Object(Illuminate\Http\Request))
#14 /home/jonathan/Desktop/annotator/vendor/compiled.php(7041): Illuminate\Routing\Route->run(Object(Illuminate\Http\Request))
#15 [internal function]: Illuminate\Routing\Router->Illuminate\Routing\{closure}(Object(Illuminate\Http\Request))
#16 /home/jonathan/Desktop/annotator/vendor/compiled.php(9053): call_user_func(Object(Closure), Object(Illuminate\Http\Request))
#17 /home/jonathan/Desktop/annotator/app/Http/Middleware/CrossDomainMiddleWare.php(20): Illuminate\Pipeline\Pipeline->Illuminate\Pipeline\{closure}(Object(Illuminate\Http\Request))
#18 /home/jonathan/Desktop/annotator/vendor/compiled.php(9045): App\Http\Middleware\CrossDomainMiddleWare->handle(Object(Illuminate\Http\Request), Object(Closure))
#19 [internal function]: Illuminate\Pipeline\Pipeline->Illuminate\Pipeline\{closure}(Object(Illuminate\Http\Request))
#20 /home/jonathan/Desktop/annotator/vendor/compiled.php(9036): call_user_func(Object(Closure), Object(Illuminate\Http\Request))
#21 /home/jonathan/Desktop/annotator/vendor/compiled.php(7042): Illuminate\Pipeline\Pipeline->then(Object(Closure))
#22 /home/jonathan/Desktop/annotator/vendor/compiled.php(7031): Illuminate\Routing\Router->runRouteWithinStack(Object(Illuminate\Routing\Route), Object(Illuminate\Http\Request))
#23 /home/jonathan/Desktop/annotator/vendor/compiled.php(7016): Illuminate\Routing\Router->dispatchToRoute(Object(Illuminate\Http\Request))
#24 /home/jonathan/Desktop/annotator/vendor/compiled.php(1989): Illuminate\Routing\Router->dispatch(Object(Illuminate\Http\Request))
#25 [internal function]: Illuminate\Foundation\Http\Kernel->Illuminate\Foundation\Http\{closure}(Object(Illuminate\Http\Request))
#26 /home/jonathan/Desktop/annotator/vendor/compiled.php(9053): call_user_func(Object(Closure), Object(Illuminate\Http\Request))
#27 /home/jonathan/Desktop/annotator/vendor/compiled.php(12202): Illuminate\Pipeline\Pipeline->Illuminate\Pipeline\{closure}(Object(Illuminate\Http\Request))
#28 /home/jonathan/Desktop/annotator/vendor/compiled.php(9045): Illuminate\View\Middleware\ShareErrorsFromSession->handle(Object(Illuminate\Http\Request), Object(Closure))
#29 /home/jonathan/Desktop/annotator/vendor/compiled.php(10903): Illuminate\Pipeline\Pipeline->Illuminate\Pipeline\{closure}(Object(Illuminate\Http\Request))
#30 /home/jonathan/Desktop/annotator/vendor/compiled.php(9045): Illuminate\Session\Middleware\StartSession->handle(Object(Illuminate\Http\Request), Object(Closure))
#31 /home/jonathan/Desktop/annotator/vendor/compiled.php(11908): Illuminate\Pipeline\Pipeline->Illuminate\Pipeline\{closure}(Object(Illuminate\Http\Request))
#32 /home/jonathan/Desktop/annotator/vendor/compiled.php(9045): Illuminate\Cookie\Middleware\AddQueuedCookiesToResponse->handle(Object(Illuminate\Http\Request), Object(Closure))
#33 /home/jonathan/Desktop/annotator/vendor/compiled.php(11857): Illuminate\Pipeline\Pipeline->Illuminate\Pipeline\{closure}(Object(Illuminate\Http\Request))
#34 /home/jonathan/Desktop/annotator/vendor/compiled.php(9045): Illuminate\Cookie\Middleware\EncryptCookies->handle(Object(Illuminate\Http\Request), Object(Closure))
#35 /home/jonathan/Desktop/annotator/vendor/compiled.php(2532): Illuminate\Pipeline\Pipeline->Illuminate\Pipeline\{closure}(Object(Illuminate\Http\Request))
#36 /home/jonathan/Desktop/annotator/vendor/compiled.php(9045): Illuminate\Foundation\Http\Middleware\CheckForMaintenanceMode->handle(Object(Illuminate\Http\Request), Object(Closure))
#37 [internal function]: Illuminate\Pipeline\Pipeline->Illuminate\Pipeline\{closure}(Object(Illuminate\Http\Request))
#38 /home/jonathan/Desktop/annotator/vendor/compiled.php(9036): call_user_func(Object(Closure), Object(Illuminate\Http\Request))
#39 /home/jonathan/Desktop/annotator/vendor/compiled.php(1945): Illuminate\Pipeline\Pipeline->then(Object(Closure))
#40 /home/jonathan/Desktop/annotator/vendor/compiled.php(1932): Illuminate\Foundation\Http\Kernel->sendRequestThroughRouter(Object(Illuminate\Http\Request))
#41 /home/jonathan/Desktop/annotator/public/index.php(53): Illuminate\Foundation\Http\Kernel->handle(Object(Illuminate\Http\Request))
#42 {main}  
