[2015-10-26 01:53:10] local.ERROR: exception 'Symfony\Component\Debug\Exception\FatalErrorException' with message 'syntax error, unexpected ')'' in /home/flyx/Desktop/Web/annotator/app/Http/Controllers/AuthController.php:143
Stack trace:
#0 {main}  
[2015-10-26 02:00:13] local.ERROR: exception 'Symfony\Component\Debug\Exception\FatalErrorException' with message 'syntax error, unexpected '?'' in /home/flyx/Desktop/Web/annotator/app/Http/Controllers/AuthController.php:72
Stack trace:
#0 {main}  
[2015-10-26 02:00:18] local.ERROR: exception 'Symfony\Component\Debug\Exception\FatalErrorException' with message 'syntax error, unexpected '?'' in /home/flyx/Desktop/Web/annotator/app/Http/Controllers/AuthController.php:72
Stack trace:
#0 {main}  
[2015-10-26 02:00:20] local.ERROR: exception 'Symfony\Component\Debug\Exception\FatalErrorException' with message 'syntax error, unexpected '?'' in /home/flyx/Desktop/Web/annotator/app/Http/Controllers/AuthController.php:72
Stack trace:
#0 {main}  
[2015-10-26 07:52:48] local.ERROR: exception 'Symfony\Component\Debug\Exception\FatalErrorException' with message 'syntax error, unexpected '$registerCallbackUrl' (T_VARIABLE)' in /home/flyx/Desktop/Web/annotator/app/Http/Controllers/AuthController.php:69
Stack trace:
#0 {main}  
[2015-10-26 07:52:55] local.ERROR: exception 'Symfony\Component\Debug\Exception\FatalErrorException' with message 'syntax error, unexpected '$registerCallbackUrl' (T_VARIABLE)' in /home/flyx/Desktop/Web/annotator/app/Http/Controllers/AuthController.php:69
Stack trace:
#0 {main}  
[2015-10-26 07:52:57] local.ERROR: exception 'Symfony\Component\Debug\Exception\FatalErrorException' with message 'syntax error, unexpected '$registerCallbackUrl' (T_VARIABLE)' in /home/flyx/Desktop/Web/annotator/app/Http/Controllers/AuthController.php:69
Stack trace:
#0 {main}  
[2015-10-26 07:52:57] local.ERROR: exception 'Symfony\Component\Debug\Exception\FatalErrorException' with message 'syntax error, unexpected '$registerCallbackUrl' (T_VARIABLE)' in /home/flyx/Desktop/Web/annotator/app/Http/Controllers/AuthController.php:69
Stack trace:
#0 {main}  
[2015-10-26 07:52:58] local.ERROR: exception 'Symfony\Component\Debug\Exception\FatalErrorException' with message 'syntax error, unexpected '$registerCallbackUrl' (T_VARIABLE)' in /home/flyx/Desktop/Web/annotator/app/Http/Controllers/AuthController.php:69
Stack trace:
#0 {main}  
[2015-10-26 09:11:44] local.ERROR: exception 'Symfony\Component\Debug\Exception\FatalErrorException' with message 'Class 'App\Http\Controllers\Auth' not found' in /home/flyx/Desktop/Web/annotator/app/Http/Controllers/AnnotationController.php:191
Stack trace:
#0 {main}  
[2015-10-26 09:13:26] local.ERROR: exception 'ErrorException' with message 'call_user_func_array() expects parameter 1 to be a valid callback, class 'Illuminate\Session\Store' does not have a method 'user'' in /home/flyx/Desktop/Web/annotator/vendor/laravel/framework/src/Illuminate/Support/Manager.php:139
Stack trace:
#0 [internal function]: Illuminate\Foundation\Bootstrap\HandleExceptions->handleError(2, 'call_user_func_...', '/home/flyx/Desk...', 139, Array)
#1 /home/flyx/Desktop/Web/annotator/vendor/laravel/framework/src/Illuminate/Support/Manager.php(139): call_user_func_array(Array, Array)
#2 /home/flyx/Desktop/Web/annotator/vendor/laravel/framework/src/Illuminate/Support/Facades/Facade.php(207): Illuminate\Support\Manager->__call('user', Array)
#3 /home/flyx/Desktop/Web/annotator/vendor/laravel/framework/src/Illuminate/Support/Facades/Facade.php(207): Illuminate\Session\SessionManager->user()
#4 /home/flyx/Desktop/Web/annotator/app/Http/Controllers/AnnotationController.php(192): Illuminate\Support\Facades\Facade::__callStatic('user', Array)
#5 /home/flyx/Desktop/Web/annotator/app/Http/Controllers/AnnotationController.php(192): Illuminate\Support\Facades\Session::user()
#6 [internal function]: App\Http\Controllers\AnnotationController->check()
#7 /home/flyx/Desktop/Web/annotator/vendor/laravel/framework/src/Illuminate/Routing/Controller.php(246): call_user_func_array(Array, Array)
#8 /home/flyx/Desktop/Web/annotator/vendor/laravel/framework/src/Illuminate/Routing/ControllerDispatcher.php(162): Illuminate\Routing\Controller->callAction('check', Array)
#9 /home/flyx/Desktop/Web/annotator/vendor/laravel/framework/src/Illuminate/Routing/ControllerDispatcher.php(107): Illuminate\Routing\ControllerDispatcher->call(Object(App\Http\Controllers\AnnotationController), Object(Illuminate\Routing\Route), 'check')
#10 [internal function]: Illuminate\Routing\ControllerDispatcher->Illuminate\Routing\{closure}(Object(Illuminate\Http\Request))
#11 /home/flyx/Desktop/Web/annotator/vendor/laravel/framework/src/Illuminate/Pipeline/Pipeline.php(141): call_user_func(Object(Closure), Object(Illuminate\Http\Request))
#12 [internal function]: Illuminate\Pipeline\Pipeline->Illuminate\Pipeline\{closure}(Object(Illuminate\Http\Request))
#13 /home/flyx/Desktop/Web/annotator/vendor/laravel/framework/src/Illuminate/Pipeline/Pipeline.php(101): call_user_func(Object(Closure), Object(Illuminate\Http\Request))
#14 /home/flyx/Desktop/Web/annotator/vendor/laravel/framework/src/Illuminate/Routing/ControllerDispatcher.php(108): Illuminate\Pipeline\Pipeline->then(Object(Closure))
#15 /home/flyx/Desktop/Web/annotator/vendor/laravel/framework/src/Illuminate/Routing/ControllerDispatcher.php(67): Illuminate\Routing\ControllerDispatcher->callWithinStack(Object(App\Http\Controllers\AnnotationController), Object(Illuminate\Routing\Route), Object(Illuminate\Http\Request), 'check')
#16 /home/flyx/Desktop/Web/annotator/vendor/laravel/framework/src/Illuminate/Routing/Route.php(204): Illuminate\Routing\ControllerDispatcher->dispatch(Object(Illuminate\Routing\Route), Object(Illuminate\Http\Request), 'App\Http\Contro...', 'check')
#17 /home/flyx/Desktop/Web/annotator/vendor/laravel/framework/src/Illuminate/Routing/Route.php(134): Illuminate\Routing\Route->runWithCustomDispatcher(Object(Illuminate\Http\Request))
#18 /home/flyx/Desktop/Web/annotator/vendor/laravel/framework/src/Illuminate/Routing/Router.php(701): Illuminate\Routing\Route->run(Object(Illuminate\Http\Request))
#19 [internal function]: Illuminate\Routing\Router->Illuminate\Routing\{closure}(Object(Illuminate\Http\Request))
#20 /home/flyx/Desktop/Web/annotator/vendor/laravel/framework/src/Illuminate/Pipeline/Pipeline.php(141): call_user_func(Object(Closure), Object(Illuminate\Http\Request))
#21 /home/flyx/Desktop/Web/annotator/app/Http/Middleware/ApiMiddleWare.php(29): Illuminate\Pipeline\Pipeline->Illuminate\Pipeline\{closure}(Object(Illuminate\Http\Request))
#22 /home/flyx/Desktop/Web/annotator/vendor/laravel/framework/src/Illuminate/Pipeline/Pipeline.php(125): App\Http\Middleware\ApiMiddleWare->handle(Object(Illuminate\Http\Request), Object(Closure))
#23 /home/flyx/Desktop/Web/annotator/app/Http/Middleware/CrossDomainMiddleWare.php(20): Illuminate\Pipeline\Pipeline->Illuminate\Pipeline\{closure}(Object(Illuminate\Http\Request))
#24 /home/flyx/Desktop/Web/annotator/vendor/laravel/framework/src/Illuminate/Pipeline/Pipeline.php(125): App\Http\Middleware\CrossDomainMiddleWare->handle(Object(Illuminate\Http\Request), Object(Closure))
#25 /home/flyx/Desktop/Web/annotator/app/Http/Middleware/CrossDomainMiddleWare.php(20): Illuminate\Pipeline\Pipeline->Illuminate\Pipeline\{closure}(Object(Illuminate\Http\Request))
#26 /home/flyx/Desktop/Web/annotator/vendor/laravel/framework/src/Illuminate/Pipeline/Pipeline.php(125): App\Http\Middleware\CrossDomainMiddleWare->handle(Object(Illuminate\Http\Request), Object(Closure))
#27 [internal function]: Illuminate\Pipeline\Pipeline->Illuminate\Pipeline\{closure}(Object(Illuminate\Http\Request))
#28 /home/flyx/Desktop/Web/annotator/vendor/laravel/framework/src/Illuminate/Pipeline/Pipeline.php(101): call_user_func(Object(Closure), Object(Illuminate\Http\Request))
#29 /home/flyx/Desktop/Web/annotator/vendor/laravel/framework/src/Illuminate/Routing/Router.php(703): Illuminate\Pipeline\Pipeline->then(Object(Closure))
#30 /home/flyx/Desktop/Web/annotator/vendor/laravel/framework/src/Illuminate/Routing/Router.php(670): Illuminate\Routing\Router->runRouteWithinStack(Object(Illuminate\Routing\Route), Object(Illuminate\Http\Request))
#31 /home/flyx/Desktop/Web/annotator/vendor/laravel/framework/src/Illuminate/Routing/Router.php(628): Illuminate\Routing\Router->dispatchToRoute(Object(Illuminate\Http\Request))
#32 /home/flyx/Desktop/Web/annotator/vendor/laravel/framework/src/Illuminate/Foundation/Http/Kernel.php(214): Illuminate\Routing\Router->dispatch(Object(Illuminate\Http\Request))
#33 [internal function]: Illuminate\Foundation\Http\Kernel->Illuminate\Foundation\Http\{closure}(Object(Illuminate\Http\Request))
#34 /home/flyx/Desktop/Web/annotator/vendor/laravel/framework/src/Illuminate/Pipeline/Pipeline.php(141): call_user_func(Object(Closure), Object(Illuminate\Http\Request))
#35 /home/flyx/Desktop/Web/annotator/vendor/laravel/framework/src/Illuminate/View/Middleware/ShareErrorsFromSession.php(55): Illuminate\Pipeline\Pipeline->Illuminate\Pipeline\{closure}(Object(Illuminate\Http\Request))
#36 /home/flyx/Desktop/Web/annotator/vendor/laravel/framework/src/Illuminate/Pipeline/Pipeline.php(125): Illuminate\View\Middleware\ShareErrorsFromSession->handle(Object(Illuminate\Http\Request), Object(Closure))
#37 /home/flyx/Desktop/Web/annotator/vendor/laravel/framework/src/Illuminate/Session/Middleware/StartSession.php(61): Illuminate\Pipeline\Pipeline->Illuminate\Pipeline\{closure}(Object(Illuminate\Http\Request))
#38 /home/flyx/Desktop/Web/annotator/vendor/laravel/framework/src/Illuminate/Pipeline/Pipeline.php(125): Illuminate\Session\Middleware\StartSession->handle(Object(Illuminate\Http\Request), Object(Closure))
#39 /home/flyx/Desktop/Web/annotator/vendor/laravel/framework/src/Illuminate/Cookie/Middleware/AddQueuedCookiesToResponse.php(36): Illuminate\Pipeline\Pipeline->Illuminate\Pipeline\{closure}(Object(Illuminate\Http\Request))
#40 /home/flyx/Desktop/Web/annotator/vendor/laravel/framework/src/Illuminate/Pipeline/Pipeline.php(125): Illuminate\Cookie\Middleware\AddQueuedCookiesToResponse->handle(Object(Illuminate\Http\Request), Object(Closure))
#41 /home/flyx/Desktop/Web/annotator/vendor/laravel/framework/src/Illuminate/Cookie/Middleware/EncryptCookies.php(40): Illuminate\Pipeline\Pipeline->Illuminate\Pipeline\{closure}(Object(Illuminate\Http\Request))
#42 /home/flyx/Desktop/Web/annotator/vendor/laravel/framework/src/Illuminate/Pipeline/Pipeline.php(125): Illuminate\Cookie\Middleware\EncryptCookies->handle(Object(Illuminate\Http\Request), Object(Closure))
#43 /home/flyx/Desktop/Web/annotator/vendor/laravel/framework/src/Illuminate/Foundation/Http/Middleware/CheckForMaintenanceMode.php(42): Illuminate\Pipeline\Pipeline->Illuminate\Pipeline\{closure}(Object(Illuminate\Http\Request))
#44 /home/flyx/Desktop/Web/annotator/vendor/laravel/framework/src/Illuminate/Pipeline/Pipeline.php(125): Illuminate\Foundation\Http\Middleware\CheckForMaintenanceMode->handle(Object(Illuminate\Http\Request), Object(Closure))
#45 [internal function]: Illuminate\Pipeline\Pipeline->Illuminate\Pipeline\{closure}(Object(Illuminate\Http\Request))
#46 /home/flyx/Desktop/Web/annotator/vendor/laravel/framework/src/Illuminate/Pipeline/Pipeline.php(101): call_user_func(Object(Closure), Object(Illuminate\Http\Request))
#47 /home/flyx/Desktop/Web/annotator/vendor/laravel/framework/src/Illuminate/Foundation/Http/Kernel.php(115): Illuminate\Pipeline\Pipeline->then(Object(Closure))
#48 /home/flyx/Desktop/Web/annotator/vendor/laravel/framework/src/Illuminate/Foundation/Http/Kernel.php(84): Illuminate\Foundation\Http\Kernel->sendRequestThroughRouter(Object(Illuminate\Http\Request))
#49 /home/flyx/Desktop/Web/annotator/public/index.php(53): Illuminate\Foundation\Http\Kernel->handle(Object(Illuminate\Http\Request))
#50 {main}  
