[2016-03-30 02:34:50] local.ERROR: exception 'RuntimeException' with message 'Too many arguments.' in /home/jonathan/Desktop/annotator/vendor/symfony/console/Symfony/Component/Console/Input/ArgvInput.php:181
Stack trace:
#0 /home/jonathan/Desktop/annotator/vendor/symfony/console/Symfony/Component/Console/Input/ArgvInput.php(90): Symfony\Component\Console\Input\ArgvInput->parseArgument('apache2')
#1 /home/jonathan/Desktop/annotator/vendor/symfony/console/Symfony/Component/Console/Input/Input.php(61): Symfony\Component\Console\Input\ArgvInput->parse()
#2 /home/jonathan/Desktop/annotator/vendor/symfony/console/Symfony/Component/Console/Command/Command.php(229): Symfony\Component\Console\Input\Input->bind(Object(Symfony\Component\Console\Input\InputDefinition))
#3 /home/jonathan/Desktop/annotator/vendor/laravel/framework/src/Illuminate/Console/Command.php(101): Symfony\Component\Console\Command\Command->run(Object(Symfony\Component\Console\Input\ArgvInput), Object(Symfony\Component\Console\Output\ConsoleOutput))
#4 /home/jonathan/Desktop/annotator/vendor/symfony/console/Symfony/Component/Console/Application.php(874): Illuminate\Console\Command->run(Object(Symfony\Component\Console\Input\ArgvInput), Object(Symfony\Component\Console\Output\ConsoleOutput))
#5 /home/jonathan/Desktop/annotator/vendor/symfony/console/Symfony/Component/Console/Application.php(195): Symfony\Component\Console\Application->doRunCommand(Object(Illuminate\Foundation\Console\ServeCommand), Object(Symfony\Component\Console\Input\ArgvInput), Object(Symfony\Component\Console\Output\ConsoleOutput))
#6 /home/jonathan/Desktop/annotator/vendor/symfony/console/Symfony/Component/Console/Application.php(126): Symfony\Component\Console\Application->doRun(Object(Symfony\Component\Console\Input\ArgvInput), Object(Symfony\Component\Console\Output\ConsoleOutput))
#7 /home/jonathan/Desktop/annotator/vendor/laravel/framework/src/Illuminate/Foundation/Console/Kernel.php(94): Symfony\Component\Console\Application->run(Object(Symfony\Component\Console\Input\ArgvInput), Object(Symfony\Component\Console\Output\ConsoleOutput))
#8 /home/jonathan/Desktop/annotator/artisan(36): Illuminate\Foundation\Console\Kernel->handle(Object(Symfony\Component\Console\Input\ArgvInput), Object(Symfony\Component\Console\Output\ConsoleOutput))
#9 {main}  
[2016-03-30 02:35:47] local.ERROR: exception 'InvalidArgumentException' with message 'Command "restart" is not defined.

Did you mean this?
    queue:restart' in /home/jonathan/Desktop/annotator/vendor/symfony/console/Symfony/Component/Console/Application.php:549
Stack trace:
#0 /home/jonathan/Desktop/annotator/vendor/symfony/console/Symfony/Component/Console/Application.php(192): Symfony\Component\Console\Application->find('restart')
#1 /home/jonathan/Desktop/annotator/vendor/symfony/console/Symfony/Component/Console/Application.php(126): Symfony\Component\Console\Application->doRun(Object(Symfony\Component\Console\Input\ArgvInput), Object(Symfony\Component\Console\Output\ConsoleOutput))
#2 /home/jonathan/Desktop/annotator/vendor/laravel/framework/src/Illuminate/Foundation/Console/Kernel.php(94): Symfony\Component\Console\Application->run(Object(Symfony\Component\Console\Input\ArgvInput), Object(Symfony\Component\Console\Output\ConsoleOutput))
#3 /home/jonathan/Desktop/annotator/artisan(36): Illuminate\Foundation\Console\Kernel->handle(Object(Symfony\Component\Console\Input\ArgvInput), Object(Symfony\Component\Console\Output\ConsoleOutput))
#4 {main}  
[2016-03-30 02:36:52] local.ERROR: exception 'InvalidArgumentException' with message 'Command "stop" is not defined.' in /home/jonathan/Desktop/annotator/vendor/symfony/console/Symfony/Component/Console/Application.php:549
Stack trace:
#0 /home/jonathan/Desktop/annotator/vendor/symfony/console/Symfony/Component/Console/Application.php(192): Symfony\Component\Console\Application->find('stop')
#1 /home/jonathan/Desktop/annotator/vendor/symfony/console/Symfony/Component/Console/Application.php(126): Symfony\Component\Console\Application->doRun(Object(Symfony\Component\Console\Input\ArgvInput), Object(Symfony\Component\Console\Output\ConsoleOutput))
#2 /home/jonathan/Desktop/annotator/vendor/laravel/framework/src/Illuminate/Foundation/Console/Kernel.php(94): Symfony\Component\Console\Application->run(Object(Symfony\Component\Console\Input\ArgvInput), Object(Symfony\Component\Console\Output\ConsoleOutput))
#3 /home/jonathan/Desktop/annotator/artisan(36): Illuminate\Foundation\Console\Kernel->handle(Object(Symfony\Component\Console\Input\ArgvInput), Object(Symfony\Component\Console\Output\ConsoleOutput))
#4 {main}  
[2016-03-30 02:37:55] local.ERROR: exception 'InvalidArgumentException' with message 'Command "stop" is not defined.' in /home/jonathan/Desktop/annotator/vendor/symfony/console/Symfony/Component/Console/Application.php:549
Stack trace:
#0 /home/jonathan/Desktop/annotator/vendor/symfony/console/Symfony/Component/Console/Application.php(192): Symfony\Component\Console\Application->find('stop')
#1 /home/jonathan/Desktop/annotator/vendor/symfony/console/Symfony/Component/Console/Application.php(126): Symfony\Component\Console\Application->doRun(Object(Symfony\Component\Console\Input\ArgvInput), Object(Symfony\Component\Console\Output\ConsoleOutput))
#2 /home/jonathan/Desktop/annotator/vendor/laravel/framework/src/Illuminate/Foundation/Console/Kernel.php(94): Symfony\Component\Console\Application->run(Object(Symfony\Component\Console\Input\ArgvInput), Object(Symfony\Component\Console\Output\ConsoleOutput))
#3 /home/jonathan/Desktop/annotator/artisan(36): Illuminate\Foundation\Console\Kernel->handle(Object(Symfony\Component\Console\Input\ArgvInput), Object(Symfony\Component\Console\Output\ConsoleOutput))
#4 {main}  
[2016-03-30 03:13:59] local.ERROR: exception 'ErrorException' with message 'Non-static method App\TagUse::fidTagNameforuser() should not be called statically, assuming $this from incompatible context' in /home/jonathan/Desktop/annotator/app/Http/Controllers/ManageController.php:48
Stack trace:
#0 /home/jonathan/Desktop/annotator/app/Http/Controllers/ManageController.php(48): Illuminate\Foundation\Bootstrap\HandleExceptions->handleError(2048, 'Non-static meth...', '/home/jonathan/...', 48, Array)
#1 [internal function]: App\Http\Controllers\ManageController->index()
#2 /home/jonathan/Desktop/annotator/vendor/compiled.php(8373): call_user_func_array(Array, Array)
#3 /home/jonathan/Desktop/annotator/vendor/compiled.php(8440): Illuminate\Routing\Controller->callAction('index', Array)
#4 /home/jonathan/Desktop/annotator/vendor/compiled.php(8419): Illuminate\Routing\ControllerDispatcher->call(Object(App\Http\Controllers\ManageController), Object(Illuminate\Routing\Route), 'index')
#5 [internal function]: Illuminate\Routing\ControllerDispatcher->Illuminate\Routing\{closure}(Object(Illuminate\Http\Request))
#6 /home/jonathan/Desktop/annotator/vendor/compiled.php(9053): call_user_func(Object(Closure), Object(Illuminate\Http\Request))
#7 [internal function]: Illuminate\Pipeline\Pipeline->Illuminate\Pipeline\{closure}(Object(Illuminate\Http\Request))
#8 /home/jonathan/Desktop/annotator/vendor/compiled.php(9036): call_user_func(Object(Closure), Object(Illuminate\Http\Request))
#9 /home/jonathan/Desktop/annotator/vendor/compiled.php(8420): Illuminate\Pipeline\Pipeline->then(Object(Closure))
#10 /home/jonathan/Desktop/annotator/vendor/compiled.php(8406): Illuminate\Routing\ControllerDispatcher->callWithinStack(Object(App\Http\Controllers\ManageController), Object(Illuminate\Routing\Route), Object(Illuminate\Http\Request), 'index')
#11 /home/jonathan/Desktop/annotator/vendor/compiled.php(7404): Illuminate\Routing\ControllerDispatcher->dispatch(Object(Illuminate\Routing\Route), Object(Illuminate\Http\Request), 'App\\Http\\Contro...', 'index')
#12 /home/jonathan/Desktop/annotator/vendor/compiled.php(7375): Illuminate\Routing\Route->runWithCustomDispatcher(Object(Illuminate\Http\Request))
#13 /home/jonathan/Desktop/annotator/vendor/compiled.php(7041): Illuminate\Routing\Route->run(Object(Illuminate\Http\Request))
#14 [internal function]: Illuminate\Routing\Router->Illuminate\Routing\{closure}(Object(Illuminate\Http\Request))
#15 /home/jonathan/Desktop/annotator/vendor/compiled.php(9053): call_user_func(Object(Closure), Object(Illuminate\Http\Request))
#16 /home/jonathan/Desktop/annotator/app/Http/Middleware/Authenticate.php(45): Illuminate\Pipeline\Pipeline->Illuminate\Pipeline\{closure}(Object(Illuminate\Http\Request))
#17 /home/jonathan/Desktop/annotator/vendor/compiled.php(9045): App\Http\Middleware\Authenticate->handle(Object(Illuminate\Http\Request), Object(Closure))
#18 [internal function]: Illuminate\Pipeline\Pipeline->Illuminate\Pipeline\{closure}(Object(Illuminate\Http\Request))
#19 /home/jonathan/Desktop/annotator/vendor/compiled.php(9036): call_user_func(Object(Closure), Object(Illuminate\Http\Request))
#20 /home/jonathan/Desktop/annotator/vendor/compiled.php(7042): Illuminate\Pipeline\Pipeline->then(Object(Closure))
#21 /home/jonathan/Desktop/annotator/vendor/compiled.php(7031): Illuminate\Routing\Router->runRouteWithinStack(Object(Illuminate\Routing\Route), Object(Illuminate\Http\Request))
#22 /home/jonathan/Desktop/annotator/vendor/compiled.php(7016): Illuminate\Routing\Router->dispatchToRoute(Object(Illuminate\Http\Request))
#23 /home/jonathan/Desktop/annotator/vendor/compiled.php(1989): Illuminate\Routing\Router->dispatch(Object(Illuminate\Http\Request))
#24 [internal function]: Illuminate\Foundation\Http\Kernel->Illuminate\Foundation\Http\{closure}(Object(Illuminate\Http\Request))
#25 /home/jonathan/Desktop/annotator/vendor/compiled.php(9053): call_user_func(Object(Closure), Object(Illuminate\Http\Request))
#26 /home/jonathan/Desktop/annotator/vendor/compiled.php(12202): Illuminate\Pipeline\Pipeline->Illuminate\Pipeline\{closure}(Object(Illuminate\Http\Request))
#27 /home/jonathan/Desktop/annotator/vendor/compiled.php(9045): Illuminate\View\Middleware\ShareErrorsFromSession->handle(Object(Illuminate\Http\Request), Object(Closure))
#28 /home/jonathan/Desktop/annotator/vendor/compiled.php(10903): Illuminate\Pipeline\Pipeline->Illuminate\Pipeline\{closure}(Object(Illuminate\Http\Request))
#29 /home/jonathan/Desktop/annotator/vendor/compiled.php(9045): Illuminate\Session\Middleware\StartSession->handle(Object(Illuminate\Http\Request), Object(Closure))
#30 /home/jonathan/Desktop/annotator/vendor/compiled.php(11908): Illuminate\Pipeline\Pipeline->Illuminate\Pipeline\{closure}(Object(Illuminate\Http\Request))
#31 /home/jonathan/Desktop/annotator/vendor/compiled.php(9045): Illuminate\Cookie\Middleware\AddQueuedCookiesToResponse->handle(Object(Illuminate\Http\Request), Object(Closure))
#32 /home/jonathan/Desktop/annotator/vendor/compiled.php(11857): Illuminate\Pipeline\Pipeline->Illuminate\Pipeline\{closure}(Object(Illuminate\Http\Request))
#33 /home/jonathan/Desktop/annotator/vendor/compiled.php(9045): Illuminate\Cookie\Middleware\EncryptCookies->handle(Object(Illuminate\Http\Request), Object(Closure))
#34 /home/jonathan/Desktop/annotator/vendor/compiled.php(2532): Illuminate\Pipeline\Pipeline->Illuminate\Pipeline\{closure}(Object(Illuminate\Http\Request))
#35 /home/jonathan/Desktop/annotator/vendor/compiled.php(9045): Illuminate\Foundation\Http\Middleware\CheckForMaintenanceMode->handle(Object(Illuminate\Http\Request), Object(Closure))
#36 [internal function]: Illuminate\Pipeline\Pipeline->Illuminate\Pipeline\{closure}(Object(Illuminate\Http\Request))
#37 /home/jonathan/Desktop/annotator/vendor/compiled.php(9036): call_user_func(Object(Closure), Object(Illuminate\Http\Request))
#38 /home/jonathan/Desktop/annotator/vendor/compiled.php(1945): Illuminate\Pipeline\Pipeline->then(Object(Closure))
#39 /home/jonathan/Desktop/annotator/vendor/compiled.php(1932): Illuminate\Foundation\Http\Kernel->sendRequestThroughRouter(Object(Illuminate\Http\Request))
#40 /home/jonathan/Desktop/annotator/public/index.php(53): Illuminate\Foundation\Http\Kernel->handle(Object(Illuminate\Http\Request))
#41 {main}  
[2016-03-30 03:14:21] local.ERROR: exception 'ErrorException' with message 'Non-static method App\TagUse::fidTagNameforuser() should not be called statically, assuming $this from incompatible context' in /home/jonathan/Desktop/annotator/app/Http/Controllers/ManageController.php:48
Stack trace:
#0 /home/jonathan/Desktop/annotator/app/Http/Controllers/ManageController.php(48): Illuminate\Foundation\Bootstrap\HandleExceptions->handleError(2048, 'Non-static meth...', '/home/jonathan/...', 48, Array)
#1 [internal function]: App\Http\Controllers\ManageController->index()
#2 /home/jonathan/Desktop/annotator/vendor/compiled.php(8373): call_user_func_array(Array, Array)
#3 /home/jonathan/Desktop/annotator/vendor/compiled.php(8440): Illuminate\Routing\Controller->callAction('index', Array)
#4 /home/jonathan/Desktop/annotator/vendor/compiled.php(8419): Illuminate\Routing\ControllerDispatcher->call(Object(App\Http\Controllers\ManageController), Object(Illuminate\Routing\Route), 'index')
#5 [internal function]: Illuminate\Routing\ControllerDispatcher->Illuminate\Routing\{closure}(Object(Illuminate\Http\Request))
#6 /home/jonathan/Desktop/annotator/vendor/compiled.php(9053): call_user_func(Object(Closure), Object(Illuminate\Http\Request))
#7 [internal function]: Illuminate\Pipeline\Pipeline->Illuminate\Pipeline\{closure}(Object(Illuminate\Http\Request))
#8 /home/jonathan/Desktop/annotator/vendor/compiled.php(9036): call_user_func(Object(Closure), Object(Illuminate\Http\Request))
#9 /home/jonathan/Desktop/annotator/vendor/compiled.php(8420): Illuminate\Pipeline\Pipeline->then(Object(Closure))
#10 /home/jonathan/Desktop/annotator/vendor/compiled.php(8406): Illuminate\Routing\ControllerDispatcher->callWithinStack(Object(App\Http\Controllers\ManageController), Object(Illuminate\Routing\Route), Object(Illuminate\Http\Request), 'index')
#11 /home/jonathan/Desktop/annotator/vendor/compiled.php(7404): Illuminate\Routing\ControllerDispatcher->dispatch(Object(Illuminate\Routing\Route), Object(Illuminate\Http\Request), 'App\\Http\\Contro...', 'index')
#12 /home/jonathan/Desktop/annotator/vendor/compiled.php(7375): Illuminate\Routing\Route->runWithCustomDispatcher(Object(Illuminate\Http\Request))
#13 /home/jonathan/Desktop/annotator/vendor/compiled.php(7041): Illuminate\Routing\Route->run(Object(Illuminate\Http\Request))
#14 [internal function]: Illuminate\Routing\Router->Illuminate\Routing\{closure}(Object(Illuminate\Http\Request))
#15 /home/jonathan/Desktop/annotator/vendor/compiled.php(9053): call_user_func(Object(Closure), Object(Illuminate\Http\Request))
#16 /home/jonathan/Desktop/annotator/app/Http/Middleware/Authenticate.php(45): Illuminate\Pipeline\Pipeline->Illuminate\Pipeline\{closure}(Object(Illuminate\Http\Request))
#17 /home/jonathan/Desktop/annotator/vendor/compiled.php(9045): App\Http\Middleware\Authenticate->handle(Object(Illuminate\Http\Request), Object(Closure))
#18 [internal function]: Illuminate\Pipeline\Pipeline->Illuminate\Pipeline\{closure}(Object(Illuminate\Http\Request))
#19 /home/jonathan/Desktop/annotator/vendor/compiled.php(9036): call_user_func(Object(Closure), Object(Illuminate\Http\Request))
#20 /home/jonathan/Desktop/annotator/vendor/compiled.php(7042): Illuminate\Pipeline\Pipeline->then(Object(Closure))
#21 /home/jonathan/Desktop/annotator/vendor/compiled.php(7031): Illuminate\Routing\Router->runRouteWithinStack(Object(Illuminate\Routing\Route), Object(Illuminate\Http\Request))
#22 /home/jonathan/Desktop/annotator/vendor/compiled.php(7016): Illuminate\Routing\Router->dispatchToRoute(Object(Illuminate\Http\Request))
#23 /home/jonathan/Desktop/annotator/vendor/compiled.php(1989): Illuminate\Routing\Router->dispatch(Object(Illuminate\Http\Request))
#24 [internal function]: Illuminate\Foundation\Http\Kernel->Illuminate\Foundation\Http\{closure}(Object(Illuminate\Http\Request))
#25 /home/jonathan/Desktop/annotator/vendor/compiled.php(9053): call_user_func(Object(Closure), Object(Illuminate\Http\Request))
#26 /home/jonathan/Desktop/annotator/vendor/compiled.php(12202): Illuminate\Pipeline\Pipeline->Illuminate\Pipeline\{closure}(Object(Illuminate\Http\Request))
#27 /home/jonathan/Desktop/annotator/vendor/compiled.php(9045): Illuminate\View\Middleware\ShareErrorsFromSession->handle(Object(Illuminate\Http\Request), Object(Closure))
#28 /home/jonathan/Desktop/annotator/vendor/compiled.php(10903): Illuminate\Pipeline\Pipeline->Illuminate\Pipeline\{closure}(Object(Illuminate\Http\Request))
#29 /home/jonathan/Desktop/annotator/vendor/compiled.php(9045): Illuminate\Session\Middleware\StartSession->handle(Object(Illuminate\Http\Request), Object(Closure))
#30 /home/jonathan/Desktop/annotator/vendor/compiled.php(11908): Illuminate\Pipeline\Pipeline->Illuminate\Pipeline\{closure}(Object(Illuminate\Http\Request))
#31 /home/jonathan/Desktop/annotator/vendor/compiled.php(9045): Illuminate\Cookie\Middleware\AddQueuedCookiesToResponse->handle(Object(Illuminate\Http\Request), Object(Closure))
#32 /home/jonathan/Desktop/annotator/vendor/compiled.php(11857): Illuminate\Pipeline\Pipeline->Illuminate\Pipeline\{closure}(Object(Illuminate\Http\Request))
#33 /home/jonathan/Desktop/annotator/vendor/compiled.php(9045): Illuminate\Cookie\Middleware\EncryptCookies->handle(Object(Illuminate\Http\Request), Object(Closure))
#34 /home/jonathan/Desktop/annotator/vendor/compiled.php(2532): Illuminate\Pipeline\Pipeline->Illuminate\Pipeline\{closure}(Object(Illuminate\Http\Request))
#35 /home/jonathan/Desktop/annotator/vendor/compiled.php(9045): Illuminate\Foundation\Http\Middleware\CheckForMaintenanceMode->handle(Object(Illuminate\Http\Request), Object(Closure))
#36 [internal function]: Illuminate\Pipeline\Pipeline->Illuminate\Pipeline\{closure}(Object(Illuminate\Http\Request))
#37 /home/jonathan/Desktop/annotator/vendor/compiled.php(9036): call_user_func(Object(Closure), Object(Illuminate\Http\Request))
#38 /home/jonathan/Desktop/annotator/vendor/compiled.php(1945): Illuminate\Pipeline\Pipeline->then(Object(Closure))
#39 /home/jonathan/Desktop/annotator/vendor/compiled.php(1932): Illuminate\Foundation\Http\Kernel->sendRequestThroughRouter(Object(Illuminate\Http\Request))
#40 /home/jonathan/Desktop/annotator/public/index.php(53): Illuminate\Foundation\Http\Kernel->handle(Object(Illuminate\Http\Request))
#41 {main}  
[2016-03-30 03:14:21] local.ERROR: exception 'ErrorException' with message 'Non-static method App\TagUse::fidTagNameforuser() should not be called statically, assuming $this from incompatible context' in /home/jonathan/Desktop/annotator/app/Http/Controllers/ManageController.php:48
Stack trace:
#0 /home/jonathan/Desktop/annotator/app/Http/Controllers/ManageController.php(48): Illuminate\Foundation\Bootstrap\HandleExceptions->handleError(2048, 'Non-static meth...', '/home/jonathan/...', 48, Array)
#1 [internal function]: App\Http\Controllers\ManageController->index()
#2 /home/jonathan/Desktop/annotator/vendor/compiled.php(8373): call_user_func_array(Array, Array)
#3 /home/jonathan/Desktop/annotator/vendor/compiled.php(8440): Illuminate\Routing\Controller->callAction('index', Array)
#4 /home/jonathan/Desktop/annotator/vendor/compiled.php(8419): Illuminate\Routing\ControllerDispatcher->call(Object(App\Http\Controllers\ManageController), Object(Illuminate\Routing\Route), 'index')
#5 [internal function]: Illuminate\Routing\ControllerDispatcher->Illuminate\Routing\{closure}(Object(Illuminate\Http\Request))
#6 /home/jonathan/Desktop/annotator/vendor/compiled.php(9053): call_user_func(Object(Closure), Object(Illuminate\Http\Request))
#7 [internal function]: Illuminate\Pipeline\Pipeline->Illuminate\Pipeline\{closure}(Object(Illuminate\Http\Request))
#8 /home/jonathan/Desktop/annotator/vendor/compiled.php(9036): call_user_func(Object(Closure), Object(Illuminate\Http\Request))
#9 /home/jonathan/Desktop/annotator/vendor/compiled.php(8420): Illuminate\Pipeline\Pipeline->then(Object(Closure))
#10 /home/jonathan/Desktop/annotator/vendor/compiled.php(8406): Illuminate\Routing\ControllerDispatcher->callWithinStack(Object(App\Http\Controllers\ManageController), Object(Illuminate\Routing\Route), Object(Illuminate\Http\Request), 'index')
#11 /home/jonathan/Desktop/annotator/vendor/compiled.php(7404): Illuminate\Routing\ControllerDispatcher->dispatch(Object(Illuminate\Routing\Route), Object(Illuminate\Http\Request), 'App\\Http\\Contro...', 'index')
#12 /home/jonathan/Desktop/annotator/vendor/compiled.php(7375): Illuminate\Routing\Route->runWithCustomDispatcher(Object(Illuminate\Http\Request))
#13 /home/jonathan/Desktop/annotator/vendor/compiled.php(7041): Illuminate\Routing\Route->run(Object(Illuminate\Http\Request))
#14 [internal function]: Illuminate\Routing\Router->Illuminate\Routing\{closure}(Object(Illuminate\Http\Request))
#15 /home/jonathan/Desktop/annotator/vendor/compiled.php(9053): call_user_func(Object(Closure), Object(Illuminate\Http\Request))
#16 /home/jonathan/Desktop/annotator/app/Http/Middleware/Authenticate.php(45): Illuminate\Pipeline\Pipeline->Illuminate\Pipeline\{closure}(Object(Illuminate\Http\Request))
#17 /home/jonathan/Desktop/annotator/vendor/compiled.php(9045): App\Http\Middleware\Authenticate->handle(Object(Illuminate\Http\Request), Object(Closure))
#18 [internal function]: Illuminate\Pipeline\Pipeline->Illuminate\Pipeline\{closure}(Object(Illuminate\Http\Request))
#19 /home/jonathan/Desktop/annotator/vendor/compiled.php(9036): call_user_func(Object(Closure), Object(Illuminate\Http\Request))
#20 /home/jonathan/Desktop/annotator/vendor/compiled.php(7042): Illuminate\Pipeline\Pipeline->then(Object(Closure))
#21 /home/jonathan/Desktop/annotator/vendor/compiled.php(7031): Illuminate\Routing\Router->runRouteWithinStack(Object(Illuminate\Routing\Route), Object(Illuminate\Http\Request))
#22 /home/jonathan/Desktop/annotator/vendor/compiled.php(7016): Illuminate\Routing\Router->dispatchToRoute(Object(Illuminate\Http\Request))
#23 /home/jonathan/Desktop/annotator/vendor/compiled.php(1989): Illuminate\Routing\Router->dispatch(Object(Illuminate\Http\Request))
#24 [internal function]: Illuminate\Foundation\Http\Kernel->Illuminate\Foundation\Http\{closure}(Object(Illuminate\Http\Request))
#25 /home/jonathan/Desktop/annotator/vendor/compiled.php(9053): call_user_func(Object(Closure), Object(Illuminate\Http\Request))
#26 /home/jonathan/Desktop/annotator/vendor/compiled.php(12202): Illuminate\Pipeline\Pipeline->Illuminate\Pipeline\{closure}(Object(Illuminate\Http\Request))
#27 /home/jonathan/Desktop/annotator/vendor/compiled.php(9045): Illuminate\View\Middleware\ShareErrorsFromSession->handle(Object(Illuminate\Http\Request), Object(Closure))
#28 /home/jonathan/Desktop/annotator/vendor/compiled.php(10903): Illuminate\Pipeline\Pipeline->Illuminate\Pipeline\{closure}(Object(Illuminate\Http\Request))
#29 /home/jonathan/Desktop/annotator/vendor/compiled.php(9045): Illuminate\Session\Middleware\StartSession->handle(Object(Illuminate\Http\Request), Object(Closure))
#30 /home/jonathan/Desktop/annotator/vendor/compiled.php(11908): Illuminate\Pipeline\Pipeline->Illuminate\Pipeline\{closure}(Object(Illuminate\Http\Request))
#31 /home/jonathan/Desktop/annotator/vendor/compiled.php(9045): Illuminate\Cookie\Middleware\AddQueuedCookiesToResponse->handle(Object(Illuminate\Http\Request), Object(Closure))
#32 /home/jonathan/Desktop/annotator/vendor/compiled.php(11857): Illuminate\Pipeline\Pipeline->Illuminate\Pipeline\{closure}(Object(Illuminate\Http\Request))
#33 /home/jonathan/Desktop/annotator/vendor/compiled.php(9045): Illuminate\Cookie\Middleware\EncryptCookies->handle(Object(Illuminate\Http\Request), Object(Closure))
#34 /home/jonathan/Desktop/annotator/vendor/compiled.php(2532): Illuminate\Pipeline\Pipeline->Illuminate\Pipeline\{closure}(Object(Illuminate\Http\Request))
#35 /home/jonathan/Desktop/annotator/vendor/compiled.php(9045): Illuminate\Foundation\Http\Middleware\CheckForMaintenanceMode->handle(Object(Illuminate\Http\Request), Object(Closure))
#36 [internal function]: Illuminate\Pipeline\Pipeline->Illuminate\Pipeline\{closure}(Object(Illuminate\Http\Request))
#37 /home/jonathan/Desktop/annotator/vendor/compiled.php(9036): call_user_func(Object(Closure), Object(Illuminate\Http\Request))
#38 /home/jonathan/Desktop/annotator/vendor/compiled.php(1945): Illuminate\Pipeline\Pipeline->then(Object(Closure))
#39 /home/jonathan/Desktop/annotator/vendor/compiled.php(1932): Illuminate\Foundation\Http\Kernel->sendRequestThroughRouter(Object(Illuminate\Http\Request))
#40 /home/jonathan/Desktop/annotator/public/index.php(53): Illuminate\Foundation\Http\Kernel->handle(Object(Illuminate\Http\Request))
#41 {main}  
[2016-03-30 03:14:21] local.ERROR: exception 'ErrorException' with message 'Non-static method App\TagUse::fidTagNameforuser() should not be called statically, assuming $this from incompatible context' in /home/jonathan/Desktop/annotator/app/Http/Controllers/ManageController.php:48
Stack trace:
#0 /home/jonathan/Desktop/annotator/app/Http/Controllers/ManageController.php(48): Illuminate\Foundation\Bootstrap\HandleExceptions->handleError(2048, 'Non-static meth...', '/home/jonathan/...', 48, Array)
#1 [internal function]: App\Http\Controllers\ManageController->index()
#2 /home/jonathan/Desktop/annotator/vendor/compiled.php(8373): call_user_func_array(Array, Array)
#3 /home/jonathan/Desktop/annotator/vendor/compiled.php(8440): Illuminate\Routing\Controller->callAction('index', Array)
#4 /home/jonathan/Desktop/annotator/vendor/compiled.php(8419): Illuminate\Routing\ControllerDispatcher->call(Object(App\Http\Controllers\ManageController), Object(Illuminate\Routing\Route), 'index')
#5 [internal function]: Illuminate\Routing\ControllerDispatcher->Illuminate\Routing\{closure}(Object(Illuminate\Http\Request))
#6 /home/jonathan/Desktop/annotator/vendor/compiled.php(9053): call_user_func(Object(Closure), Object(Illuminate\Http\Request))
#7 [internal function]: Illuminate\Pipeline\Pipeline->Illuminate\Pipeline\{closure}(Object(Illuminate\Http\Request))
#8 /home/jonathan/Desktop/annotator/vendor/compiled.php(9036): call_user_func(Object(Closure), Object(Illuminate\Http\Request))
#9 /home/jonathan/Desktop/annotator/vendor/compiled.php(8420): Illuminate\Pipeline\Pipeline->then(Object(Closure))
#10 /home/jonathan/Desktop/annotator/vendor/compiled.php(8406): Illuminate\Routing\ControllerDispatcher->callWithinStack(Object(App\Http\Controllers\ManageController), Object(Illuminate\Routing\Route), Object(Illuminate\Http\Request), 'index')
#11 /home/jonathan/Desktop/annotator/vendor/compiled.php(7404): Illuminate\Routing\ControllerDispatcher->dispatch(Object(Illuminate\Routing\Route), Object(Illuminate\Http\Request), 'App\\Http\\Contro...', 'index')
#12 /home/jonathan/Desktop/annotator/vendor/compiled.php(7375): Illuminate\Routing\Route->runWithCustomDispatcher(Object(Illuminate\Http\Request))
#13 /home/jonathan/Desktop/annotator/vendor/compiled.php(7041): Illuminate\Routing\Route->run(Object(Illuminate\Http\Request))
#14 [internal function]: Illuminate\Routing\Router->Illuminate\Routing\{closure}(Object(Illuminate\Http\Request))
#15 /home/jonathan/Desktop/annotator/vendor/compiled.php(9053): call_user_func(Object(Closure), Object(Illuminate\Http\Request))
#16 /home/jonathan/Desktop/annotator/app/Http/Middleware/Authenticate.php(45): Illuminate\Pipeline\Pipeline->Illuminate\Pipeline\{closure}(Object(Illuminate\Http\Request))
#17 /home/jonathan/Desktop/annotator/vendor/compiled.php(9045): App\Http\Middleware\Authenticate->handle(Object(Illuminate\Http\Request), Object(Closure))
#18 [internal function]: Illuminate\Pipeline\Pipeline->Illuminate\Pipeline\{closure}(Object(Illuminate\Http\Request))
#19 /home/jonathan/Desktop/annotator/vendor/compiled.php(9036): call_user_func(Object(Closure), Object(Illuminate\Http\Request))
#20 /home/jonathan/Desktop/annotator/vendor/compiled.php(7042): Illuminate\Pipeline\Pipeline->then(Object(Closure))
#21 /home/jonathan/Desktop/annotator/vendor/compiled.php(7031): Illuminate\Routing\Router->runRouteWithinStack(Object(Illuminate\Routing\Route), Object(Illuminate\Http\Request))
#22 /home/jonathan/Desktop/annotator/vendor/compiled.php(7016): Illuminate\Routing\Router->dispatchToRoute(Object(Illuminate\Http\Request))
#23 /home/jonathan/Desktop/annotator/vendor/compiled.php(1989): Illuminate\Routing\Router->dispatch(Object(Illuminate\Http\Request))
#24 [internal function]: Illuminate\Foundation\Http\Kernel->Illuminate\Foundation\Http\{closure}(Object(Illuminate\Http\Request))
#25 /home/jonathan/Desktop/annotator/vendor/compiled.php(9053): call_user_func(Object(Closure), Object(Illuminate\Http\Request))
#26 /home/jonathan/Desktop/annotator/vendor/compiled.php(12202): Illuminate\Pipeline\Pipeline->Illuminate\Pipeline\{closure}(Object(Illuminate\Http\Request))
#27 /home/jonathan/Desktop/annotator/vendor/compiled.php(9045): Illuminate\View\Middleware\ShareErrorsFromSession->handle(Object(Illuminate\Http\Request), Object(Closure))
#28 /home/jonathan/Desktop/annotator/vendor/compiled.php(10903): Illuminate\Pipeline\Pipeline->Illuminate\Pipeline\{closure}(Object(Illuminate\Http\Request))
#29 /home/jonathan/Desktop/annotator/vendor/compiled.php(9045): Illuminate\Session\Middleware\StartSession->handle(Object(Illuminate\Http\Request), Object(Closure))
#30 /home/jonathan/Desktop/annotator/vendor/compiled.php(11908): Illuminate\Pipeline\Pipeline->Illuminate\Pipeline\{closure}(Object(Illuminate\Http\Request))
#31 /home/jonathan/Desktop/annotator/vendor/compiled.php(9045): Illuminate\Cookie\Middleware\AddQueuedCookiesToResponse->handle(Object(Illuminate\Http\Request), Object(Closure))
#32 /home/jonathan/Desktop/annotator/vendor/compiled.php(11857): Illuminate\Pipeline\Pipeline->Illuminate\Pipeline\{closure}(Object(Illuminate\Http\Request))
#33 /home/jonathan/Desktop/annotator/vendor/compiled.php(9045): Illuminate\Cookie\Middleware\EncryptCookies->handle(Object(Illuminate\Http\Request), Object(Closure))
#34 /home/jonathan/Desktop/annotator/vendor/compiled.php(2532): Illuminate\Pipeline\Pipeline->Illuminate\Pipeline\{closure}(Object(Illuminate\Http\Request))
#35 /home/jonathan/Desktop/annotator/vendor/compiled.php(9045): Illuminate\Foundation\Http\Middleware\CheckForMaintenanceMode->handle(Object(Illuminate\Http\Request), Object(Closure))
#36 [internal function]: Illuminate\Pipeline\Pipeline->Illuminate\Pipeline\{closure}(Object(Illuminate\Http\Request))
#37 /home/jonathan/Desktop/annotator/vendor/compiled.php(9036): call_user_func(Object(Closure), Object(Illuminate\Http\Request))
#38 /home/jonathan/Desktop/annotator/vendor/compiled.php(1945): Illuminate\Pipeline\Pipeline->then(Object(Closure))
#39 /home/jonathan/Desktop/annotator/vendor/compiled.php(1932): Illuminate\Foundation\Http\Kernel->sendRequestThroughRouter(Object(Illuminate\Http\Request))
#40 /home/jonathan/Desktop/annotator/public/index.php(53): Illuminate\Foundation\Http\Kernel->handle(Object(Illuminate\Http\Request))
#41 {main}  
[2016-03-30 03:14:22] local.ERROR: exception 'ErrorException' with message 'Non-static method App\TagUse::fidTagNameforuser() should not be called statically, assuming $this from incompatible context' in /home/jonathan/Desktop/annotator/app/Http/Controllers/ManageController.php:48
Stack trace:
#0 /home/jonathan/Desktop/annotator/app/Http/Controllers/ManageController.php(48): Illuminate\Foundation\Bootstrap\HandleExceptions->handleError(2048, 'Non-static meth...', '/home/jonathan/...', 48, Array)
#1 [internal function]: App\Http\Controllers\ManageController->index()
#2 /home/jonathan/Desktop/annotator/vendor/compiled.php(8373): call_user_func_array(Array, Array)
#3 /home/jonathan/Desktop/annotator/vendor/compiled.php(8440): Illuminate\Routing\Controller->callAction('index', Array)
#4 /home/jonathan/Desktop/annotator/vendor/compiled.php(8419): Illuminate\Routing\ControllerDispatcher->call(Object(App\Http\Controllers\ManageController), Object(Illuminate\Routing\Route), 'index')
#5 [internal function]: Illuminate\Routing\ControllerDispatcher->Illuminate\Routing\{closure}(Object(Illuminate\Http\Request))
#6 /home/jonathan/Desktop/annotator/vendor/compiled.php(9053): call_user_func(Object(Closure), Object(Illuminate\Http\Request))
#7 [internal function]: Illuminate\Pipeline\Pipeline->Illuminate\Pipeline\{closure}(Object(Illuminate\Http\Request))
#8 /home/jonathan/Desktop/annotator/vendor/compiled.php(9036): call_user_func(Object(Closure), Object(Illuminate\Http\Request))
#9 /home/jonathan/Desktop/annotator/vendor/compiled.php(8420): Illuminate\Pipeline\Pipeline->then(Object(Closure))
#10 /home/jonathan/Desktop/annotator/vendor/compiled.php(8406): Illuminate\Routing\ControllerDispatcher->callWithinStack(Object(App\Http\Controllers\ManageController), Object(Illuminate\Routing\Route), Object(Illuminate\Http\Request), 'index')
#11 /home/jonathan/Desktop/annotator/vendor/compiled.php(7404): Illuminate\Routing\ControllerDispatcher->dispatch(Object(Illuminate\Routing\Route), Object(Illuminate\Http\Request), 'App\\Http\\Contro...', 'index')
#12 /home/jonathan/Desktop/annotator/vendor/compiled.php(7375): Illuminate\Routing\Route->runWithCustomDispatcher(Object(Illuminate\Http\Request))
#13 /home/jonathan/Desktop/annotator/vendor/compiled.php(7041): Illuminate\Routing\Route->run(Object(Illuminate\Http\Request))
#14 [internal function]: Illuminate\Routing\Router->Illuminate\Routing\{closure}(Object(Illuminate\Http\Request))
#15 /home/jonathan/Desktop/annotator/vendor/compiled.php(9053): call_user_func(Object(Closure), Object(Illuminate\Http\Request))
#16 /home/jonathan/Desktop/annotator/app/Http/Middleware/Authenticate.php(45): Illuminate\Pipeline\Pipeline->Illuminate\Pipeline\{closure}(Object(Illuminate\Http\Request))
#17 /home/jonathan/Desktop/annotator/vendor/compiled.php(9045): App\Http\Middleware\Authenticate->handle(Object(Illuminate\Http\Request), Object(Closure))
#18 [internal function]: Illuminate\Pipeline\Pipeline->Illuminate\Pipeline\{closure}(Object(Illuminate\Http\Request))
#19 /home/jonathan/Desktop/annotator/vendor/compiled.php(9036): call_user_func(Object(Closure), Object(Illuminate\Http\Request))
#20 /home/jonathan/Desktop/annotator/vendor/compiled.php(7042): Illuminate\Pipeline\Pipeline->then(Object(Closure))
#21 /home/jonathan/Desktop/annotator/vendor/compiled.php(7031): Illuminate\Routing\Router->runRouteWithinStack(Object(Illuminate\Routing\Route), Object(Illuminate\Http\Request))
#22 /home/jonathan/Desktop/annotator/vendor/compiled.php(7016): Illuminate\Routing\Router->dispatchToRoute(Object(Illuminate\Http\Request))
#23 /home/jonathan/Desktop/annotator/vendor/compiled.php(1989): Illuminate\Routing\Router->dispatch(Object(Illuminate\Http\Request))
#24 [internal function]: Illuminate\Foundation\Http\Kernel->Illuminate\Foundation\Http\{closure}(Object(Illuminate\Http\Request))
#25 /home/jonathan/Desktop/annotator/vendor/compiled.php(9053): call_user_func(Object(Closure), Object(Illuminate\Http\Request))
#26 /home/jonathan/Desktop/annotator/vendor/compiled.php(12202): Illuminate\Pipeline\Pipeline->Illuminate\Pipeline\{closure}(Object(Illuminate\Http\Request))
#27 /home/jonathan/Desktop/annotator/vendor/compiled.php(9045): Illuminate\View\Middleware\ShareErrorsFromSession->handle(Object(Illuminate\Http\Request), Object(Closure))
#28 /home/jonathan/Desktop/annotator/vendor/compiled.php(10903): Illuminate\Pipeline\Pipeline->Illuminate\Pipeline\{closure}(Object(Illuminate\Http\Request))
#29 /home/jonathan/Desktop/annotator/vendor/compiled.php(9045): Illuminate\Session\Middleware\StartSession->handle(Object(Illuminate\Http\Request), Object(Closure))
#30 /home/jonathan/Desktop/annotator/vendor/compiled.php(11908): Illuminate\Pipeline\Pipeline->Illuminate\Pipeline\{closure}(Object(Illuminate\Http\Request))
#31 /home/jonathan/Desktop/annotator/vendor/compiled.php(9045): Illuminate\Cookie\Middleware\AddQueuedCookiesToResponse->handle(Object(Illuminate\Http\Request), Object(Closure))
#32 /home/jonathan/Desktop/annotator/vendor/compiled.php(11857): Illuminate\Pipeline\Pipeline->Illuminate\Pipeline\{closure}(Object(Illuminate\Http\Request))
#33 /home/jonathan/Desktop/annotator/vendor/compiled.php(9045): Illuminate\Cookie\Middleware\EncryptCookies->handle(Object(Illuminate\Http\Request), Object(Closure))
#34 /home/jonathan/Desktop/annotator/vendor/compiled.php(2532): Illuminate\Pipeline\Pipeline->Illuminate\Pipeline\{closure}(Object(Illuminate\Http\Request))
#35 /home/jonathan/Desktop/annotator/vendor/compiled.php(9045): Illuminate\Foundation\Http\Middleware\CheckForMaintenanceMode->handle(Object(Illuminate\Http\Request), Object(Closure))
#36 [internal function]: Illuminate\Pipeline\Pipeline->Illuminate\Pipeline\{closure}(Object(Illuminate\Http\Request))
#37 /home/jonathan/Desktop/annotator/vendor/compiled.php(9036): call_user_func(Object(Closure), Object(Illuminate\Http\Request))
#38 /home/jonathan/Desktop/annotator/vendor/compiled.php(1945): Illuminate\Pipeline\Pipeline->then(Object(Closure))
#39 /home/jonathan/Desktop/annotator/vendor/compiled.php(1932): Illuminate\Foundation\Http\Kernel->sendRequestThroughRouter(Object(Illuminate\Http\Request))
#40 /home/jonathan/Desktop/annotator/public/index.php(53): Illuminate\Foundation\Http\Kernel->handle(Object(Illuminate\Http\Request))
#41 {main}  
[2016-03-30 03:14:22] local.ERROR: exception 'ErrorException' with message 'Non-static method App\TagUse::fidTagNameforuser() should not be called statically, assuming $this from incompatible context' in /home/jonathan/Desktop/annotator/app/Http/Controllers/ManageController.php:48
Stack trace:
#0 /home/jonathan/Desktop/annotator/app/Http/Controllers/ManageController.php(48): Illuminate\Foundation\Bootstrap\HandleExceptions->handleError(2048, 'Non-static meth...', '/home/jonathan/...', 48, Array)
#1 [internal function]: App\Http\Controllers\ManageController->index()
#2 /home/jonathan/Desktop/annotator/vendor/compiled.php(8373): call_user_func_array(Array, Array)
#3 /home/jonathan/Desktop/annotator/vendor/compiled.php(8440): Illuminate\Routing\Controller->callAction('index', Array)
#4 /home/jonathan/Desktop/annotator/vendor/compiled.php(8419): Illuminate\Routing\ControllerDispatcher->call(Object(App\Http\Controllers\ManageController), Object(Illuminate\Routing\Route), 'index')
#5 [internal function]: Illuminate\Routing\ControllerDispatcher->Illuminate\Routing\{closure}(Object(Illuminate\Http\Request))
#6 /home/jonathan/Desktop/annotator/vendor/compiled.php(9053): call_user_func(Object(Closure), Object(Illuminate\Http\Request))
#7 [internal function]: Illuminate\Pipeline\Pipeline->Illuminate\Pipeline\{closure}(Object(Illuminate\Http\Request))
#8 /home/jonathan/Desktop/annotator/vendor/compiled.php(9036): call_user_func(Object(Closure), Object(Illuminate\Http\Request))
#9 /home/jonathan/Desktop/annotator/vendor/compiled.php(8420): Illuminate\Pipeline\Pipeline->then(Object(Closure))
#10 /home/jonathan/Desktop/annotator/vendor/compiled.php(8406): Illuminate\Routing\ControllerDispatcher->callWithinStack(Object(App\Http\Controllers\ManageController), Object(Illuminate\Routing\Route), Object(Illuminate\Http\Request), 'index')
#11 /home/jonathan/Desktop/annotator/vendor/compiled.php(7404): Illuminate\Routing\ControllerDispatcher->dispatch(Object(Illuminate\Routing\Route), Object(Illuminate\Http\Request), 'App\\Http\\Contro...', 'index')
#12 /home/jonathan/Desktop/annotator/vendor/compiled.php(7375): Illuminate\Routing\Route->runWithCustomDispatcher(Object(Illuminate\Http\Request))
#13 /home/jonathan/Desktop/annotator/vendor/compiled.php(7041): Illuminate\Routing\Route->run(Object(Illuminate\Http\Request))
#14 [internal function]: Illuminate\Routing\Router->Illuminate\Routing\{closure}(Object(Illuminate\Http\Request))
#15 /home/jonathan/Desktop/annotator/vendor/compiled.php(9053): call_user_func(Object(Closure), Object(Illuminate\Http\Request))
#16 /home/jonathan/Desktop/annotator/app/Http/Middleware/Authenticate.php(45): Illuminate\Pipeline\Pipeline->Illuminate\Pipeline\{closure}(Object(Illuminate\Http\Request))
#17 /home/jonathan/Desktop/annotator/vendor/compiled.php(9045): App\Http\Middleware\Authenticate->handle(Object(Illuminate\Http\Request), Object(Closure))
#18 [internal function]: Illuminate\Pipeline\Pipeline->Illuminate\Pipeline\{closure}(Object(Illuminate\Http\Request))
#19 /home/jonathan/Desktop/annotator/vendor/compiled.php(9036): call_user_func(Object(Closure), Object(Illuminate\Http\Request))
#20 /home/jonathan/Desktop/annotator/vendor/compiled.php(7042): Illuminate\Pipeline\Pipeline->then(Object(Closure))
#21 /home/jonathan/Desktop/annotator/vendor/compiled.php(7031): Illuminate\Routing\Router->runRouteWithinStack(Object(Illuminate\Routing\Route), Object(Illuminate\Http\Request))
#22 /home/jonathan/Desktop/annotator/vendor/compiled.php(7016): Illuminate\Routing\Router->dispatchToRoute(Object(Illuminate\Http\Request))
#23 /home/jonathan/Desktop/annotator/vendor/compiled.php(1989): Illuminate\Routing\Router->dispatch(Object(Illuminate\Http\Request))
#24 [internal function]: Illuminate\Foundation\Http\Kernel->Illuminate\Foundation\Http\{closure}(Object(Illuminate\Http\Request))
#25 /home/jonathan/Desktop/annotator/vendor/compiled.php(9053): call_user_func(Object(Closure), Object(Illuminate\Http\Request))
#26 /home/jonathan/Desktop/annotator/vendor/compiled.php(12202): Illuminate\Pipeline\Pipeline->Illuminate\Pipeline\{closure}(Object(Illuminate\Http\Request))
#27 /home/jonathan/Desktop/annotator/vendor/compiled.php(9045): Illuminate\View\Middleware\ShareErrorsFromSession->handle(Object(Illuminate\Http\Request), Object(Closure))
#28 /home/jonathan/Desktop/annotator/vendor/compiled.php(10903): Illuminate\Pipeline\Pipeline->Illuminate\Pipeline\{closure}(Object(Illuminate\Http\Request))
#29 /home/jonathan/Desktop/annotator/vendor/compiled.php(9045): Illuminate\Session\Middleware\StartSession->handle(Object(Illuminate\Http\Request), Object(Closure))
#30 /home/jonathan/Desktop/annotator/vendor/compiled.php(11908): Illuminate\Pipeline\Pipeline->Illuminate\Pipeline\{closure}(Object(Illuminate\Http\Request))
#31 /home/jonathan/Desktop/annotator/vendor/compiled.php(9045): Illuminate\Cookie\Middleware\AddQueuedCookiesToResponse->handle(Object(Illuminate\Http\Request), Object(Closure))
#32 /home/jonathan/Desktop/annotator/vendor/compiled.php(11857): Illuminate\Pipeline\Pipeline->Illuminate\Pipeline\{closure}(Object(Illuminate\Http\Request))
#33 /home/jonathan/Desktop/annotator/vendor/compiled.php(9045): Illuminate\Cookie\Middleware\EncryptCookies->handle(Object(Illuminate\Http\Request), Object(Closure))
#34 /home/jonathan/Desktop/annotator/vendor/compiled.php(2532): Illuminate\Pipeline\Pipeline->Illuminate\Pipeline\{closure}(Object(Illuminate\Http\Request))
#35 /home/jonathan/Desktop/annotator/vendor/compiled.php(9045): Illuminate\Foundation\Http\Middleware\CheckForMaintenanceMode->handle(Object(Illuminate\Http\Request), Object(Closure))
#36 [internal function]: Illuminate\Pipeline\Pipeline->Illuminate\Pipeline\{closure}(Object(Illuminate\Http\Request))
#37 /home/jonathan/Desktop/annotator/vendor/compiled.php(9036): call_user_func(Object(Closure), Object(Illuminate\Http\Request))
#38 /home/jonathan/Desktop/annotator/vendor/compiled.php(1945): Illuminate\Pipeline\Pipeline->then(Object(Closure))
#39 /home/jonathan/Desktop/annotator/vendor/compiled.php(1932): Illuminate\Foundation\Http\Kernel->sendRequestThroughRouter(Object(Illuminate\Http\Request))
#40 /home/jonathan/Desktop/annotator/public/index.php(53): Illuminate\Foundation\Http\Kernel->handle(Object(Illuminate\Http\Request))
#41 {main}  
[2016-03-30 03:14:22] local.ERROR: exception 'ErrorException' with message 'Non-static method App\TagUse::fidTagNameforuser() should not be called statically, assuming $this from incompatible context' in /home/jonathan/Desktop/annotator/app/Http/Controllers/ManageController.php:48
Stack trace:
#0 /home/jonathan/Desktop/annotator/app/Http/Controllers/ManageController.php(48): Illuminate\Foundation\Bootstrap\HandleExceptions->handleError(2048, 'Non-static meth...', '/home/jonathan/...', 48, Array)
#1 [internal function]: App\Http\Controllers\ManageController->index()
#2 /home/jonathan/Desktop/annotator/vendor/compiled.php(8373): call_user_func_array(Array, Array)
#3 /home/jonathan/Desktop/annotator/vendor/compiled.php(8440): Illuminate\Routing\Controller->callAction('index', Array)
#4 /home/jonathan/Desktop/annotator/vendor/compiled.php(8419): Illuminate\Routing\ControllerDispatcher->call(Object(App\Http\Controllers\ManageController), Object(Illuminate\Routing\Route), 'index')
#5 [internal function]: Illuminate\Routing\ControllerDispatcher->Illuminate\Routing\{closure}(Object(Illuminate\Http\Request))
#6 /home/jonathan/Desktop/annotator/vendor/compiled.php(9053): call_user_func(Object(Closure), Object(Illuminate\Http\Request))
#7 [internal function]: Illuminate\Pipeline\Pipeline->Illuminate\Pipeline\{closure}(Object(Illuminate\Http\Request))
#8 /home/jonathan/Desktop/annotator/vendor/compiled.php(9036): call_user_func(Object(Closure), Object(Illuminate\Http\Request))
#9 /home/jonathan/Desktop/annotator/vendor/compiled.php(8420): Illuminate\Pipeline\Pipeline->then(Object(Closure))
#10 /home/jonathan/Desktop/annotator/vendor/compiled.php(8406): Illuminate\Routing\ControllerDispatcher->callWithinStack(Object(App\Http\Controllers\ManageController), Object(Illuminate\Routing\Route), Object(Illuminate\Http\Request), 'index')
#11 /home/jonathan/Desktop/annotator/vendor/compiled.php(7404): Illuminate\Routing\ControllerDispatcher->dispatch(Object(Illuminate\Routing\Route), Object(Illuminate\Http\Request), 'App\\Http\\Contro...', 'index')
#12 /home/jonathan/Desktop/annotator/vendor/compiled.php(7375): Illuminate\Routing\Route->runWithCustomDispatcher(Object(Illuminate\Http\Request))
#13 /home/jonathan/Desktop/annotator/vendor/compiled.php(7041): Illuminate\Routing\Route->run(Object(Illuminate\Http\Request))
#14 [internal function]: Illuminate\Routing\Router->Illuminate\Routing\{closure}(Object(Illuminate\Http\Request))
#15 /home/jonathan/Desktop/annotator/vendor/compiled.php(9053): call_user_func(Object(Closure), Object(Illuminate\Http\Request))
#16 /home/jonathan/Desktop/annotator/app/Http/Middleware/Authenticate.php(45): Illuminate\Pipeline\Pipeline->Illuminate\Pipeline\{closure}(Object(Illuminate\Http\Request))
#17 /home/jonathan/Desktop/annotator/vendor/compiled.php(9045): App\Http\Middleware\Authenticate->handle(Object(Illuminate\Http\Request), Object(Closure))
#18 [internal function]: Illuminate\Pipeline\Pipeline->Illuminate\Pipeline\{closure}(Object(Illuminate\Http\Request))
#19 /home/jonathan/Desktop/annotator/vendor/compiled.php(9036): call_user_func(Object(Closure), Object(Illuminate\Http\Request))
#20 /home/jonathan/Desktop/annotator/vendor/compiled.php(7042): Illuminate\Pipeline\Pipeline->then(Object(Closure))
#21 /home/jonathan/Desktop/annotator/vendor/compiled.php(7031): Illuminate\Routing\Router->runRouteWithinStack(Object(Illuminate\Routing\Route), Object(Illuminate\Http\Request))
#22 /home/jonathan/Desktop/annotator/vendor/compiled.php(7016): Illuminate\Routing\Router->dispatchToRoute(Object(Illuminate\Http\Request))
#23 /home/jonathan/Desktop/annotator/vendor/compiled.php(1989): Illuminate\Routing\Router->dispatch(Object(Illuminate\Http\Request))
#24 [internal function]: Illuminate\Foundation\Http\Kernel->Illuminate\Foundation\Http\{closure}(Object(Illuminate\Http\Request))
#25 /home/jonathan/Desktop/annotator/vendor/compiled.php(9053): call_user_func(Object(Closure), Object(Illuminate\Http\Request))
#26 /home/jonathan/Desktop/annotator/vendor/compiled.php(12202): Illuminate\Pipeline\Pipeline->Illuminate\Pipeline\{closure}(Object(Illuminate\Http\Request))
#27 /home/jonathan/Desktop/annotator/vendor/compiled.php(9045): Illuminate\View\Middleware\ShareErrorsFromSession->handle(Object(Illuminate\Http\Request), Object(Closure))
#28 /home/jonathan/Desktop/annotator/vendor/compiled.php(10903): Illuminate\Pipeline\Pipeline->Illuminate\Pipeline\{closure}(Object(Illuminate\Http\Request))
#29 /home/jonathan/Desktop/annotator/vendor/compiled.php(9045): Illuminate\Session\Middleware\StartSession->handle(Object(Illuminate\Http\Request), Object(Closure))
#30 /home/jonathan/Desktop/annotator/vendor/compiled.php(11908): Illuminate\Pipeline\Pipeline->Illuminate\Pipeline\{closure}(Object(Illuminate\Http\Request))
#31 /home/jonathan/Desktop/annotator/vendor/compiled.php(9045): Illuminate\Cookie\Middleware\AddQueuedCookiesToResponse->handle(Object(Illuminate\Http\Request), Object(Closure))
#32 /home/jonathan/Desktop/annotator/vendor/compiled.php(11857): Illuminate\Pipeline\Pipeline->Illuminate\Pipeline\{closure}(Object(Illuminate\Http\Request))
#33 /home/jonathan/Desktop/annotator/vendor/compiled.php(9045): Illuminate\Cookie\Middleware\EncryptCookies->handle(Object(Illuminate\Http\Request), Object(Closure))
#34 /home/jonathan/Desktop/annotator/vendor/compiled.php(2532): Illuminate\Pipeline\Pipeline->Illuminate\Pipeline\{closure}(Object(Illuminate\Http\Request))
#35 /home/jonathan/Desktop/annotator/vendor/compiled.php(9045): Illuminate\Foundation\Http\Middleware\CheckForMaintenanceMode->handle(Object(Illuminate\Http\Request), Object(Closure))
#36 [internal function]: Illuminate\Pipeline\Pipeline->Illuminate\Pipeline\{closure}(Object(Illuminate\Http\Request))
#37 /home/jonathan/Desktop/annotator/vendor/compiled.php(9036): call_user_func(Object(Closure), Object(Illuminate\Http\Request))
#38 /home/jonathan/Desktop/annotator/vendor/compiled.php(1945): Illuminate\Pipeline\Pipeline->then(Object(Closure))
#39 /home/jonathan/Desktop/annotator/vendor/compiled.php(1932): Illuminate\Foundation\Http\Kernel->sendRequestThroughRouter(Object(Illuminate\Http\Request))
#40 /home/jonathan/Desktop/annotator/public/index.php(53): Illuminate\Foundation\Http\Kernel->handle(Object(Illuminate\Http\Request))
#41 {main}  
