<<<<<<< HEAD
[2016-03-11 07:00:11] local.ERROR: exception 'PDOException' with message 'SQLSTATE[28000] [1045] Access denied for user 'homestead'@'localhost' (using password: YES)' in /var/www/html/annotator/vendor/laravel/framework/src/Illuminate/Database/Connectors/Connector.php:47
Stack trace:
#0 /var/www/html/annotator/vendor/laravel/framework/src/Illuminate/Database/Connectors/Connector.php(47): PDO->__construct('mysql:host=loca...', 'homestead', 'secret', Array)
#1 /var/www/html/annotator/vendor/laravel/framework/src/Illuminate/Database/Connectors/MySqlConnector.php(20): Illuminate\Database\Connectors\Connector->createConnection('mysql:host=loca...', Array, Array)
#2 /var/www/html/annotator/vendor/compiled.php(10791): Illuminate\Database\Connectors\MySqlConnector->connect(Array)
#3 /var/www/html/annotator/vendor/compiled.php(10787): Illuminate\Database\Connectors\ConnectionFactory->createSingleConnection(Array)
#4 /var/www/html/annotator/vendor/compiled.php(10705): Illuminate\Database\Connectors\ConnectionFactory->make(Array, 'mysql')
#5 /var/www/html/annotator/vendor/compiled.php(10660): Illuminate\Database\DatabaseManager->makeConnection('mysql')
#6 /var/www/html/annotator/vendor/compiled.php(10539): Illuminate\Database\DatabaseManager->connection(NULL)
#7 /var/www/html/annotator/vendor/compiled.php(10526): Illuminate\Database\Eloquent\Model::resolveConnection(NULL)
#8 /var/www/html/annotator/vendor/compiled.php(10015): Illuminate\Database\Eloquent\Model->getConnection()
#9 /var/www/html/annotator/vendor/compiled.php(9992): Illuminate\Database\Eloquent\Model->newBaseQueryBuilder()
#10 /var/www/html/annotator/vendor/compiled.php(9982): Illuminate\Database\Eloquent\Model->newQueryWithoutScopes()
#11 /var/www/html/annotator/vendor/compiled.php(718): Illuminate\Database\Eloquent\Model->newQuery()
#12 /var/www/html/annotator/vendor/compiled.php(514): Illuminate\Auth\EloquentUserProvider->retrieveByCredentials(Array)
#13 [internal function]: Illuminate\Auth\Guard->attempt(Array)
#14 /var/www/html/annotator/vendor/compiled.php(11405): call_user_func_array(Array, Array)
#15 /var/www/html/annotator/vendor/compiled.php(5368): Illuminate\Support\Manager->__call('attempt', Array)
#16 /var/www/html/annotator/vendor/compiled.php(5368): Illuminate\Auth\AuthManager->attempt(Array)
#17 /var/www/html/annotator/app/Http/Controllers/AuthController.php(132): Illuminate\Support\Facades\Facade::__callStatic('attempt', Array)
#18 /var/www/html/annotator/app/Http/Controllers/AuthController.php(132): Illuminate\Support\Facades\Auth::attempt(Array)
#19 [internal function]: App\Http\Controllers\AuthController->postLogin()
#20 /var/www/html/annotator/vendor/compiled.php(8373): call_user_func_array(Array, Array)
#21 /var/www/html/annotator/vendor/compiled.php(8440): Illuminate\Routing\Controller->callAction('postLogin', Array)
#22 /var/www/html/annotator/vendor/compiled.php(8419): Illuminate\Routing\ControllerDispatcher->call(Object(App\Http\Controllers\AuthController), Object(Illuminate\Routing\Route), 'postLogin')
#23 [internal function]: Illuminate\Routing\ControllerDispatcher->Illuminate\Routing\{closure}(Object(Illuminate\Http\Request))
#24 /var/www/html/annotator/vendor/compiled.php(9053): call_user_func(Object(Closure), Object(Illuminate\Http\Request))
#25 /var/www/html/annotator/app/Http/Middleware/RedirectIfAuthenticated.php(40): Illuminate\Pipeline\Pipeline->Illuminate\Pipeline\{closure}(Object(Illuminate\Http\Request))
#26 /var/www/html/annotator/vendor/compiled.php(9045): App\Http\Middleware\RedirectIfAuthenticated->handle(Object(Illuminate\Http\Request), Object(Closure))
#27 [internal function]: Illuminate\Pipeline\Pipeline->Illuminate\Pipeline\{closure}(Object(Illuminate\Http\Request))
#28 /var/www/html/annotator/vendor/compiled.php(9036): call_user_func(Object(Closure), Object(Illuminate\Http\Request))
#29 /var/www/html/annotator/vendor/compiled.php(8420): Illuminate\Pipeline\Pipeline->then(Object(Closure))
#30 /var/www/html/annotator/vendor/compiled.php(8406): Illuminate\Routing\ControllerDispatcher->callWithinStack(Object(App\Http\Controllers\AuthController), Object(Illuminate\Routing\Route), Object(Illuminate\Http\Request), 'postLogin')
#31 /var/www/html/annotator/vendor/compiled.php(7404): Illuminate\Routing\ControllerDispatcher->dispatch(Object(Illuminate\Routing\Route), Object(Illuminate\Http\Request), 'App\\Http\\Contro...', 'postLogin')
#32 /var/www/html/annotator/vendor/compiled.php(7375): Illuminate\Routing\Route->runWithCustomDispatcher(Object(Illuminate\Http\Request))
#33 /var/www/html/annotator/vendor/compiled.php(7041): Illuminate\Routing\Route->run(Object(Illuminate\Http\Request))
#34 [internal function]: Illuminate\Routing\Router->Illuminate\Routing\{closure}(Object(Illuminate\Http\Request))
#35 /var/www/html/annotator/vendor/compiled.php(9053): call_user_func(Object(Closure), Object(Illuminate\Http\Request))
#36 [internal function]: Illuminate\Pipeline\Pipeline->Illuminate\Pipeline\{closure}(Object(Illuminate\Http\Request))
#37 /var/www/html/annotator/vendor/compiled.php(9036): call_user_func(Object(Closure), Object(Illuminate\Http\Request))
#38 /var/www/html/annotator/vendor/compiled.php(7042): Illuminate\Pipeline\Pipeline->then(Object(Closure))
#39 /var/www/html/annotator/vendor/compiled.php(7031): Illuminate\Routing\Router->runRouteWithinStack(Object(Illuminate\Routing\Route), Object(Illuminate\Http\Request))
#40 /var/www/html/annotator/vendor/compiled.php(7016): Illuminate\Routing\Router->dispatchToRoute(Object(Illuminate\Http\Request))
#41 /var/www/html/annotator/vendor/compiled.php(1989): Illuminate\Routing\Router->dispatch(Object(Illuminate\Http\Request))
#42 [internal function]: Illuminate\Foundation\Http\Kernel->Illuminate\Foundation\Http\{closure}(Object(Illuminate\Http\Request))
#43 /var/www/html/annotator/vendor/compiled.php(9053): call_user_func(Object(Closure), Object(Illuminate\Http\Request))
#44 /var/www/html/annotator/vendor/compiled.php(12202): Illuminate\Pipeline\Pipeline->Illuminate\Pipeline\{closure}(Object(Illuminate\Http\Request))
#45 /var/www/html/annotator/vendor/compiled.php(9045): Illuminate\View\Middleware\ShareErrorsFromSession->handle(Object(Illuminate\Http\Request), Object(Closure))
#46 /var/www/html/annotator/vendor/compiled.php(10903): Illuminate\Pipeline\Pipeline->Illuminate\Pipeline\{closure}(Object(Illuminate\Http\Request))
#47 /var/www/html/annotator/vendor/compiled.php(9045): Illuminate\Session\Middleware\StartSession->handle(Object(Illuminate\Http\Request), Object(Closure))
#48 /var/www/html/annotator/vendor/compiled.php(11908): Illuminate\Pipeline\Pipeline->Illuminate\Pipeline\{closure}(Object(Illuminate\Http\Request))
#49 /var/www/html/annotator/vendor/compiled.php(9045): Illuminate\Cookie\Middleware\AddQueuedCookiesToResponse->handle(Object(Illuminate\Http\Request), Object(Closure))
#50 /var/www/html/annotator/vendor/compiled.php(11857): Illuminate\Pipeline\Pipeline->Illuminate\Pipeline\{closure}(Object(Illuminate\Http\Request))
#51 /var/www/html/annotator/vendor/compiled.php(9045): Illuminate\Cookie\Middleware\EncryptCookies->handle(Object(Illuminate\Http\Request), Object(Closure))
#52 /var/www/html/annotator/vendor/compiled.php(2532): Illuminate\Pipeline\Pipeline->Illuminate\Pipeline\{closure}(Object(Illuminate\Http\Request))
#53 /var/www/html/annotator/vendor/compiled.php(9045): Illuminate\Foundation\Http\Middleware\CheckForMaintenanceMode->handle(Object(Illuminate\Http\Request), Object(Closure))
#54 [internal function]: Illuminate\Pipeline\Pipeline->Illuminate\Pipeline\{closure}(Object(Illuminate\Http\Request))
#55 /var/www/html/annotator/vendor/compiled.php(9036): call_user_func(Object(Closure), Object(Illuminate\Http\Request))
#56 /var/www/html/annotator/vendor/compiled.php(1945): Illuminate\Pipeline\Pipeline->then(Object(Closure))
#57 /var/www/html/annotator/vendor/compiled.php(1932): Illuminate\Foundation\Http\Kernel->sendRequestThroughRouter(Object(Illuminate\Http\Request))
#58 /var/www/html/annotator/public/index.php(53): Illuminate\Foundation\Http\Kernel->handle(Object(Illuminate\Http\Request))
#59 {main}  
[2016-03-11 07:01:03] local.ERROR: exception 'PDOException' with message 'SQLSTATE[28000] [1045] Access denied for user 'root'@'localhost' (using password: YES)' in /var/www/html/annotator/vendor/laravel/framework/src/Illuminate/Database/Connectors/Connector.php:47
Stack trace:
#0 /var/www/html/annotator/vendor/laravel/framework/src/Illuminate/Database/Connectors/Connector.php(47): PDO->__construct('mysql:host=loca...', 'root', 'root', Array)
#1 /var/www/html/annotator/vendor/laravel/framework/src/Illuminate/Database/Connectors/MySqlConnector.php(20): Illuminate\Database\Connectors\Connector->createConnection('mysql:host=loca...', Array, Array)
#2 /var/www/html/annotator/vendor/compiled.php(10791): Illuminate\Database\Connectors\MySqlConnector->connect(Array)
#3 /var/www/html/annotator/vendor/compiled.php(10787): Illuminate\Database\Connectors\ConnectionFactory->createSingleConnection(Array)
#4 /var/www/html/annotator/vendor/compiled.php(10705): Illuminate\Database\Connectors\ConnectionFactory->make(Array, 'mysql')
#5 /var/www/html/annotator/vendor/compiled.php(10660): Illuminate\Database\DatabaseManager->makeConnection('mysql')
#6 /var/www/html/annotator/vendor/compiled.php(10539): Illuminate\Database\DatabaseManager->connection(NULL)
#7 /var/www/html/annotator/vendor/compiled.php(10526): Illuminate\Database\Eloquent\Model::resolveConnection(NULL)
#8 /var/www/html/annotator/vendor/compiled.php(10015): Illuminate\Database\Eloquent\Model->getConnection()
#9 /var/www/html/annotator/vendor/compiled.php(9992): Illuminate\Database\Eloquent\Model->newBaseQueryBuilder()
#10 /var/www/html/annotator/vendor/compiled.php(9982): Illuminate\Database\Eloquent\Model->newQueryWithoutScopes()
#11 /var/www/html/annotator/vendor/compiled.php(718): Illuminate\Database\Eloquent\Model->newQuery()
#12 /var/www/html/annotator/vendor/compiled.php(514): Illuminate\Auth\EloquentUserProvider->retrieveByCredentials(Array)
#13 [internal function]: Illuminate\Auth\Guard->attempt(Array)
#14 /var/www/html/annotator/vendor/compiled.php(11405): call_user_func_array(Array, Array)
#15 /var/www/html/annotator/vendor/compiled.php(5368): Illuminate\Support\Manager->__call('attempt', Array)
#16 /var/www/html/annotator/vendor/compiled.php(5368): Illuminate\Auth\AuthManager->attempt(Array)
#17 /var/www/html/annotator/app/Http/Controllers/AuthController.php(132): Illuminate\Support\Facades\Facade::__callStatic('attempt', Array)
#18 /var/www/html/annotator/app/Http/Controllers/AuthController.php(132): Illuminate\Support\Facades\Auth::attempt(Array)
#19 [internal function]: App\Http\Controllers\AuthController->postLogin()
#20 /var/www/html/annotator/vendor/compiled.php(8373): call_user_func_array(Array, Array)
#21 /var/www/html/annotator/vendor/compiled.php(8440): Illuminate\Routing\Controller->callAction('postLogin', Array)
#22 /var/www/html/annotator/vendor/compiled.php(8419): Illuminate\Routing\ControllerDispatcher->call(Object(App\Http\Controllers\AuthController), Object(Illuminate\Routing\Route), 'postLogin')
#23 [internal function]: Illuminate\Routing\ControllerDispatcher->Illuminate\Routing\{closure}(Object(Illuminate\Http\Request))
#24 /var/www/html/annotator/vendor/compiled.php(9053): call_user_func(Object(Closure), Object(Illuminate\Http\Request))
#25 /var/www/html/annotator/app/Http/Middleware/RedirectIfAuthenticated.php(40): Illuminate\Pipeline\Pipeline->Illuminate\Pipeline\{closure}(Object(Illuminate\Http\Request))
#26 /var/www/html/annotator/vendor/compiled.php(9045): App\Http\Middleware\RedirectIfAuthenticated->handle(Object(Illuminate\Http\Request), Object(Closure))
#27 [internal function]: Illuminate\Pipeline\Pipeline->Illuminate\Pipeline\{closure}(Object(Illuminate\Http\Request))
#28 /var/www/html/annotator/vendor/compiled.php(9036): call_user_func(Object(Closure), Object(Illuminate\Http\Request))
#29 /var/www/html/annotator/vendor/compiled.php(8420): Illuminate\Pipeline\Pipeline->then(Object(Closure))
#30 /var/www/html/annotator/vendor/compiled.php(8406): Illuminate\Routing\ControllerDispatcher->callWithinStack(Object(App\Http\Controllers\AuthController), Object(Illuminate\Routing\Route), Object(Illuminate\Http\Request), 'postLogin')
#31 /var/www/html/annotator/vendor/compiled.php(7404): Illuminate\Routing\ControllerDispatcher->dispatch(Object(Illuminate\Routing\Route), Object(Illuminate\Http\Request), 'App\\Http\\Contro...', 'postLogin')
#32 /var/www/html/annotator/vendor/compiled.php(7375): Illuminate\Routing\Route->runWithCustomDispatcher(Object(Illuminate\Http\Request))
#33 /var/www/html/annotator/vendor/compiled.php(7041): Illuminate\Routing\Route->run(Object(Illuminate\Http\Request))
#34 [internal function]: Illuminate\Routing\Router->Illuminate\Routing\{closure}(Object(Illuminate\Http\Request))
#35 /var/www/html/annotator/vendor/compiled.php(9053): call_user_func(Object(Closure), Object(Illuminate\Http\Request))
#36 [internal function]: Illuminate\Pipeline\Pipeline->Illuminate\Pipeline\{closure}(Object(Illuminate\Http\Request))
#37 /var/www/html/annotator/vendor/compiled.php(9036): call_user_func(Object(Closure), Object(Illuminate\Http\Request))
#38 /var/www/html/annotator/vendor/compiled.php(7042): Illuminate\Pipeline\Pipeline->then(Object(Closure))
#39 /var/www/html/annotator/vendor/compiled.php(7031): Illuminate\Routing\Router->runRouteWithinStack(Object(Illuminate\Routing\Route), Object(Illuminate\Http\Request))
#40 /var/www/html/annotator/vendor/compiled.php(7016): Illuminate\Routing\Router->dispatchToRoute(Object(Illuminate\Http\Request))
#41 /var/www/html/annotator/vendor/compiled.php(1989): Illuminate\Routing\Router->dispatch(Object(Illuminate\Http\Request))
#42 [internal function]: Illuminate\Foundation\Http\Kernel->Illuminate\Foundation\Http\{closure}(Object(Illuminate\Http\Request))
#43 /var/www/html/annotator/vendor/compiled.php(9053): call_user_func(Object(Closure), Object(Illuminate\Http\Request))
#44 /var/www/html/annotator/vendor/compiled.php(12202): Illuminate\Pipeline\Pipeline->Illuminate\Pipeline\{closure}(Object(Illuminate\Http\Request))
#45 /var/www/html/annotator/vendor/compiled.php(9045): Illuminate\View\Middleware\ShareErrorsFromSession->handle(Object(Illuminate\Http\Request), Object(Closure))
#46 /var/www/html/annotator/vendor/compiled.php(10903): Illuminate\Pipeline\Pipeline->Illuminate\Pipeline\{closure}(Object(Illuminate\Http\Request))
#47 /var/www/html/annotator/vendor/compiled.php(9045): Illuminate\Session\Middleware\StartSession->handle(Object(Illuminate\Http\Request), Object(Closure))
#48 /var/www/html/annotator/vendor/compiled.php(11908): Illuminate\Pipeline\Pipeline->Illuminate\Pipeline\{closure}(Object(Illuminate\Http\Request))
#49 /var/www/html/annotator/vendor/compiled.php(9045): Illuminate\Cookie\Middleware\AddQueuedCookiesToResponse->handle(Object(Illuminate\Http\Request), Object(Closure))
#50 /var/www/html/annotator/vendor/compiled.php(11857): Illuminate\Pipeline\Pipeline->Illuminate\Pipeline\{closure}(Object(Illuminate\Http\Request))
#51 /var/www/html/annotator/vendor/compiled.php(9045): Illuminate\Cookie\Middleware\EncryptCookies->handle(Object(Illuminate\Http\Request), Object(Closure))
#52 /var/www/html/annotator/vendor/compiled.php(2532): Illuminate\Pipeline\Pipeline->Illuminate\Pipeline\{closure}(Object(Illuminate\Http\Request))
#53 /var/www/html/annotator/vendor/compiled.php(9045): Illuminate\Foundation\Http\Middleware\CheckForMaintenanceMode->handle(Object(Illuminate\Http\Request), Object(Closure))
#54 [internal function]: Illuminate\Pipeline\Pipeline->Illuminate\Pipeline\{closure}(Object(Illuminate\Http\Request))
#55 /var/www/html/annotator/vendor/compiled.php(9036): call_user_func(Object(Closure), Object(Illuminate\Http\Request))
#56 /var/www/html/annotator/vendor/compiled.php(1945): Illuminate\Pipeline\Pipeline->then(Object(Closure))
#57 /var/www/html/annotator/vendor/compiled.php(1932): Illuminate\Foundation\Http\Kernel->sendRequestThroughRouter(Object(Illuminate\Http\Request))
#58 /var/www/html/annotator/public/index.php(53): Illuminate\Foundation\Http\Kernel->handle(Object(Illuminate\Http\Request))
#59 {main}  
[2016-03-11 07:08:45] local.ERROR: exception 'Symfony\Component\Debug\Exception\FatalErrorException' with message 'Class 'App\DB' not found' in /var/www/html/annotator/app/TagUse.php:67
Stack trace:
#0 {main}  
[2016-03-11 07:10:03] local.ERROR: exception 'PDOException' with message 'SQLSTATE[21000]: Cardinality violation: 1241 Operand should contain 1 column(s)' in /var/www/html/annotator/vendor/laravel/framework/src/Illuminate/Database/Connection.php:292
Stack trace:
#0 /var/www/html/annotator/vendor/laravel/framework/src/Illuminate/Database/Connection.php(292): PDO->prepare('select tags.nam...')
#1 /var/www/html/annotator/vendor/laravel/framework/src/Illuminate/Database/Connection.php(616): Illuminate\Database\Connection->Illuminate\Database\{closure}(Object(Illuminate\Database\MySqlConnection), 'select tags.nam...', Array)
#2 /var/www/html/annotator/vendor/laravel/framework/src/Illuminate/Database/Connection.php(580): Illuminate\Database\Connection->runQueryCallback('select tags.nam...', Array, Object(Closure))
#3 /var/www/html/annotator/vendor/laravel/framework/src/Illuminate/Database/Connection.php(297): Illuminate\Database\Connection->run('select tags.nam...', Array, Object(Closure))
#4 [internal function]: Illuminate\Database\Connection->select('select tags.nam...', Array)
#5 /var/www/html/annotator/vendor/compiled.php(10754): call_user_func_array(Array, Array)
#6 /var/www/html/annotator/vendor/compiled.php(5370): Illuminate\Database\DatabaseManager->__call('select', Array)
#7 /var/www/html/annotator/vendor/compiled.php(5370): Illuminate\Database\DatabaseManager->select('select tags.nam...', Array)
#8 /var/www/html/annotator/app/TagUse.php(67): Illuminate\Support\Facades\Facade::__callStatic('select', Array)
#9 /var/www/html/annotator/app/TagUse.php(67): Illuminate\Support\Facades\DB::select('select tags.nam...', Array)
#10 /var/www/html/annotator/app/Http/Controllers/ManageController.php(42): App\TagUse::fidTagNameforuser('10')
#11 [internal function]: App\Http\Controllers\ManageController->index()
#12 /var/www/html/annotator/vendor/compiled.php(8373): call_user_func_array(Array, Array)
#13 /var/www/html/annotator/vendor/compiled.php(8440): Illuminate\Routing\Controller->callAction('index', Array)
#14 /var/www/html/annotator/vendor/compiled.php(8419): Illuminate\Routing\ControllerDispatcher->call(Object(App\Http\Controllers\ManageController), Object(Illuminate\Routing\Route), 'index')
#15 [internal function]: Illuminate\Routing\ControllerDispatcher->Illuminate\Routing\{closure}(Object(Illuminate\Http\Request))
#16 /var/www/html/annotator/vendor/compiled.php(9053): call_user_func(Object(Closure), Object(Illuminate\Http\Request))
#17 [internal function]: Illuminate\Pipeline\Pipeline->Illuminate\Pipeline\{closure}(Object(Illuminate\Http\Request))
#18 /var/www/html/annotator/vendor/compiled.php(9036): call_user_func(Object(Closure), Object(Illuminate\Http\Request))
#19 /var/www/html/annotator/vendor/compiled.php(8420): Illuminate\Pipeline\Pipeline->then(Object(Closure))
#20 /var/www/html/annotator/vendor/compiled.php(8406): Illuminate\Routing\ControllerDispatcher->callWithinStack(Object(App\Http\Controllers\ManageController), Object(Illuminate\Routing\Route), Object(Illuminate\Http\Request), 'index')
#21 /var/www/html/annotator/vendor/compiled.php(7404): Illuminate\Routing\ControllerDispatcher->dispatch(Object(Illuminate\Routing\Route), Object(Illuminate\Http\Request), 'App\\Http\\Contro...', 'index')
#22 /var/www/html/annotator/vendor/compiled.php(7375): Illuminate\Routing\Route->runWithCustomDispatcher(Object(Illuminate\Http\Request))
#23 /var/www/html/annotator/vendor/compiled.php(7041): Illuminate\Routing\Route->run(Object(Illuminate\Http\Request))
#24 [internal function]: Illuminate\Routing\Router->Illuminate\Routing\{closure}(Object(Illuminate\Http\Request))
#25 /var/www/html/annotator/vendor/compiled.php(9053): call_user_func(Object(Closure), Object(Illuminate\Http\Request))
#26 /var/www/html/annotator/app/Http/Middleware/Authenticate.php(45): Illuminate\Pipeline\Pipeline->Illuminate\Pipeline\{closure}(Object(Illuminate\Http\Request))
#27 /var/www/html/annotator/vendor/compiled.php(9045): App\Http\Middleware\Authenticate->handle(Object(Illuminate\Http\Request), Object(Closure))
#28 [internal function]: Illuminate\Pipeline\Pipeline->Illuminate\Pipeline\{closure}(Object(Illuminate\Http\Request))
#29 /var/www/html/annotator/vendor/compiled.php(9036): call_user_func(Object(Closure), Object(Illuminate\Http\Request))
#30 /var/www/html/annotator/vendor/compiled.php(7042): Illuminate\Pipeline\Pipeline->then(Object(Closure))
#31 /var/www/html/annotator/vendor/compiled.php(7031): Illuminate\Routing\Router->runRouteWithinStack(Object(Illuminate\Routing\Route), Object(Illuminate\Http\Request))
#32 /var/www/html/annotator/vendor/compiled.php(7016): Illuminate\Routing\Router->dispatchToRoute(Object(Illuminate\Http\Request))
#33 /var/www/html/annotator/vendor/compiled.php(1989): Illuminate\Routing\Router->dispatch(Object(Illuminate\Http\Request))
#34 [internal function]: Illuminate\Foundation\Http\Kernel->Illuminate\Foundation\Http\{closure}(Object(Illuminate\Http\Request))
#35 /var/www/html/annotator/vendor/compiled.php(9053): call_user_func(Object(Closure), Object(Illuminate\Http\Request))
#36 /var/www/html/annotator/vendor/compiled.php(12202): Illuminate\Pipeline\Pipeline->Illuminate\Pipeline\{closure}(Object(Illuminate\Http\Request))
#37 /var/www/html/annotator/vendor/compiled.php(9045): Illuminate\View\Middleware\ShareErrorsFromSession->handle(Object(Illuminate\Http\Request), Object(Closure))
#38 /var/www/html/annotator/vendor/compiled.php(10903): Illuminate\Pipeline\Pipeline->Illuminate\Pipeline\{closure}(Object(Illuminate\Http\Request))
#39 /var/www/html/annotator/vendor/compiled.php(9045): Illuminate\Session\Middleware\StartSession->handle(Object(Illuminate\Http\Request), Object(Closure))
#40 /var/www/html/annotator/vendor/compiled.php(11908): Illuminate\Pipeline\Pipeline->Illuminate\Pipeline\{closure}(Object(Illuminate\Http\Request))
#41 /var/www/html/annotator/vendor/compiled.php(9045): Illuminate\Cookie\Middleware\AddQueuedCookiesToResponse->handle(Object(Illuminate\Http\Request), Object(Closure))
#42 /var/www/html/annotator/vendor/compiled.php(11857): Illuminate\Pipeline\Pipeline->Illuminate\Pipeline\{closure}(Object(Illuminate\Http\Request))
#43 /var/www/html/annotator/vendor/compiled.php(9045): Illuminate\Cookie\Middleware\EncryptCookies->handle(Object(Illuminate\Http\Request), Object(Closure))
#44 /var/www/html/annotator/vendor/compiled.php(2532): Illuminate\Pipeline\Pipeline->Illuminate\Pipeline\{closure}(Object(Illuminate\Http\Request))
#45 /var/www/html/annotator/vendor/compiled.php(9045): Illuminate\Foundation\Http\Middleware\CheckForMaintenanceMode->handle(Object(Illuminate\Http\Request), Object(Closure))
#46 [internal function]: Illuminate\Pipeline\Pipeline->Illuminate\Pipeline\{closure}(Object(Illuminate\Http\Request))
#47 /var/www/html/annotator/vendor/compiled.php(9036): call_user_func(Object(Closure), Object(Illuminate\Http\Request))
#48 /var/www/html/annotator/vendor/compiled.php(1945): Illuminate\Pipeline\Pipeline->then(Object(Closure))
#49 /var/www/html/annotator/vendor/compiled.php(1932): Illuminate\Foundation\Http\Kernel->sendRequestThroughRouter(Object(Illuminate\Http\Request))
#50 /var/www/html/annotator/public/index.php(53): Illuminate\Foundation\Http\Kernel->handle(Object(Illuminate\Http\Request))
#51 {main}

Next exception 'Illuminate\Database\QueryException' with message 'SQLSTATE[21000]: Cardinality violation: 1241 Operand should contain 1 column(s) (SQL: select tags.name from tags where tag_id in (select * from annotations,tags_use where annotations.id=tags_use.annotation_id and annotations.creator_id = 10))' in /var/www/html/annotator/vendor/laravel/framework/src/Illuminate/Database/Connection.php:624
Stack trace:
#0 /var/www/html/annotator/vendor/laravel/framework/src/Illuminate/Database/Connection.php(580): Illuminate\Database\Connection->runQueryCallback('select tags.nam...', Array, Object(Closure))
#1 /var/www/html/annotator/vendor/laravel/framework/src/Illuminate/Database/Connection.php(297): Illuminate\Database\Connection->run('select tags.nam...', Array, Object(Closure))
#2 [internal function]: Illuminate\Database\Connection->select('select tags.nam...', Array)
#3 /var/www/html/annotator/vendor/compiled.php(10754): call_user_func_array(Array, Array)
#4 /var/www/html/annotator/vendor/compiled.php(5370): Illuminate\Database\DatabaseManager->__call('select', Array)
#5 /var/www/html/annotator/vendor/compiled.php(5370): Illuminate\Database\DatabaseManager->select('select tags.nam...', Array)
#6 /var/www/html/annotator/app/TagUse.php(67): Illuminate\Support\Facades\Facade::__callStatic('select', Array)
#7 /var/www/html/annotator/app/TagUse.php(67): Illuminate\Support\Facades\DB::select('select tags.nam...', Array)
#8 /var/www/html/annotator/app/Http/Controllers/ManageController.php(42): App\TagUse::fidTagNameforuser('10')
#9 [internal function]: App\Http\Controllers\ManageController->index()
#10 /var/www/html/annotator/vendor/compiled.php(8373): call_user_func_array(Array, Array)
#11 /var/www/html/annotator/vendor/compiled.php(8440): Illuminate\Routing\Controller->callAction('index', Array)
#12 /var/www/html/annotator/vendor/compiled.php(8419): Illuminate\Routing\ControllerDispatcher->call(Object(App\Http\Controllers\ManageController), Object(Illuminate\Routing\Route), 'index')
#13 [internal function]: Illuminate\Routing\ControllerDispatcher->Illuminate\Routing\{closure}(Object(Illuminate\Http\Request))
#14 /var/www/html/annotator/vendor/compiled.php(9053): call_user_func(Object(Closure), Object(Illuminate\Http\Request))
#15 [internal function]: Illuminate\Pipeline\Pipeline->Illuminate\Pipeline\{closure}(Object(Illuminate\Http\Request))
#16 /var/www/html/annotator/vendor/compiled.php(9036): call_user_func(Object(Closure), Object(Illuminate\Http\Request))
#17 /var/www/html/annotator/vendor/compiled.php(8420): Illuminate\Pipeline\Pipeline->then(Object(Closure))
#18 /var/www/html/annotator/vendor/compiled.php(8406): Illuminate\Routing\ControllerDispatcher->callWithinStack(Object(App\Http\Controllers\ManageController), Object(Illuminate\Routing\Route), Object(Illuminate\Http\Request), 'index')
#19 /var/www/html/annotator/vendor/compiled.php(7404): Illuminate\Routing\ControllerDispatcher->dispatch(Object(Illuminate\Routing\Route), Object(Illuminate\Http\Request), 'App\\Http\\Contro...', 'index')
#20 /var/www/html/annotator/vendor/compiled.php(7375): Illuminate\Routing\Route->runWithCustomDispatcher(Object(Illuminate\Http\Request))
#21 /var/www/html/annotator/vendor/compiled.php(7041): Illuminate\Routing\Route->run(Object(Illuminate\Http\Request))
#22 [internal function]: Illuminate\Routing\Router->Illuminate\Routing\{closure}(Object(Illuminate\Http\Request))
#23 /var/www/html/annotator/vendor/compiled.php(9053): call_user_func(Object(Closure), Object(Illuminate\Http\Request))
#24 /var/www/html/annotator/app/Http/Middleware/Authenticate.php(45): Illuminate\Pipeline\Pipeline->Illuminate\Pipeline\{closure}(Object(Illuminate\Http\Request))
#25 /var/www/html/annotator/vendor/compiled.php(9045): App\Http\Middleware\Authenticate->handle(Object(Illuminate\Http\Request), Object(Closure))
#26 [internal function]: Illuminate\Pipeline\Pipeline->Illuminate\Pipeline\{closure}(Object(Illuminate\Http\Request))
#27 /var/www/html/annotator/vendor/compiled.php(9036): call_user_func(Object(Closure), Object(Illuminate\Http\Request))
#28 /var/www/html/annotator/vendor/compiled.php(7042): Illuminate\Pipeline\Pipeline->then(Object(Closure))
#29 /var/www/html/annotator/vendor/compiled.php(7031): Illuminate\Routing\Router->runRouteWithinStack(Object(Illuminate\Routing\Route), Object(Illuminate\Http\Request))
#30 /var/www/html/annotator/vendor/compiled.php(7016): Illuminate\Routing\Router->dispatchToRoute(Object(Illuminate\Http\Request))
#31 /var/www/html/annotator/vendor/compiled.php(1989): Illuminate\Routing\Router->dispatch(Object(Illuminate\Http\Request))
#32 [internal function]: Illuminate\Foundation\Http\Kernel->Illuminate\Foundation\Http\{closure}(Object(Illuminate\Http\Request))
#33 /var/www/html/annotator/vendor/compiled.php(9053): call_user_func(Object(Closure), Object(Illuminate\Http\Request))
#34 /var/www/html/annotator/vendor/compiled.php(12202): Illuminate\Pipeline\Pipeline->Illuminate\Pipeline\{closure}(Object(Illuminate\Http\Request))
#35 /var/www/html/annotator/vendor/compiled.php(9045): Illuminate\View\Middleware\ShareErrorsFromSession->handle(Object(Illuminate\Http\Request), Object(Closure))
#36 /var/www/html/annotator/vendor/compiled.php(10903): Illuminate\Pipeline\Pipeline->Illuminate\Pipeline\{closure}(Object(Illuminate\Http\Request))
#37 /var/www/html/annotator/vendor/compiled.php(9045): Illuminate\Session\Middleware\StartSession->handle(Object(Illuminate\Http\Request), Object(Closure))
#38 /var/www/html/annotator/vendor/compiled.php(11908): Illuminate\Pipeline\Pipeline->Illuminate\Pipeline\{closure}(Object(Illuminate\Http\Request))
#39 /var/www/html/annotator/vendor/compiled.php(9045): Illuminate\Cookie\Middleware\AddQueuedCookiesToResponse->handle(Object(Illuminate\Http\Request), Object(Closure))
#40 /var/www/html/annotator/vendor/compiled.php(11857): Illuminate\Pipeline\Pipeline->Illuminate\Pipeline\{closure}(Object(Illuminate\Http\Request))
#41 /var/www/html/annotator/vendor/compiled.php(9045): Illuminate\Cookie\Middleware\EncryptCookies->handle(Object(Illuminate\Http\Request), Object(Closure))
#42 /var/www/html/annotator/vendor/compiled.php(2532): Illuminate\Pipeline\Pipeline->Illuminate\Pipeline\{closure}(Object(Illuminate\Http\Request))
#43 /var/www/html/annotator/vendor/compiled.php(9045): Illuminate\Foundation\Http\Middleware\CheckForMaintenanceMode->handle(Object(Illuminate\Http\Request), Object(Closure))
#44 [internal function]: Illuminate\Pipeline\Pipeline->Illuminate\Pipeline\{closure}(Object(Illuminate\Http\Request))
#45 /var/www/html/annotator/vendor/compiled.php(9036): call_user_func(Object(Closure), Object(Illuminate\Http\Request))
#46 /var/www/html/annotator/vendor/compiled.php(1945): Illuminate\Pipeline\Pipeline->then(Object(Closure))
#47 /var/www/html/annotator/vendor/compiled.php(1932): Illuminate\Foundation\Http\Kernel->sendRequestThroughRouter(Object(Illuminate\Http\Request))
#48 /var/www/html/annotator/public/index.php(53): Illuminate\Foundation\Http\Kernel->handle(Object(Illuminate\Http\Request))
#49 {main}  
[2016-03-11 07:21:20] local.ERROR: exception 'ErrorException' with message 'htmlentities() expects parameter 1 to be string, object given' in /var/www/html/annotator/vendor/laravel/framework/src/Illuminate/Support/helpers.php:469
Stack trace:
#0 [internal function]: Illuminate\Foundation\Bootstrap\HandleExceptions->handleError(2, 'htmlentities() ...', '/var/www/html/a...', 469, Array)
#1 /var/www/html/annotator/vendor/laravel/framework/src/Illuminate/Support/helpers.php(469): htmlentities(Object(stdClass), 3, 'UTF-8', false)
#2 /var/www/html/annotator/storage/framework/views/d5899084b0f7f995902eb4e931f87361(25): e(Object(stdClass))
#3 /var/www/html/annotator/vendor/compiled.php(13772): include('/var/www/html/a...')
#4 /var/www/html/annotator/vendor/compiled.php(13805): Illuminate\View\Engines\PhpEngine->evaluatePath('/var/www/html/a...', Array)
#5 /var/www/html/annotator/vendor/compiled.php(13645): Illuminate\View\Engines\CompilerEngine->get('/var/www/html/a...', Array)
#6 /var/www/html/annotator/vendor/compiled.php(13632): Illuminate\View\View->getContents()
#7 /var/www/html/annotator/vendor/compiled.php(13623): Illuminate\View\View->renderContents()
#8 /var/www/html/annotator/vendor/compiled.php(14718): Illuminate\View\View->render()
#9 /var/www/html/annotator/vendor/compiled.php(14247): Illuminate\Http\Response->setContent(Object(Illuminate\View\View))
#10 /var/www/html/annotator/vendor/compiled.php(7241): Symfony\Component\HttpFoundation\Response->__construct(Object(Illuminate\View\View))
#11 /var/www/html/annotator/vendor/compiled.php(7041): Illuminate\Routing\Router->prepareResponse(Object(Illuminate\Http\Request), Object(Illuminate\View\View))
#12 [internal function]: Illuminate\Routing\Router->Illuminate\Routing\{closure}(Object(Illuminate\Http\Request))
#13 /var/www/html/annotator/vendor/compiled.php(9053): call_user_func(Object(Closure), Object(Illuminate\Http\Request))
#14 /var/www/html/annotator/app/Http/Middleware/Authenticate.php(45): Illuminate\Pipeline\Pipeline->Illuminate\Pipeline\{closure}(Object(Illuminate\Http\Request))
#15 /var/www/html/annotator/vendor/compiled.php(9045): App\Http\Middleware\Authenticate->handle(Object(Illuminate\Http\Request), Object(Closure))
#16 [internal function]: Illuminate\Pipeline\Pipeline->Illuminate\Pipeline\{closure}(Object(Illuminate\Http\Request))
#17 /var/www/html/annotator/vendor/compiled.php(9036): call_user_func(Object(Closure), Object(Illuminate\Http\Request))
#18 /var/www/html/annotator/vendor/compiled.php(7042): Illuminate\Pipeline\Pipeline->then(Object(Closure))
#19 /var/www/html/annotator/vendor/compiled.php(7031): Illuminate\Routing\Router->runRouteWithinStack(Object(Illuminate\Routing\Route), Object(Illuminate\Http\Request))
#20 /var/www/html/annotator/vendor/compiled.php(7016): Illuminate\Routing\Router->dispatchToRoute(Object(Illuminate\Http\Request))
#21 /var/www/html/annotator/vendor/compiled.php(1989): Illuminate\Routing\Router->dispatch(Object(Illuminate\Http\Request))
#22 [internal function]: Illuminate\Foundation\Http\Kernel->Illuminate\Foundation\Http\{closure}(Object(Illuminate\Http\Request))
#23 /var/www/html/annotator/vendor/compiled.php(9053): call_user_func(Object(Closure), Object(Illuminate\Http\Request))
#24 /var/www/html/annotator/vendor/compiled.php(12202): Illuminate\Pipeline\Pipeline->Illuminate\Pipeline\{closure}(Object(Illuminate\Http\Request))
#25 /var/www/html/annotator/vendor/compiled.php(9045): Illuminate\View\Middleware\ShareErrorsFromSession->handle(Object(Illuminate\Http\Request), Object(Closure))
#26 /var/www/html/annotator/vendor/compiled.php(10903): Illuminate\Pipeline\Pipeline->Illuminate\Pipeline\{closure}(Object(Illuminate\Http\Request))
#27 /var/www/html/annotator/vendor/compiled.php(9045): Illuminate\Session\Middleware\StartSession->handle(Object(Illuminate\Http\Request), Object(Closure))
#28 /var/www/html/annotator/vendor/compiled.php(11908): Illuminate\Pipeline\Pipeline->Illuminate\Pipeline\{closure}(Object(Illuminate\Http\Request))
#29 /var/www/html/annotator/vendor/compiled.php(9045): Illuminate\Cookie\Middleware\AddQueuedCookiesToResponse->handle(Object(Illuminate\Http\Request), Object(Closure))
#30 /var/www/html/annotator/vendor/compiled.php(11857): Illuminate\Pipeline\Pipeline->Illuminate\Pipeline\{closure}(Object(Illuminate\Http\Request))
#31 /var/www/html/annotator/vendor/compiled.php(9045): Illuminate\Cookie\Middleware\EncryptCookies->handle(Object(Illuminate\Http\Request), Object(Closure))
#32 /var/www/html/annotator/vendor/compiled.php(2532): Illuminate\Pipeline\Pipeline->Illuminate\Pipeline\{closure}(Object(Illuminate\Http\Request))
#33 /var/www/html/annotator/vendor/compiled.php(9045): Illuminate\Foundation\Http\Middleware\CheckForMaintenanceMode->handle(Object(Illuminate\Http\Request), Object(Closure))
#34 [internal function]: Illuminate\Pipeline\Pipeline->Illuminate\Pipeline\{closure}(Object(Illuminate\Http\Request))
#35 /var/www/html/annotator/vendor/compiled.php(9036): call_user_func(Object(Closure), Object(Illuminate\Http\Request))
#36 /var/www/html/annotator/vendor/compiled.php(1945): Illuminate\Pipeline\Pipeline->then(Object(Closure))
#37 /var/www/html/annotator/vendor/compiled.php(1932): Illuminate\Foundation\Http\Kernel->sendRequestThroughRouter(Object(Illuminate\Http\Request))
#38 /var/www/html/annotator/public/index.php(53): Illuminate\Foundation\Http\Kernel->handle(Object(Illuminate\Http\Request))
#39 {main}

Next exception 'ErrorException' with message 'htmlentities() expects parameter 1 to be string, object given (View: /var/www/html/annotator/resources/views/manage/index.blade.php)' in /var/www/html/annotator/vendor/laravel/framework/src/Illuminate/Support/helpers.php:469
Stack trace:
#0 /var/www/html/annotator/vendor/compiled.php(13774): Illuminate\View\Engines\CompilerEngine->handleViewException(Object(ErrorException), 1)
#1 /var/www/html/annotator/vendor/compiled.php(13805): Illuminate\View\Engines\PhpEngine->evaluatePath('/var/www/html/a...', Array)
#2 /var/www/html/annotator/vendor/compiled.php(13645): Illuminate\View\Engines\CompilerEngine->get('/var/www/html/a...', Array)
#3 /var/www/html/annotator/vendor/compiled.php(13632): Illuminate\View\View->getContents()
#4 /var/www/html/annotator/vendor/compiled.php(13623): Illuminate\View\View->renderContents()
#5 /var/www/html/annotator/vendor/compiled.php(14718): Illuminate\View\View->render()
#6 /var/www/html/annotator/vendor/compiled.php(14247): Illuminate\Http\Response->setContent(Object(Illuminate\View\View))
#7 /var/www/html/annotator/vendor/compiled.php(7241): Symfony\Component\HttpFoundation\Response->__construct(Object(Illuminate\View\View))
#8 /var/www/html/annotator/vendor/compiled.php(7041): Illuminate\Routing\Router->prepareResponse(Object(Illuminate\Http\Request), Object(Illuminate\View\View))
#9 [internal function]: Illuminate\Routing\Router->Illuminate\Routing\{closure}(Object(Illuminate\Http\Request))
#10 /var/www/html/annotator/vendor/compiled.php(9053): call_user_func(Object(Closure), Object(Illuminate\Http\Request))
#11 /var/www/html/annotator/app/Http/Middleware/Authenticate.php(45): Illuminate\Pipeline\Pipeline->Illuminate\Pipeline\{closure}(Object(Illuminate\Http\Request))
#12 /var/www/html/annotator/vendor/compiled.php(9045): App\Http\Middleware\Authenticate->handle(Object(Illuminate\Http\Request), Object(Closure))
#13 [internal function]: Illuminate\Pipeline\Pipeline->Illuminate\Pipeline\{closure}(Object(Illuminate\Http\Request))
#14 /var/www/html/annotator/vendor/compiled.php(9036): call_user_func(Object(Closure), Object(Illuminate\Http\Request))
#15 /var/www/html/annotator/vendor/compiled.php(7042): Illuminate\Pipeline\Pipeline->then(Object(Closure))
#16 /var/www/html/annotator/vendor/compiled.php(7031): Illuminate\Routing\Router->runRouteWithinStack(Object(Illuminate\Routing\Route), Object(Illuminate\Http\Request))
#17 /var/www/html/annotator/vendor/compiled.php(7016): Illuminate\Routing\Router->dispatchToRoute(Object(Illuminate\Http\Request))
#18 /var/www/html/annotator/vendor/compiled.php(1989): Illuminate\Routing\Router->dispatch(Object(Illuminate\Http\Request))
#19 [internal function]: Illuminate\Foundation\Http\Kernel->Illuminate\Foundation\Http\{closure}(Object(Illuminate\Http\Request))
#20 /var/www/html/annotator/vendor/compiled.php(9053): call_user_func(Object(Closure), Object(Illuminate\Http\Request))
#21 /var/www/html/annotator/vendor/compiled.php(12202): Illuminate\Pipeline\Pipeline->Illuminate\Pipeline\{closure}(Object(Illuminate\Http\Request))
#22 /var/www/html/annotator/vendor/compiled.php(9045): Illuminate\View\Middleware\ShareErrorsFromSession->handle(Object(Illuminate\Http\Request), Object(Closure))
#23 /var/www/html/annotator/vendor/compiled.php(10903): Illuminate\Pipeline\Pipeline->Illuminate\Pipeline\{closure}(Object(Illuminate\Http\Request))
#24 /var/www/html/annotator/vendor/compiled.php(9045): Illuminate\Session\Middleware\StartSession->handle(Object(Illuminate\Http\Request), Object(Closure))
#25 /var/www/html/annotator/vendor/compiled.php(11908): Illuminate\Pipeline\Pipeline->Illuminate\Pipeline\{closure}(Object(Illuminate\Http\Request))
#26 /var/www/html/annotator/vendor/compiled.php(9045): Illuminate\Cookie\Middleware\AddQueuedCookiesToResponse->handle(Object(Illuminate\Http\Request), Object(Closure))
#27 /var/www/html/annotator/vendor/compiled.php(11857): Illuminate\Pipeline\Pipeline->Illuminate\Pipeline\{closure}(Object(Illuminate\Http\Request))
#28 /var/www/html/annotator/vendor/compiled.php(9045): Illuminate\Cookie\Middleware\EncryptCookies->handle(Object(Illuminate\Http\Request), Object(Closure))
#29 /var/www/html/annotator/vendor/compiled.php(2532): Illuminate\Pipeline\Pipeline->Illuminate\Pipeline\{closure}(Object(Illuminate\Http\Request))
#30 /var/www/html/annotator/vendor/compiled.php(9045): Illuminate\Foundation\Http\Middleware\CheckForMaintenanceMode->handle(Object(Illuminate\Http\Request), Object(Closure))
#31 [internal function]: Illuminate\Pipeline\Pipeline->Illuminate\Pipeline\{closure}(Object(Illuminate\Http\Request))
#32 /var/www/html/annotator/vendor/compiled.php(9036): call_user_func(Object(Closure), Object(Illuminate\Http\Request))
#33 /var/www/html/annotator/vendor/compiled.php(1945): Illuminate\Pipeline\Pipeline->then(Object(Closure))
#34 /var/www/html/annotator/vendor/compiled.php(1932): Illuminate\Foundation\Http\Kernel->sendRequestThroughRouter(Object(Illuminate\Http\Request))
#35 /var/www/html/annotator/public/index.php(53): Illuminate\Foundation\Http\Kernel->handle(Object(Illuminate\Http\Request))
#36 {main}  
[2016-03-11 07:22:17] local.ERROR: exception 'ErrorException' with message 'htmlentities() expects parameter 1 to be string, object given' in /var/www/html/annotator/vendor/laravel/framework/src/Illuminate/Support/helpers.php:469
Stack trace:
#0 [internal function]: Illuminate\Foundation\Bootstrap\HandleExceptions->handleError(2, 'htmlentities() ...', '/var/www/html/a...', 469, Array)
#1 /var/www/html/annotator/vendor/laravel/framework/src/Illuminate/Support/helpers.php(469): htmlentities(Object(stdClass), 3, 'UTF-8', false)
#2 /var/www/html/annotator/storage/framework/views/d5899084b0f7f995902eb4e931f87361(25): e(Object(stdClass))
#3 /var/www/html/annotator/vendor/compiled.php(13772): include('/var/www/html/a...')
#4 /var/www/html/annotator/vendor/compiled.php(13805): Illuminate\View\Engines\PhpEngine->evaluatePath('/var/www/html/a...', Array)
#5 /var/www/html/annotator/vendor/compiled.php(13645): Illuminate\View\Engines\CompilerEngine->get('/var/www/html/a...', Array)
#6 /var/www/html/annotator/vendor/compiled.php(13632): Illuminate\View\View->getContents()
#7 /var/www/html/annotator/vendor/compiled.php(13623): Illuminate\View\View->renderContents()
#8 /var/www/html/annotator/vendor/compiled.php(14718): Illuminate\View\View->render()
#9 /var/www/html/annotator/vendor/compiled.php(14247): Illuminate\Http\Response->setContent(Object(Illuminate\View\View))
#10 /var/www/html/annotator/vendor/compiled.php(7241): Symfony\Component\HttpFoundation\Response->__construct(Object(Illuminate\View\View))
#11 /var/www/html/annotator/vendor/compiled.php(7041): Illuminate\Routing\Router->prepareResponse(Object(Illuminate\Http\Request), Object(Illuminate\View\View))
#12 [internal function]: Illuminate\Routing\Router->Illuminate\Routing\{closure}(Object(Illuminate\Http\Request))
#13 /var/www/html/annotator/vendor/compiled.php(9053): call_user_func(Object(Closure), Object(Illuminate\Http\Request))
#14 /var/www/html/annotator/app/Http/Middleware/Authenticate.php(45): Illuminate\Pipeline\Pipeline->Illuminate\Pipeline\{closure}(Object(Illuminate\Http\Request))
#15 /var/www/html/annotator/vendor/compiled.php(9045): App\Http\Middleware\Authenticate->handle(Object(Illuminate\Http\Request), Object(Closure))
#16 [internal function]: Illuminate\Pipeline\Pipeline->Illuminate\Pipeline\{closure}(Object(Illuminate\Http\Request))
#17 /var/www/html/annotator/vendor/compiled.php(9036): call_user_func(Object(Closure), Object(Illuminate\Http\Request))
#18 /var/www/html/annotator/vendor/compiled.php(7042): Illuminate\Pipeline\Pipeline->then(Object(Closure))
#19 /var/www/html/annotator/vendor/compiled.php(7031): Illuminate\Routing\Router->runRouteWithinStack(Object(Illuminate\Routing\Route), Object(Illuminate\Http\Request))
#20 /var/www/html/annotator/vendor/compiled.php(7016): Illuminate\Routing\Router->dispatchToRoute(Object(Illuminate\Http\Request))
#21 /var/www/html/annotator/vendor/compiled.php(1989): Illuminate\Routing\Router->dispatch(Object(Illuminate\Http\Request))
#22 [internal function]: Illuminate\Foundation\Http\Kernel->Illuminate\Foundation\Http\{closure}(Object(Illuminate\Http\Request))
#23 /var/www/html/annotator/vendor/compiled.php(9053): call_user_func(Object(Closure), Object(Illuminate\Http\Request))
#24 /var/www/html/annotator/vendor/compiled.php(12202): Illuminate\Pipeline\Pipeline->Illuminate\Pipeline\{closure}(Object(Illuminate\Http\Request))
#25 /var/www/html/annotator/vendor/compiled.php(9045): Illuminate\View\Middleware\ShareErrorsFromSession->handle(Object(Illuminate\Http\Request), Object(Closure))
#26 /var/www/html/annotator/vendor/compiled.php(10903): Illuminate\Pipeline\Pipeline->Illuminate\Pipeline\{closure}(Object(Illuminate\Http\Request))
#27 /var/www/html/annotator/vendor/compiled.php(9045): Illuminate\Session\Middleware\StartSession->handle(Object(Illuminate\Http\Request), Object(Closure))
#28 /var/www/html/annotator/vendor/compiled.php(11908): Illuminate\Pipeline\Pipeline->Illuminate\Pipeline\{closure}(Object(Illuminate\Http\Request))
#29 /var/www/html/annotator/vendor/compiled.php(9045): Illuminate\Cookie\Middleware\AddQueuedCookiesToResponse->handle(Object(Illuminate\Http\Request), Object(Closure))
#30 /var/www/html/annotator/vendor/compiled.php(11857): Illuminate\Pipeline\Pipeline->Illuminate\Pipeline\{closure}(Object(Illuminate\Http\Request))
#31 /var/www/html/annotator/vendor/compiled.php(9045): Illuminate\Cookie\Middleware\EncryptCookies->handle(Object(Illuminate\Http\Request), Object(Closure))
#32 /var/www/html/annotator/vendor/compiled.php(2532): Illuminate\Pipeline\Pipeline->Illuminate\Pipeline\{closure}(Object(Illuminate\Http\Request))
#33 /var/www/html/annotator/vendor/compiled.php(9045): Illuminate\Foundation\Http\Middleware\CheckForMaintenanceMode->handle(Object(Illuminate\Http\Request), Object(Closure))
#34 [internal function]: Illuminate\Pipeline\Pipeline->Illuminate\Pipeline\{closure}(Object(Illuminate\Http\Request))
#35 /var/www/html/annotator/vendor/compiled.php(9036): call_user_func(Object(Closure), Object(Illuminate\Http\Request))
#36 /var/www/html/annotator/vendor/compiled.php(1945): Illuminate\Pipeline\Pipeline->then(Object(Closure))
#37 /var/www/html/annotator/vendor/compiled.php(1932): Illuminate\Foundation\Http\Kernel->sendRequestThroughRouter(Object(Illuminate\Http\Request))
#38 /var/www/html/annotator/public/index.php(53): Illuminate\Foundation\Http\Kernel->handle(Object(Illuminate\Http\Request))
#39 {main}

Next exception 'ErrorException' with message 'htmlentities() expects parameter 1 to be string, object given (View: /var/www/html/annotator/resources/views/manage/index.blade.php)' in /var/www/html/annotator/vendor/laravel/framework/src/Illuminate/Support/helpers.php:469
Stack trace:
#0 /var/www/html/annotator/vendor/compiled.php(13774): Illuminate\View\Engines\CompilerEngine->handleViewException(Object(ErrorException), 1)
#1 /var/www/html/annotator/vendor/compiled.php(13805): Illuminate\View\Engines\PhpEngine->evaluatePath('/var/www/html/a...', Array)
#2 /var/www/html/annotator/vendor/compiled.php(13645): Illuminate\View\Engines\CompilerEngine->get('/var/www/html/a...', Array)
#3 /var/www/html/annotator/vendor/compiled.php(13632): Illuminate\View\View->getContents()
#4 /var/www/html/annotator/vendor/compiled.php(13623): Illuminate\View\View->renderContents()
#5 /var/www/html/annotator/vendor/compiled.php(14718): Illuminate\View\View->render()
#6 /var/www/html/annotator/vendor/compiled.php(14247): Illuminate\Http\Response->setContent(Object(Illuminate\View\View))
#7 /var/www/html/annotator/vendor/compiled.php(7241): Symfony\Component\HttpFoundation\Response->__construct(Object(Illuminate\View\View))
#8 /var/www/html/annotator/vendor/compiled.php(7041): Illuminate\Routing\Router->prepareResponse(Object(Illuminate\Http\Request), Object(Illuminate\View\View))
#9 [internal function]: Illuminate\Routing\Router->Illuminate\Routing\{closure}(Object(Illuminate\Http\Request))
#10 /var/www/html/annotator/vendor/compiled.php(9053): call_user_func(Object(Closure), Object(Illuminate\Http\Request))
#11 /var/www/html/annotator/app/Http/Middleware/Authenticate.php(45): Illuminate\Pipeline\Pipeline->Illuminate\Pipeline\{closure}(Object(Illuminate\Http\Request))
#12 /var/www/html/annotator/vendor/compiled.php(9045): App\Http\Middleware\Authenticate->handle(Object(Illuminate\Http\Request), Object(Closure))
#13 [internal function]: Illuminate\Pipeline\Pipeline->Illuminate\Pipeline\{closure}(Object(Illuminate\Http\Request))
#14 /var/www/html/annotator/vendor/compiled.php(9036): call_user_func(Object(Closure), Object(Illuminate\Http\Request))
#15 /var/www/html/annotator/vendor/compiled.php(7042): Illuminate\Pipeline\Pipeline->then(Object(Closure))
#16 /var/www/html/annotator/vendor/compiled.php(7031): Illuminate\Routing\Router->runRouteWithinStack(Object(Illuminate\Routing\Route), Object(Illuminate\Http\Request))
#17 /var/www/html/annotator/vendor/compiled.php(7016): Illuminate\Routing\Router->dispatchToRoute(Object(Illuminate\Http\Request))
#18 /var/www/html/annotator/vendor/compiled.php(1989): Illuminate\Routing\Router->dispatch(Object(Illuminate\Http\Request))
#19 [internal function]: Illuminate\Foundation\Http\Kernel->Illuminate\Foundation\Http\{closure}(Object(Illuminate\Http\Request))
#20 /var/www/html/annotator/vendor/compiled.php(9053): call_user_func(Object(Closure), Object(Illuminate\Http\Request))
#21 /var/www/html/annotator/vendor/compiled.php(12202): Illuminate\Pipeline\Pipeline->Illuminate\Pipeline\{closure}(Object(Illuminate\Http\Request))
#22 /var/www/html/annotator/vendor/compiled.php(9045): Illuminate\View\Middleware\ShareErrorsFromSession->handle(Object(Illuminate\Http\Request), Object(Closure))
#23 /var/www/html/annotator/vendor/compiled.php(10903): Illuminate\Pipeline\Pipeline->Illuminate\Pipeline\{closure}(Object(Illuminate\Http\Request))
#24 /var/www/html/annotator/vendor/compiled.php(9045): Illuminate\Session\Middleware\StartSession->handle(Object(Illuminate\Http\Request), Object(Closure))
#25 /var/www/html/annotator/vendor/compiled.php(11908): Illuminate\Pipeline\Pipeline->Illuminate\Pipeline\{closure}(Object(Illuminate\Http\Request))
#26 /var/www/html/annotator/vendor/compiled.php(9045): Illuminate\Cookie\Middleware\AddQueuedCookiesToResponse->handle(Object(Illuminate\Http\Request), Object(Closure))
#27 /var/www/html/annotator/vendor/compiled.php(11857): Illuminate\Pipeline\Pipeline->Illuminate\Pipeline\{closure}(Object(Illuminate\Http\Request))
#28 /var/www/html/annotator/vendor/compiled.php(9045): Illuminate\Cookie\Middleware\EncryptCookies->handle(Object(Illuminate\Http\Request), Object(Closure))
#29 /var/www/html/annotator/vendor/compiled.php(2532): Illuminate\Pipeline\Pipeline->Illuminate\Pipeline\{closure}(Object(Illuminate\Http\Request))
#30 /var/www/html/annotator/vendor/compiled.php(9045): Illuminate\Foundation\Http\Middleware\CheckForMaintenanceMode->handle(Object(Illuminate\Http\Request), Object(Closure))
#31 [internal function]: Illuminate\Pipeline\Pipeline->Illuminate\Pipeline\{closure}(Object(Illuminate\Http\Request))
#32 /var/www/html/annotator/vendor/compiled.php(9036): call_user_func(Object(Closure), Object(Illuminate\Http\Request))
#33 /var/www/html/annotator/vendor/compiled.php(1945): Illuminate\Pipeline\Pipeline->then(Object(Closure))
#34 /var/www/html/annotator/vendor/compiled.php(1932): Illuminate\Foundation\Http\Kernel->sendRequestThroughRouter(Object(Illuminate\Http\Request))
#35 /var/www/html/annotator/public/index.php(53): Illuminate\Foundation\Http\Kernel->handle(Object(Illuminate\Http\Request))
#36 {main}  
[2016-03-11 07:25:05] local.ERROR: exception 'ErrorException' with message 'htmlentities() expects parameter 1 to be string, object given' in /var/www/html/annotator/vendor/laravel/framework/src/Illuminate/Support/helpers.php:469
Stack trace:
#0 [internal function]: Illuminate\Foundation\Bootstrap\HandleExceptions->handleError(2, 'htmlentities() ...', '/var/www/html/a...', 469, Array)
#1 /var/www/html/annotator/vendor/laravel/framework/src/Illuminate/Support/helpers.php(469): htmlentities(Object(stdClass), 3, 'UTF-8', false)
#2 /var/www/html/annotator/storage/framework/views/d5899084b0f7f995902eb4e931f87361(25): e(Object(stdClass))
#3 /var/www/html/annotator/vendor/compiled.php(13772): include('/var/www/html/a...')
#4 /var/www/html/annotator/vendor/compiled.php(13805): Illuminate\View\Engines\PhpEngine->evaluatePath('/var/www/html/a...', Array)
#5 /var/www/html/annotator/vendor/compiled.php(13645): Illuminate\View\Engines\CompilerEngine->get('/var/www/html/a...', Array)
#6 /var/www/html/annotator/vendor/compiled.php(13632): Illuminate\View\View->getContents()
#7 /var/www/html/annotator/vendor/compiled.php(13623): Illuminate\View\View->renderContents()
#8 /var/www/html/annotator/vendor/compiled.php(14718): Illuminate\View\View->render()
#9 /var/www/html/annotator/vendor/compiled.php(14247): Illuminate\Http\Response->setContent(Object(Illuminate\View\View))
#10 /var/www/html/annotator/vendor/compiled.php(7241): Symfony\Component\HttpFoundation\Response->__construct(Object(Illuminate\View\View))
#11 /var/www/html/annotator/vendor/compiled.php(7041): Illuminate\Routing\Router->prepareResponse(Object(Illuminate\Http\Request), Object(Illuminate\View\View))
#12 [internal function]: Illuminate\Routing\Router->Illuminate\Routing\{closure}(Object(Illuminate\Http\Request))
#13 /var/www/html/annotator/vendor/compiled.php(9053): call_user_func(Object(Closure), Object(Illuminate\Http\Request))
#14 /var/www/html/annotator/app/Http/Middleware/Authenticate.php(45): Illuminate\Pipeline\Pipeline->Illuminate\Pipeline\{closure}(Object(Illuminate\Http\Request))
#15 /var/www/html/annotator/vendor/compiled.php(9045): App\Http\Middleware\Authenticate->handle(Object(Illuminate\Http\Request), Object(Closure))
#16 [internal function]: Illuminate\Pipeline\Pipeline->Illuminate\Pipeline\{closure}(Object(Illuminate\Http\Request))
#17 /var/www/html/annotator/vendor/compiled.php(9036): call_user_func(Object(Closure), Object(Illuminate\Http\Request))
#18 /var/www/html/annotator/vendor/compiled.php(7042): Illuminate\Pipeline\Pipeline->then(Object(Closure))
#19 /var/www/html/annotator/vendor/compiled.php(7031): Illuminate\Routing\Router->runRouteWithinStack(Object(Illuminate\Routing\Route), Object(Illuminate\Http\Request))
#20 /var/www/html/annotator/vendor/compiled.php(7016): Illuminate\Routing\Router->dispatchToRoute(Object(Illuminate\Http\Request))
#21 /var/www/html/annotator/vendor/compiled.php(1989): Illuminate\Routing\Router->dispatch(Object(Illuminate\Http\Request))
#22 [internal function]: Illuminate\Foundation\Http\Kernel->Illuminate\Foundation\Http\{closure}(Object(Illuminate\Http\Request))
#23 /var/www/html/annotator/vendor/compiled.php(9053): call_user_func(Object(Closure), Object(Illuminate\Http\Request))
#24 /var/www/html/annotator/vendor/compiled.php(12202): Illuminate\Pipeline\Pipeline->Illuminate\Pipeline\{closure}(Object(Illuminate\Http\Request))
#25 /var/www/html/annotator/vendor/compiled.php(9045): Illuminate\View\Middleware\ShareErrorsFromSession->handle(Object(Illuminate\Http\Request), Object(Closure))
#26 /var/www/html/annotator/vendor/compiled.php(10903): Illuminate\Pipeline\Pipeline->Illuminate\Pipeline\{closure}(Object(Illuminate\Http\Request))
#27 /var/www/html/annotator/vendor/compiled.php(9045): Illuminate\Session\Middleware\StartSession->handle(Object(Illuminate\Http\Request), Object(Closure))
#28 /var/www/html/annotator/vendor/compiled.php(11908): Illuminate\Pipeline\Pipeline->Illuminate\Pipeline\{closure}(Object(Illuminate\Http\Request))
#29 /var/www/html/annotator/vendor/compiled.php(9045): Illuminate\Cookie\Middleware\AddQueuedCookiesToResponse->handle(Object(Illuminate\Http\Request), Object(Closure))
#30 /var/www/html/annotator/vendor/compiled.php(11857): Illuminate\Pipeline\Pipeline->Illuminate\Pipeline\{closure}(Object(Illuminate\Http\Request))
#31 /var/www/html/annotator/vendor/compiled.php(9045): Illuminate\Cookie\Middleware\EncryptCookies->handle(Object(Illuminate\Http\Request), Object(Closure))
#32 /var/www/html/annotator/vendor/compiled.php(2532): Illuminate\Pipeline\Pipeline->Illuminate\Pipeline\{closure}(Object(Illuminate\Http\Request))
#33 /var/www/html/annotator/vendor/compiled.php(9045): Illuminate\Foundation\Http\Middleware\CheckForMaintenanceMode->handle(Object(Illuminate\Http\Request), Object(Closure))
#34 [internal function]: Illuminate\Pipeline\Pipeline->Illuminate\Pipeline\{closure}(Object(Illuminate\Http\Request))
#35 /var/www/html/annotator/vendor/compiled.php(9036): call_user_func(Object(Closure), Object(Illuminate\Http\Request))
#36 /var/www/html/annotator/vendor/compiled.php(1945): Illuminate\Pipeline\Pipeline->then(Object(Closure))
#37 /var/www/html/annotator/vendor/compiled.php(1932): Illuminate\Foundation\Http\Kernel->sendRequestThroughRouter(Object(Illuminate\Http\Request))
#38 /var/www/html/annotator/public/index.php(53): Illuminate\Foundation\Http\Kernel->handle(Object(Illuminate\Http\Request))
#39 {main}

Next exception 'ErrorException' with message 'htmlentities() expects parameter 1 to be string, object given (View: /var/www/html/annotator/resources/views/manage/index.blade.php)' in /var/www/html/annotator/vendor/laravel/framework/src/Illuminate/Support/helpers.php:469
Stack trace:
#0 /var/www/html/annotator/vendor/compiled.php(13774): Illuminate\View\Engines\CompilerEngine->handleViewException(Object(ErrorException), 1)
#1 /var/www/html/annotator/vendor/compiled.php(13805): Illuminate\View\Engines\PhpEngine->evaluatePath('/var/www/html/a...', Array)
#2 /var/www/html/annotator/vendor/compiled.php(13645): Illuminate\View\Engines\CompilerEngine->get('/var/www/html/a...', Array)
#3 /var/www/html/annotator/vendor/compiled.php(13632): Illuminate\View\View->getContents()
#4 /var/www/html/annotator/vendor/compiled.php(13623): Illuminate\View\View->renderContents()
#5 /var/www/html/annotator/vendor/compiled.php(14718): Illuminate\View\View->render()
#6 /var/www/html/annotator/vendor/compiled.php(14247): Illuminate\Http\Response->setContent(Object(Illuminate\View\View))
#7 /var/www/html/annotator/vendor/compiled.php(7241): Symfony\Component\HttpFoundation\Response->__construct(Object(Illuminate\View\View))
#8 /var/www/html/annotator/vendor/compiled.php(7041): Illuminate\Routing\Router->prepareResponse(Object(Illuminate\Http\Request), Object(Illuminate\View\View))
#9 [internal function]: Illuminate\Routing\Router->Illuminate\Routing\{closure}(Object(Illuminate\Http\Request))
#10 /var/www/html/annotator/vendor/compiled.php(9053): call_user_func(Object(Closure), Object(Illuminate\Http\Request))
#11 /var/www/html/annotator/app/Http/Middleware/Authenticate.php(45): Illuminate\Pipeline\Pipeline->Illuminate\Pipeline\{closure}(Object(Illuminate\Http\Request))
#12 /var/www/html/annotator/vendor/compiled.php(9045): App\Http\Middleware\Authenticate->handle(Object(Illuminate\Http\Request), Object(Closure))
#13 [internal function]: Illuminate\Pipeline\Pipeline->Illuminate\Pipeline\{closure}(Object(Illuminate\Http\Request))
#14 /var/www/html/annotator/vendor/compiled.php(9036): call_user_func(Object(Closure), Object(Illuminate\Http\Request))
#15 /var/www/html/annotator/vendor/compiled.php(7042): Illuminate\Pipeline\Pipeline->then(Object(Closure))
#16 /var/www/html/annotator/vendor/compiled.php(7031): Illuminate\Routing\Router->runRouteWithinStack(Object(Illuminate\Routing\Route), Object(Illuminate\Http\Request))
#17 /var/www/html/annotator/vendor/compiled.php(7016): Illuminate\Routing\Router->dispatchToRoute(Object(Illuminate\Http\Request))
#18 /var/www/html/annotator/vendor/compiled.php(1989): Illuminate\Routing\Router->dispatch(Object(Illuminate\Http\Request))
#19 [internal function]: Illuminate\Foundation\Http\Kernel->Illuminate\Foundation\Http\{closure}(Object(Illuminate\Http\Request))
#20 /var/www/html/annotator/vendor/compiled.php(9053): call_user_func(Object(Closure), Object(Illuminate\Http\Request))
#21 /var/www/html/annotator/vendor/compiled.php(12202): Illuminate\Pipeline\Pipeline->Illuminate\Pipeline\{closure}(Object(Illuminate\Http\Request))
#22 /var/www/html/annotator/vendor/compiled.php(9045): Illuminate\View\Middleware\ShareErrorsFromSession->handle(Object(Illuminate\Http\Request), Object(Closure))
#23 /var/www/html/annotator/vendor/compiled.php(10903): Illuminate\Pipeline\Pipeline->Illuminate\Pipeline\{closure}(Object(Illuminate\Http\Request))
#24 /var/www/html/annotator/vendor/compiled.php(9045): Illuminate\Session\Middleware\StartSession->handle(Object(Illuminate\Http\Request), Object(Closure))
#25 /var/www/html/annotator/vendor/compiled.php(11908): Illuminate\Pipeline\Pipeline->Illuminate\Pipeline\{closure}(Object(Illuminate\Http\Request))
#26 /var/www/html/annotator/vendor/compiled.php(9045): Illuminate\Cookie\Middleware\AddQueuedCookiesToResponse->handle(Object(Illuminate\Http\Request), Object(Closure))
#27 /var/www/html/annotator/vendor/compiled.php(11857): Illuminate\Pipeline\Pipeline->Illuminate\Pipeline\{closure}(Object(Illuminate\Http\Request))
#28 /var/www/html/annotator/vendor/compiled.php(9045): Illuminate\Cookie\Middleware\EncryptCookies->handle(Object(Illuminate\Http\Request), Object(Closure))
#29 /var/www/html/annotator/vendor/compiled.php(2532): Illuminate\Pipeline\Pipeline->Illuminate\Pipeline\{closure}(Object(Illuminate\Http\Request))
#30 /var/www/html/annotator/vendor/compiled.php(9045): Illuminate\Foundation\Http\Middleware\CheckForMaintenanceMode->handle(Object(Illuminate\Http\Request), Object(Closure))
#31 [internal function]: Illuminate\Pipeline\Pipeline->Illuminate\Pipeline\{closure}(Object(Illuminate\Http\Request))
#32 /var/www/html/annotator/vendor/compiled.php(9036): call_user_func(Object(Closure), Object(Illuminate\Http\Request))
#33 /var/www/html/annotator/vendor/compiled.php(1945): Illuminate\Pipeline\Pipeline->then(Object(Closure))
#34 /var/www/html/annotator/vendor/compiled.php(1932): Illuminate\Foundation\Http\Kernel->sendRequestThroughRouter(Object(Illuminate\Http\Request))
#35 /var/www/html/annotator/public/index.php(53): Illuminate\Foundation\Http\Kernel->handle(Object(Illuminate\Http\Request))
#36 {main}  
[2016-03-11 07:25:50] local.ERROR: exception 'Symfony\Component\Debug\Exception\FatalErrorException' with message 'Call to a member function get() on array' in /var/www/html/annotator/app/TagUse.php:67
Stack trace:
#0 {main}  
[2016-03-11 07:29:21] local.ERROR: exception 'ErrorException' with message 'Undefined index: tags_user' in /var/www/html/annotator/storage/framework/views/d5899084b0f7f995902eb4e931f87361:67
Stack trace:
#0 /var/www/html/annotator/storage/framework/views/d5899084b0f7f995902eb4e931f87361(67): Illuminate\Foundation\Bootstrap\HandleExceptions->handleError(8, 'Undefined index...', '/var/www/html/a...', 67, Array)
#1 /var/www/html/annotator/vendor/compiled.php(13772): include('/var/www/html/a...')
#2 /var/www/html/annotator/vendor/compiled.php(13805): Illuminate\View\Engines\PhpEngine->evaluatePath('/var/www/html/a...', Array)
#3 /var/www/html/annotator/vendor/compiled.php(13645): Illuminate\View\Engines\CompilerEngine->get('/var/www/html/a...', Array)
#4 /var/www/html/annotator/vendor/compiled.php(13632): Illuminate\View\View->getContents()
#5 /var/www/html/annotator/vendor/compiled.php(13623): Illuminate\View\View->renderContents()
#6 /var/www/html/annotator/vendor/compiled.php(14718): Illuminate\View\View->render()
#7 /var/www/html/annotator/vendor/compiled.php(14247): Illuminate\Http\Response->setContent(Object(Illuminate\View\View))
#8 /var/www/html/annotator/vendor/compiled.php(7241): Symfony\Component\HttpFoundation\Response->__construct(Object(Illuminate\View\View))
#9 /var/www/html/annotator/vendor/compiled.php(7041): Illuminate\Routing\Router->prepareResponse(Object(Illuminate\Http\Request), Object(Illuminate\View\View))
#10 [internal function]: Illuminate\Routing\Router->Illuminate\Routing\{closure}(Object(Illuminate\Http\Request))
#11 /var/www/html/annotator/vendor/compiled.php(9053): call_user_func(Object(Closure), Object(Illuminate\Http\Request))
#12 /var/www/html/annotator/app/Http/Middleware/Authenticate.php(45): Illuminate\Pipeline\Pipeline->Illuminate\Pipeline\{closure}(Object(Illuminate\Http\Request))
#13 /var/www/html/annotator/vendor/compiled.php(9045): App\Http\Middleware\Authenticate->handle(Object(Illuminate\Http\Request), Object(Closure))
#14 [internal function]: Illuminate\Pipeline\Pipeline->Illuminate\Pipeline\{closure}(Object(Illuminate\Http\Request))
#15 /var/www/html/annotator/vendor/compiled.php(9036): call_user_func(Object(Closure), Object(Illuminate\Http\Request))
#16 /var/www/html/annotator/vendor/compiled.php(7042): Illuminate\Pipeline\Pipeline->then(Object(Closure))
#17 /var/www/html/annotator/vendor/compiled.php(7031): Illuminate\Routing\Router->runRouteWithinStack(Object(Illuminate\Routing\Route), Object(Illuminate\Http\Request))
#18 /var/www/html/annotator/vendor/compiled.php(7016): Illuminate\Routing\Router->dispatchToRoute(Object(Illuminate\Http\Request))
#19 /var/www/html/annotator/vendor/compiled.php(1989): Illuminate\Routing\Router->dispatch(Object(Illuminate\Http\Request))
#20 [internal function]: Illuminate\Foundation\Http\Kernel->Illuminate\Foundation\Http\{closure}(Object(Illuminate\Http\Request))
#21 /var/www/html/annotator/vendor/compiled.php(9053): call_user_func(Object(Closure), Object(Illuminate\Http\Request))
#22 /var/www/html/annotator/vendor/compiled.php(12202): Illuminate\Pipeline\Pipeline->Illuminate\Pipeline\{closure}(Object(Illuminate\Http\Request))
#23 /var/www/html/annotator/vendor/compiled.php(9045): Illuminate\View\Middleware\ShareErrorsFromSession->handle(Object(Illuminate\Http\Request), Object(Closure))
#24 /var/www/html/annotator/vendor/compiled.php(10903): Illuminate\Pipeline\Pipeline->Illuminate\Pipeline\{closure}(Object(Illuminate\Http\Request))
#25 /var/www/html/annotator/vendor/compiled.php(9045): Illuminate\Session\Middleware\StartSession->handle(Object(Illuminate\Http\Request), Object(Closure))
#26 /var/www/html/annotator/vendor/compiled.php(11908): Illuminate\Pipeline\Pipeline->Illuminate\Pipeline\{closure}(Object(Illuminate\Http\Request))
#27 /var/www/html/annotator/vendor/compiled.php(9045): Illuminate\Cookie\Middleware\AddQueuedCookiesToResponse->handle(Object(Illuminate\Http\Request), Object(Closure))
#28 /var/www/html/annotator/vendor/compiled.php(11857): Illuminate\Pipeline\Pipeline->Illuminate\Pipeline\{closure}(Object(Illuminate\Http\Request))
#29 /var/www/html/annotator/vendor/compiled.php(9045): Illuminate\Cookie\Middleware\EncryptCookies->handle(Object(Illuminate\Http\Request), Object(Closure))
#30 /var/www/html/annotator/vendor/compiled.php(2532): Illuminate\Pipeline\Pipeline->Illuminate\Pipeline\{closure}(Object(Illuminate\Http\Request))
#31 /var/www/html/annotator/vendor/compiled.php(9045): Illuminate\Foundation\Http\Middleware\CheckForMaintenanceMode->handle(Object(Illuminate\Http\Request), Object(Closure))
#32 [internal function]: Illuminate\Pipeline\Pipeline->Illuminate\Pipeline\{closure}(Object(Illuminate\Http\Request))
#33 /var/www/html/annotator/vendor/compiled.php(9036): call_user_func(Object(Closure), Object(Illuminate\Http\Request))
#34 /var/www/html/annotator/vendor/compiled.php(1945): Illuminate\Pipeline\Pipeline->then(Object(Closure))
#35 /var/www/html/annotator/vendor/compiled.php(1932): Illuminate\Foundation\Http\Kernel->sendRequestThroughRouter(Object(Illuminate\Http\Request))
#36 /var/www/html/annotator/public/index.php(53): Illuminate\Foundation\Http\Kernel->handle(Object(Illuminate\Http\Request))
#37 {main}

Next exception 'ErrorException' with message 'Undefined index: tags_user (View: /var/www/html/annotator/resources/views/manage/index.blade.php)' in /var/www/html/annotator/storage/framework/views/d5899084b0f7f995902eb4e931f87361:67
Stack trace:
#0 /var/www/html/annotator/vendor/compiled.php(13774): Illuminate\View\Engines\CompilerEngine->handleViewException(Object(ErrorException), 1)
#1 /var/www/html/annotator/vendor/compiled.php(13805): Illuminate\View\Engines\PhpEngine->evaluatePath('/var/www/html/a...', Array)
#2 /var/www/html/annotator/vendor/compiled.php(13645): Illuminate\View\Engines\CompilerEngine->get('/var/www/html/a...', Array)
#3 /var/www/html/annotator/vendor/compiled.php(13632): Illuminate\View\View->getContents()
#4 /var/www/html/annotator/vendor/compiled.php(13623): Illuminate\View\View->renderContents()
#5 /var/www/html/annotator/vendor/compiled.php(14718): Illuminate\View\View->render()
#6 /var/www/html/annotator/vendor/compiled.php(14247): Illuminate\Http\Response->setContent(Object(Illuminate\View\View))
#7 /var/www/html/annotator/vendor/compiled.php(7241): Symfony\Component\HttpFoundation\Response->__construct(Object(Illuminate\View\View))
#8 /var/www/html/annotator/vendor/compiled.php(7041): Illuminate\Routing\Router->prepareResponse(Object(Illuminate\Http\Request), Object(Illuminate\View\View))
#9 [internal function]: Illuminate\Routing\Router->Illuminate\Routing\{closure}(Object(Illuminate\Http\Request))
#10 /var/www/html/annotator/vendor/compiled.php(9053): call_user_func(Object(Closure), Object(Illuminate\Http\Request))
#11 /var/www/html/annotator/app/Http/Middleware/Authenticate.php(45): Illuminate\Pipeline\Pipeline->Illuminate\Pipeline\{closure}(Object(Illuminate\Http\Request))
#12 /var/www/html/annotator/vendor/compiled.php(9045): App\Http\Middleware\Authenticate->handle(Object(Illuminate\Http\Request), Object(Closure))
#13 [internal function]: Illuminate\Pipeline\Pipeline->Illuminate\Pipeline\{closure}(Object(Illuminate\Http\Request))
#14 /var/www/html/annotator/vendor/compiled.php(9036): call_user_func(Object(Closure), Object(Illuminate\Http\Request))
#15 /var/www/html/annotator/vendor/compiled.php(7042): Illuminate\Pipeline\Pipeline->then(Object(Closure))
#16 /var/www/html/annotator/vendor/compiled.php(7031): Illuminate\Routing\Router->runRouteWithinStack(Object(Illuminate\Routing\Route), Object(Illuminate\Http\Request))
#17 /var/www/html/annotator/vendor/compiled.php(7016): Illuminate\Routing\Router->dispatchToRoute(Object(Illuminate\Http\Request))
#18 /var/www/html/annotator/vendor/compiled.php(1989): Illuminate\Routing\Router->dispatch(Object(Illuminate\Http\Request))
#19 [internal function]: Illuminate\Foundation\Http\Kernel->Illuminate\Foundation\Http\{closure}(Object(Illuminate\Http\Request))
#20 /var/www/html/annotator/vendor/compiled.php(9053): call_user_func(Object(Closure), Object(Illuminate\Http\Request))
#21 /var/www/html/annotator/vendor/compiled.php(12202): Illuminate\Pipeline\Pipeline->Illuminate\Pipeline\{closure}(Object(Illuminate\Http\Request))
#22 /var/www/html/annotator/vendor/compiled.php(9045): Illuminate\View\Middleware\ShareErrorsFromSession->handle(Object(Illuminate\Http\Request), Object(Closure))
#23 /var/www/html/annotator/vendor/compiled.php(10903): Illuminate\Pipeline\Pipeline->Illuminate\Pipeline\{closure}(Object(Illuminate\Http\Request))
#24 /var/www/html/annotator/vendor/compiled.php(9045): Illuminate\Session\Middleware\StartSession->handle(Object(Illuminate\Http\Request), Object(Closure))
#25 /var/www/html/annotator/vendor/compiled.php(11908): Illuminate\Pipeline\Pipeline->Illuminate\Pipeline\{closure}(Object(Illuminate\Http\Request))
#26 /var/www/html/annotator/vendor/compiled.php(9045): Illuminate\Cookie\Middleware\AddQueuedCookiesToResponse->handle(Object(Illuminate\Http\Request), Object(Closure))
#27 /var/www/html/annotator/vendor/compiled.php(11857): Illuminate\Pipeline\Pipeline->Illuminate\Pipeline\{closure}(Object(Illuminate\Http\Request))
#28 /var/www/html/annotator/vendor/compiled.php(9045): Illuminate\Cookie\Middleware\EncryptCookies->handle(Object(Illuminate\Http\Request), Object(Closure))
#29 /var/www/html/annotator/vendor/compiled.php(2532): Illuminate\Pipeline\Pipeline->Illuminate\Pipeline\{closure}(Object(Illuminate\Http\Request))
#30 /var/www/html/annotator/vendor/compiled.php(9045): Illuminate\Foundation\Http\Middleware\CheckForMaintenanceMode->handle(Object(Illuminate\Http\Request), Object(Closure))
#31 [internal function]: Illuminate\Pipeline\Pipeline->Illuminate\Pipeline\{closure}(Object(Illuminate\Http\Request))
#32 /var/www/html/annotator/vendor/compiled.php(9036): call_user_func(Object(Closure), Object(Illuminate\Http\Request))
#33 /var/www/html/annotator/vendor/compiled.php(1945): Illuminate\Pipeline\Pipeline->then(Object(Closure))
#34 /var/www/html/annotator/vendor/compiled.php(1932): Illuminate\Foundation\Http\Kernel->sendRequestThroughRouter(Object(Illuminate\Http\Request))
#35 /var/www/html/annotator/public/index.php(53): Illuminate\Foundation\Http\Kernel->handle(Object(Illuminate\Http\Request))
#36 {main}  
[2016-03-11 07:31:49] local.ERROR: exception 'Symfony\Component\Debug\Exception\FatalErrorException' with message 'Call to a member function toArray() on array' in /var/www/html/annotator/app/Http/Controllers/ManageController.php:42
Stack trace:
#0 {main}  
[2016-03-11 08:51:00] local.ERROR: exception 'Symfony\Component\Debug\Exception\FatalErrorException' with message 'Object of class stdClass could not be converted to string' in /var/www/html/annotator/app/Http/Controllers/ManageController.php:49
=======
[2016-03-11 01:45:35] local.ERROR: exception 'InvalidArgumentException' with message 'Command "tineker" is not defined.

Did you mean this?
    tinker' in /home/jonathan/Desktop/annotator/vendor/symfony/console/Symfony/Component/Console/Application.php:549
Stack trace:
#0 /home/jonathan/Desktop/annotator/vendor/symfony/console/Symfony/Component/Console/Application.php(192): Symfony\Component\Console\Application->find('tineker')
#1 /home/jonathan/Desktop/annotator/vendor/symfony/console/Symfony/Component/Console/Application.php(126): Symfony\Component\Console\Application->doRun(Object(Symfony\Component\Console\Input\ArgvInput), Object(Symfony\Component\Console\Output\ConsoleOutput))
#2 /home/jonathan/Desktop/annotator/vendor/laravel/framework/src/Illuminate/Foundation/Console/Kernel.php(94): Symfony\Component\Console\Application->run(Object(Symfony\Component\Console\Input\ArgvInput), Object(Symfony\Component\Console\Output\ConsoleOutput))
#3 /home/jonathan/Desktop/annotator/artisan(36): Illuminate\Foundation\Console\Kernel->handle(Object(Symfony\Component\Console\Input\ArgvInput), Object(Symfony\Component\Console\Output\ConsoleOutput))
#4 {main}  
[2016-03-11 02:08:55] local.ERROR: exception 'Symfony\Component\Debug\Exception\FatalErrorException' with message 'Call to undefined method stdClass::join()' in /home/jonathan/Desktop/annotator/vendor/psy/psysh/src/Psy/ExecutionLoop/Loop.php(76) : eval()'d code:1
Stack trace:
#0 {main}  
[2016-03-11 02:40:45] local.ERROR: exception 'Symfony\Component\Debug\Exception\FatalErrorException' with message 'Call to undefined method stdClass::annotation()' in /home/jonathan/Desktop/annotator/vendor/psy/psysh/src/Psy/ExecutionLoop/Loop.php(76) : eval()'d code:1
Stack trace:
#0 {main}  
[2016-03-11 02:40:55] local.ERROR: exception 'Symfony\Component\Debug\Exception\FatalErrorException' with message 'Call to undefined method stdClass::Annotation()' in /home/jonathan/Desktop/annotator/vendor/psy/psysh/src/Psy/ExecutionLoop/Loop.php(76) : eval()'d code:1
Stack trace:
#0 {main}  
[2016-03-11 02:41:57] local.ERROR: exception 'Symfony\Component\Debug\Exception\FatalErrorException' with message 'Call to undefined method stdClass::nnotation()' in /home/jonathan/Desktop/annotator/vendor/psy/psysh/src/Psy/ExecutionLoop/Loop.php(76) : eval()'d code:1
Stack trace:
#0 {main}  
[2016-03-11 02:42:10] local.ERROR: exception 'Symfony\Component\Debug\Exception\FatalErrorException' with message 'Call to undefined method stdClass::nnotation()' in /home/jonathan/Desktop/annotator/vendor/psy/psysh/src/Psy/ExecutionLoop/Loop.php(76) : eval()'d code:1
Stack trace:
#0 {main}  
[2016-03-11 02:42:12] local.ERROR: exception 'Symfony\Component\Debug\Exception\FatalErrorException' with message 'Call to undefined method stdClass::nnotation()' in /home/jonathan/Desktop/annotator/vendor/psy/psysh/src/Psy/ExecutionLoop/Loop.php(76) : eval()'d code:1
Stack trace:
#0 {main}  
[2016-03-11 03:01:40] local.ERROR: exception 'Symfony\Component\Debug\Exception\FatalErrorException' with message 'syntax error, unexpected '}'' in /home/jonathan/Desktop/annotator/app/TagUse.php:67
Stack trace:
#0 {main}  
[2016-03-11 03:01:56] local.ERROR: exception 'Symfony\Component\Debug\Exception\FatalErrorException' with message 'syntax error, unexpected '}'' in /home/jonathan/Desktop/annotator/app/TagUse.php:67
Stack trace:
#0 {main}  
[2016-03-11 03:37:38] local.ERROR: exception 'Symfony\Component\Debug\Exception\FatalErrorException' with message 'Cannot redeclare App\TagUse::$table' in /home/jonathan/Desktop/annotator/app/TagUse.php:9
Stack trace:
#0 {main}  
[2016-03-11 08:44:17] local.ERROR: exception 'Symfony\Component\Debug\Exception\FatalErrorException' with message 'syntax error, unexpected ';'' in /home/jonathan/Desktop/annotator/app/Tag.php:68
Stack trace:
#0 {main}  
[2016-03-11 08:46:38] local.ERROR: exception 'Symfony\Component\Debug\Exception\FatalErrorException' with message 'Class 'App\DB' not found' in /home/jonathan/Desktop/annotator/app/Tag.php:68
Stack trace:
#0 {main}  
[2016-03-11 08:47:08] local.ERROR: exception 'Symfony\Component\Debug\Exception\FatalErrorException' with message 'Class 'App\DB' not found' in /home/jonathan/Desktop/annotator/app/Tag.php:68
Stack trace:
#0 {main}  
[2016-03-11 08:47:27] local.ERROR: exception 'Symfony\Component\Debug\Exception\FatalErrorException' with message 'Call to undefined method Illuminate\Database\Eloquent\Collection::getusertag()' in /home/jonathan/Desktop/annotator/vendor/psy/psysh/src/Psy/ExecutionLoop/Loop.php(76) : eval()'d code:1
>>>>>>> test1
Stack trace:
#0 {main}  
