[2016-03-04 02:55:16] local.ERROR: exception 'PDOException' with message 'SQLSTATE[23000]: Integrity constraint violation: 1452 Cannot add or update a child row: a foreign key constraint fails (`annotation`.`likes`, CONSTRAINT `likes_aid_foreign` FOREIGN KEY (`aid`) REFERENCES `annotations` (`id`) ON DELETE CASCADE)' in /home/jonathan/Desktop/annotator/vendor/laravel/framework/src/Illuminate/Database/Connection.php:362
Stack trace:
#0 /home/jonathan/Desktop/annotator/vendor/laravel/framework/src/Illuminate/Database/Connection.php(362): PDOStatement->execute(Array)
#1 /home/jonathan/Desktop/annotator/vendor/laravel/framework/src/Illuminate/Database/Connection.php(616): Illuminate\Database\Connection->Illuminate\Database\{closure}(Object(Illuminate\Database\MySqlConnection), 'insert into `li...', Array)
#2 /home/jonathan/Desktop/annotator/vendor/laravel/framework/src/Illuminate/Database/Connection.php(580): Illuminate\Database\Connection->runQueryCallback('insert into `li...', Array, Object(Closure))
#3 /home/jonathan/Desktop/annotator/vendor/laravel/framework/src/Illuminate/Database/Connection.php(363): Illuminate\Database\Connection->run('insert into `li...', Array, Object(Closure))
#4 /home/jonathan/Desktop/annotator/vendor/laravel/framework/src/Illuminate/Database/Connection.php(320): Illuminate\Database\Connection->statement('insert into `li...', Array)
#5 /home/jonathan/Desktop/annotator/vendor/laravel/framework/src/Illuminate/Database/Query/Processors/Processor.php(30): Illuminate\Database\Connection->insert('insert into `li...', Array)
#6 /home/jonathan/Desktop/annotator/vendor/laravel/framework/src/Illuminate/Database/Query/Builder.php(1718): Illuminate\Database\Query\Processors\Processor->processInsertGetId(Object(Illuminate\Database\Query\Builder), 'insert into `li...', Array, 'id')
#7 [internal function]: Illuminate\Database\Query\Builder->insertGetId(Array, 'id')
#8 /home/jonathan/Desktop/annotator/vendor/laravel/framework/src/Illuminate/Database/Eloquent/Builder.php(933): call_user_func_array(Array, Array)
#9 /home/jonathan/Desktop/annotator/vendor/compiled.php(9897): Illuminate\Database\Eloquent\Builder->__call('insertGetId', Array)
#10 /home/jonathan/Desktop/annotator/vendor/compiled.php(9897): Illuminate\Database\Eloquent\Builder->insertGetId(Array, 'id')
#11 /home/jonathan/Desktop/annotator/vendor/compiled.php(9887): Illuminate\Database\Eloquent\Model->insertAndSetId(Object(Illuminate\Database\Eloquent\Builder), Array)
#12 /home/jonathan/Desktop/annotator/vendor/compiled.php(9844): Illuminate\Database\Eloquent\Model->performInsert(Object(Illuminate\Database\Eloquent\Builder), Array)
#13 /home/jonathan/Desktop/annotator/app/Like.php(23): Illuminate\Database\Eloquent\Model->save()
#14 /home/jonathan/Desktop/annotator/app/Http/Controllers/AnnotationController.php(221): App\Like::setLike('3', 'keyword-1', 1)
#15 [internal function]: App\Http\Controllers\AnnotationController->like('keyword-1')
#16 /home/jonathan/Desktop/annotator/vendor/compiled.php(8373): call_user_func_array(Array, Array)
#17 /home/jonathan/Desktop/annotator/vendor/compiled.php(8440): Illuminate\Routing\Controller->callAction('like', Array)
#18 /home/jonathan/Desktop/annotator/vendor/compiled.php(8419): Illuminate\Routing\ControllerDispatcher->call(Object(App\Http\Controllers\AnnotationController), Object(Illuminate\Routing\Route), 'like')
#19 [internal function]: Illuminate\Routing\ControllerDispatcher->Illuminate\Routing\{closure}(Object(Illuminate\Http\Request))
#20 /home/jonathan/Desktop/annotator/vendor/compiled.php(9053): call_user_func(Object(Closure), Object(Illuminate\Http\Request))
#21 [internal function]: Illuminate\Pipeline\Pipeline->Illuminate\Pipeline\{closure}(Object(Illuminate\Http\Request))
#22 /home/jonathan/Desktop/annotator/vendor/compiled.php(9036): call_user_func(Object(Closure), Object(Illuminate\Http\Request))
#23 /home/jonathan/Desktop/annotator/vendor/compiled.php(8420): Illuminate\Pipeline\Pipeline->then(Object(Closure))
#24 /home/jonathan/Desktop/annotator/vendor/compiled.php(8406): Illuminate\Routing\ControllerDispatcher->callWithinStack(Object(App\Http\Controllers\AnnotationController), Object(Illuminate\Routing\Route), Object(Illuminate\Http\Request), 'like')
#25 /home/jonathan/Desktop/annotator/vendor/compiled.php(7404): Illuminate\Routing\ControllerDispatcher->dispatch(Object(Illuminate\Routing\Route), Object(Illuminate\Http\Request), 'App\\Http\\Contro...', 'like')
#26 /home/jonathan/Desktop/annotator/vendor/compiled.php(7375): Illuminate\Routing\Route->runWithCustomDispatcher(Object(Illuminate\Http\Request))
#27 /home/jonathan/Desktop/annotator/vendor/compiled.php(7041): Illuminate\Routing\Route->run(Object(Illuminate\Http\Request))
#28 [internal function]: Illuminate\Routing\Router->Illuminate\Routing\{closure}(Object(Illuminate\Http\Request))
#29 /home/jonathan/Desktop/annotator/vendor/compiled.php(9053): call_user_func(Object(Closure), Object(Illuminate\Http\Request))
#30 /home/jonathan/Desktop/annotator/app/Http/Middleware/ApiMiddleWare.php(30): Illuminate\Pipeline\Pipeline->Illuminate\Pipeline\{closure}(Object(Illuminate\Http\Request))
#31 /home/jonathan/Desktop/annotator/vendor/compiled.php(9045): App\Http\Middleware\ApiMiddleWare->handle(Object(Illuminate\Http\Request), Object(Closure))
#32 /home/jonathan/Desktop/annotator/app/Http/Middleware/CrossDomainMiddleWare.php(20): Illuminate\Pipeline\Pipeline->Illuminate\Pipeline\{closure}(Object(Illuminate\Http\Request))
#33 /home/jonathan/Desktop/annotator/vendor/compiled.php(9045): App\Http\Middleware\CrossDomainMiddleWare->handle(Object(Illuminate\Http\Request), Object(Closure))
#34 /home/jonathan/Desktop/annotator/app/Http/Middleware/CrossDomainMiddleWare.php(20): Illuminate\Pipeline\Pipeline->Illuminate\Pipeline\{closure}(Object(Illuminate\Http\Request))
#35 /home/jonathan/Desktop/annotator/vendor/compiled.php(9045): App\Http\Middleware\CrossDomainMiddleWare->handle(Object(Illuminate\Http\Request), Object(Closure))
#36 [internal function]: Illuminate\Pipeline\Pipeline->Illuminate\Pipeline\{closure}(Object(Illuminate\Http\Request))
#37 /home/jonathan/Desktop/annotator/vendor/compiled.php(9036): call_user_func(Object(Closure), Object(Illuminate\Http\Request))
#38 /home/jonathan/Desktop/annotator/vendor/compiled.php(7042): Illuminate\Pipeline\Pipeline->then(Object(Closure))
#39 /home/jonathan/Desktop/annotator/vendor/compiled.php(7031): Illuminate\Routing\Router->runRouteWithinStack(Object(Illuminate\Routing\Route), Object(Illuminate\Http\Request))
#40 /home/jonathan/Desktop/annotator/vendor/compiled.php(7016): Illuminate\Routing\Router->dispatchToRoute(Object(Illuminate\Http\Request))
#41 /home/jonathan/Desktop/annotator/vendor/compiled.php(1989): Illuminate\Routing\Router->dispatch(Object(Illuminate\Http\Request))
#42 [internal function]: Illuminate\Foundation\Http\Kernel->Illuminate\Foundation\Http\{closure}(Object(Illuminate\Http\Request))
#43 /home/jonathan/Desktop/annotator/vendor/compiled.php(9053): call_user_func(Object(Closure), Object(Illuminate\Http\Request))
#44 /home/jonathan/Desktop/annotator/vendor/compiled.php(12202): Illuminate\Pipeline\Pipeline->Illuminate\Pipeline\{closure}(Object(Illuminate\Http\Request))
#45 /home/jonathan/Desktop/annotator/vendor/compiled.php(9045): Illuminate\View\Middleware\ShareErrorsFromSession->handle(Object(Illuminate\Http\Request), Object(Closure))
#46 /home/jonathan/Desktop/annotator/vendor/compiled.php(10903): Illuminate\Pipeline\Pipeline->Illuminate\Pipeline\{closure}(Object(Illuminate\Http\Request))
#47 /home/jonathan/Desktop/annotator/vendor/compiled.php(9045): Illuminate\Session\Middleware\StartSession->handle(Object(Illuminate\Http\Request), Object(Closure))
#48 /home/jonathan/Desktop/annotator/vendor/compiled.php(11908): Illuminate\Pipeline\Pipeline->Illuminate\Pipeline\{closure}(Object(Illuminate\Http\Request))
#49 /home/jonathan/Desktop/annotator/vendor/compiled.php(9045): Illuminate\Cookie\Middleware\AddQueuedCookiesToResponse->handle(Object(Illuminate\Http\Request), Object(Closure))
#50 /home/jonathan/Desktop/annotator/vendor/compiled.php(11857): Illuminate\Pipeline\Pipeline->Illuminate\Pipeline\{closure}(Object(Illuminate\Http\Request))
#51 /home/jonathan/Desktop/annotator/vendor/compiled.php(9045): Illuminate\Cookie\Middleware\EncryptCookies->handle(Object(Illuminate\Http\Request), Object(Closure))
#52 /home/jonathan/Desktop/annotator/vendor/compiled.php(2532): Illuminate\Pipeline\Pipeline->Illuminate\Pipeline\{closure}(Object(Illuminate\Http\Request))
#53 /home/jonathan/Desktop/annotator/vendor/compiled.php(9045): Illuminate\Foundation\Http\Middleware\CheckForMaintenanceMode->handle(Object(Illuminate\Http\Request), Object(Closure))
#54 [internal function]: Illuminate\Pipeline\Pipeline->Illuminate\Pipeline\{closure}(Object(Illuminate\Http\Request))
#55 /home/jonathan/Desktop/annotator/vendor/compiled.php(9036): call_user_func(Object(Closure), Object(Illuminate\Http\Request))
#56 /home/jonathan/Desktop/annotator/vendor/compiled.php(1945): Illuminate\Pipeline\Pipeline->then(Object(Closure))
#57 /home/jonathan/Desktop/annotator/vendor/compiled.php(1932): Illuminate\Foundation\Http\Kernel->sendRequestThroughRouter(Object(Illuminate\Http\Request))
#58 /home/jonathan/Desktop/annotator/public/index.php(53): Illuminate\Foundation\Http\Kernel->handle(Object(Illuminate\Http\Request))
#59 {main}

Next exception 'Illuminate\Database\QueryException' with message 'SQLSTATE[23000]: Integrity constraint violation: 1452 Cannot add or update a child row: a foreign key constraint fails (`annotation`.`likes`, CONSTRAINT `likes_aid_foreign` FOREIGN KEY (`aid`) REFERENCES `annotations` (`id`) ON DELETE CASCADE) (SQL: insert into `likes` (`like`, `uid`, `aid`) values (1, 3, keyword-1))' in /home/jonathan/Desktop/annotator/vendor/laravel/framework/src/Illuminate/Database/Connection.php:624
Stack trace:
#0 /home/jonathan/Desktop/annotator/vendor/laravel/framework/src/Illuminate/Database/Connection.php(580): Illuminate\Database\Connection->runQueryCallback('insert into `li...', Array, Object(Closure))
#1 /home/jonathan/Desktop/annotator/vendor/laravel/framework/src/Illuminate/Database/Connection.php(363): Illuminate\Database\Connection->run('insert into `li...', Array, Object(Closure))
#2 /home/jonathan/Desktop/annotator/vendor/laravel/framework/src/Illuminate/Database/Connection.php(320): Illuminate\Database\Connection->statement('insert into `li...', Array)
#3 /home/jonathan/Desktop/annotator/vendor/laravel/framework/src/Illuminate/Database/Query/Processors/Processor.php(30): Illuminate\Database\Connection->insert('insert into `li...', Array)
#4 /home/jonathan/Desktop/annotator/vendor/laravel/framework/src/Illuminate/Database/Query/Builder.php(1718): Illuminate\Database\Query\Processors\Processor->processInsertGetId(Object(Illuminate\Database\Query\Builder), 'insert into `li...', Array, 'id')
#5 [internal function]: Illuminate\Database\Query\Builder->insertGetId(Array, 'id')
#6 /home/jonathan/Desktop/annotator/vendor/laravel/framework/src/Illuminate/Database/Eloquent/Builder.php(933): call_user_func_array(Array, Array)
#7 /home/jonathan/Desktop/annotator/vendor/compiled.php(9897): Illuminate\Database\Eloquent\Builder->__call('insertGetId', Array)
#8 /home/jonathan/Desktop/annotator/vendor/compiled.php(9897): Illuminate\Database\Eloquent\Builder->insertGetId(Array, 'id')
#9 /home/jonathan/Desktop/annotator/vendor/compiled.php(9887): Illuminate\Database\Eloquent\Model->insertAndSetId(Object(Illuminate\Database\Eloquent\Builder), Array)
#10 /home/jonathan/Desktop/annotator/vendor/compiled.php(9844): Illuminate\Database\Eloquent\Model->performInsert(Object(Illuminate\Database\Eloquent\Builder), Array)
#11 /home/jonathan/Desktop/annotator/app/Like.php(23): Illuminate\Database\Eloquent\Model->save()
#12 /home/jonathan/Desktop/annotator/app/Http/Controllers/AnnotationController.php(221): App\Like::setLike('3', 'keyword-1', 1)
#13 [internal function]: App\Http\Controllers\AnnotationController->like('keyword-1')
#14 /home/jonathan/Desktop/annotator/vendor/compiled.php(8373): call_user_func_array(Array, Array)
#15 /home/jonathan/Desktop/annotator/vendor/compiled.php(8440): Illuminate\Routing\Controller->callAction('like', Array)
#16 /home/jonathan/Desktop/annotator/vendor/compiled.php(8419): Illuminate\Routing\ControllerDispatcher->call(Object(App\Http\Controllers\AnnotationController), Object(Illuminate\Routing\Route), 'like')
#17 [internal function]: Illuminate\Routing\ControllerDispatcher->Illuminate\Routing\{closure}(Object(Illuminate\Http\Request))
#18 /home/jonathan/Desktop/annotator/vendor/compiled.php(9053): call_user_func(Object(Closure), Object(Illuminate\Http\Request))
#19 [internal function]: Illuminate\Pipeline\Pipeline->Illuminate\Pipeline\{closure}(Object(Illuminate\Http\Request))
#20 /home/jonathan/Desktop/annotator/vendor/compiled.php(9036): call_user_func(Object(Closure), Object(Illuminate\Http\Request))
#21 /home/jonathan/Desktop/annotator/vendor/compiled.php(8420): Illuminate\Pipeline\Pipeline->then(Object(Closure))
#22 /home/jonathan/Desktop/annotator/vendor/compiled.php(8406): Illuminate\Routing\ControllerDispatcher->callWithinStack(Object(App\Http\Controllers\AnnotationController), Object(Illuminate\Routing\Route), Object(Illuminate\Http\Request), 'like')
#23 /home/jonathan/Desktop/annotator/vendor/compiled.php(7404): Illuminate\Routing\ControllerDispatcher->dispatch(Object(Illuminate\Routing\Route), Object(Illuminate\Http\Request), 'App\\Http\\Contro...', 'like')
#24 /home/jonathan/Desktop/annotator/vendor/compiled.php(7375): Illuminate\Routing\Route->runWithCustomDispatcher(Object(Illuminate\Http\Request))
#25 /home/jonathan/Desktop/annotator/vendor/compiled.php(7041): Illuminate\Routing\Route->run(Object(Illuminate\Http\Request))
#26 [internal function]: Illuminate\Routing\Router->Illuminate\Routing\{closure}(Object(Illuminate\Http\Request))
#27 /home/jonathan/Desktop/annotator/vendor/compiled.php(9053): call_user_func(Object(Closure), Object(Illuminate\Http\Request))
#28 /home/jonathan/Desktop/annotator/app/Http/Middleware/ApiMiddleWare.php(30): Illuminate\Pipeline\Pipeline->Illuminate\Pipeline\{closure}(Object(Illuminate\Http\Request))
#29 /home/jonathan/Desktop/annotator/vendor/compiled.php(9045): App\Http\Middleware\ApiMiddleWare->handle(Object(Illuminate\Http\Request), Object(Closure))
#30 /home/jonathan/Desktop/annotator/app/Http/Middleware/CrossDomainMiddleWare.php(20): Illuminate\Pipeline\Pipeline->Illuminate\Pipeline\{closure}(Object(Illuminate\Http\Request))
#31 /home/jonathan/Desktop/annotator/vendor/compiled.php(9045): App\Http\Middleware\CrossDomainMiddleWare->handle(Object(Illuminate\Http\Request), Object(Closure))
#32 /home/jonathan/Desktop/annotator/app/Http/Middleware/CrossDomainMiddleWare.php(20): Illuminate\Pipeline\Pipeline->Illuminate\Pipeline\{closure}(Object(Illuminate\Http\Request))
#33 /home/jonathan/Desktop/annotator/vendor/compiled.php(9045): App\Http\Middleware\CrossDomainMiddleWare->handle(Object(Illuminate\Http\Request), Object(Closure))
#34 [internal function]: Illuminate\Pipeline\Pipeline->Illuminate\Pipeline\{closure}(Object(Illuminate\Http\Request))
#35 /home/jonathan/Desktop/annotator/vendor/compiled.php(9036): call_user_func(Object(Closure), Object(Illuminate\Http\Request))
#36 /home/jonathan/Desktop/annotator/vendor/compiled.php(7042): Illuminate\Pipeline\Pipeline->then(Object(Closure))
#37 /home/jonathan/Desktop/annotator/vendor/compiled.php(7031): Illuminate\Routing\Router->runRouteWithinStack(Object(Illuminate\Routing\Route), Object(Illuminate\Http\Request))
#38 /home/jonathan/Desktop/annotator/vendor/compiled.php(7016): Illuminate\Routing\Router->dispatchToRoute(Object(Illuminate\Http\Request))
#39 /home/jonathan/Desktop/annotator/vendor/compiled.php(1989): Illuminate\Routing\Router->dispatch(Object(Illuminate\Http\Request))
#40 [internal function]: Illuminate\Foundation\Http\Kernel->Illuminate\Foundation\Http\{closure}(Object(Illuminate\Http\Request))
#41 /home/jonathan/Desktop/annotator/vendor/compiled.php(9053): call_user_func(Object(Closure), Object(Illuminate\Http\Request))
#42 /home/jonathan/Desktop/annotator/vendor/compiled.php(12202): Illuminate\Pipeline\Pipeline->Illuminate\Pipeline\{closure}(Object(Illuminate\Http\Request))
#43 /home/jonathan/Desktop/annotator/vendor/compiled.php(9045): Illuminate\View\Middleware\ShareErrorsFromSession->handle(Object(Illuminate\Http\Request), Object(Closure))
#44 /home/jonathan/Desktop/annotator/vendor/compiled.php(10903): Illuminate\Pipeline\Pipeline->Illuminate\Pipeline\{closure}(Object(Illuminate\Http\Request))
#45 /home/jonathan/Desktop/annotator/vendor/compiled.php(9045): Illuminate\Session\Middleware\StartSession->handle(Object(Illuminate\Http\Request), Object(Closure))
#46 /home/jonathan/Desktop/annotator/vendor/compiled.php(11908): Illuminate\Pipeline\Pipeline->Illuminate\Pipeline\{closure}(Object(Illuminate\Http\Request))
#47 /home/jonathan/Desktop/annotator/vendor/compiled.php(9045): Illuminate\Cookie\Middleware\AddQueuedCookiesToResponse->handle(Object(Illuminate\Http\Request), Object(Closure))
#48 /home/jonathan/Desktop/annotator/vendor/compiled.php(11857): Illuminate\Pipeline\Pipeline->Illuminate\Pipeline\{closure}(Object(Illuminate\Http\Request))
#49 /home/jonathan/Desktop/annotator/vendor/compiled.php(9045): Illuminate\Cookie\Middleware\EncryptCookies->handle(Object(Illuminate\Http\Request), Object(Closure))
#50 /home/jonathan/Desktop/annotator/vendor/compiled.php(2532): Illuminate\Pipeline\Pipeline->Illuminate\Pipeline\{closure}(Object(Illuminate\Http\Request))
#51 /home/jonathan/Desktop/annotator/vendor/compiled.php(9045): Illuminate\Foundation\Http\Middleware\CheckForMaintenanceMode->handle(Object(Illuminate\Http\Request), Object(Closure))
#52 [internal function]: Illuminate\Pipeline\Pipeline->Illuminate\Pipeline\{closure}(Object(Illuminate\Http\Request))
#53 /home/jonathan/Desktop/annotator/vendor/compiled.php(9036): call_user_func(Object(Closure), Object(Illuminate\Http\Request))
#54 /home/jonathan/Desktop/annotator/vendor/compiled.php(1945): Illuminate\Pipeline\Pipeline->then(Object(Closure))
#55 /home/jonathan/Desktop/annotator/vendor/compiled.php(1932): Illuminate\Foundation\Http\Kernel->sendRequestThroughRouter(Object(Illuminate\Http\Request))
#56 /home/jonathan/Desktop/annotator/public/index.php(53): Illuminate\Foundation\Http\Kernel->handle(Object(Illuminate\Http\Request))
#57 {main}  
[2016-03-04 02:55:18] local.ERROR: exception 'PDOException' with message 'SQLSTATE[23000]: Integrity constraint violation: 1452 Cannot add or update a child row: a foreign key constraint fails (`annotation`.`likes`, CONSTRAINT `likes_aid_foreign` FOREIGN KEY (`aid`) REFERENCES `annotations` (`id`) ON DELETE CASCADE)' in /home/jonathan/Desktop/annotator/vendor/laravel/framework/src/Illuminate/Database/Connection.php:362
Stack trace:
#0 /home/jonathan/Desktop/annotator/vendor/laravel/framework/src/Illuminate/Database/Connection.php(362): PDOStatement->execute(Array)
#1 /home/jonathan/Desktop/annotator/vendor/laravel/framework/src/Illuminate/Database/Connection.php(616): Illuminate\Database\Connection->Illuminate\Database\{closure}(Object(Illuminate\Database\MySqlConnection), 'insert into `li...', Array)
#2 /home/jonathan/Desktop/annotator/vendor/laravel/framework/src/Illuminate/Database/Connection.php(580): Illuminate\Database\Connection->runQueryCallback('insert into `li...', Array, Object(Closure))
#3 /home/jonathan/Desktop/annotator/vendor/laravel/framework/src/Illuminate/Database/Connection.php(363): Illuminate\Database\Connection->run('insert into `li...', Array, Object(Closure))
#4 /home/jonathan/Desktop/annotator/vendor/laravel/framework/src/Illuminate/Database/Connection.php(320): Illuminate\Database\Connection->statement('insert into `li...', Array)
#5 /home/jonathan/Desktop/annotator/vendor/laravel/framework/src/Illuminate/Database/Query/Processors/Processor.php(30): Illuminate\Database\Connection->insert('insert into `li...', Array)
#6 /home/jonathan/Desktop/annotator/vendor/laravel/framework/src/Illuminate/Database/Query/Builder.php(1718): Illuminate\Database\Query\Processors\Processor->processInsertGetId(Object(Illuminate\Database\Query\Builder), 'insert into `li...', Array, 'id')
#7 [internal function]: Illuminate\Database\Query\Builder->insertGetId(Array, 'id')
#8 /home/jonathan/Desktop/annotator/vendor/laravel/framework/src/Illuminate/Database/Eloquent/Builder.php(933): call_user_func_array(Array, Array)
#9 /home/jonathan/Desktop/annotator/vendor/compiled.php(9897): Illuminate\Database\Eloquent\Builder->__call('insertGetId', Array)
#10 /home/jonathan/Desktop/annotator/vendor/compiled.php(9897): Illuminate\Database\Eloquent\Builder->insertGetId(Array, 'id')
#11 /home/jonathan/Desktop/annotator/vendor/compiled.php(9887): Illuminate\Database\Eloquent\Model->insertAndSetId(Object(Illuminate\Database\Eloquent\Builder), Array)
#12 /home/jonathan/Desktop/annotator/vendor/compiled.php(9844): Illuminate\Database\Eloquent\Model->performInsert(Object(Illuminate\Database\Eloquent\Builder), Array)
#13 /home/jonathan/Desktop/annotator/app/Like.php(23): Illuminate\Database\Eloquent\Model->save()
#14 /home/jonathan/Desktop/annotator/app/Http/Controllers/AnnotationController.php(221): App\Like::setLike('3', 'keyword-1', 1)
#15 [internal function]: App\Http\Controllers\AnnotationController->like('keyword-1')
#16 /home/jonathan/Desktop/annotator/vendor/compiled.php(8373): call_user_func_array(Array, Array)
#17 /home/jonathan/Desktop/annotator/vendor/compiled.php(8440): Illuminate\Routing\Controller->callAction('like', Array)
#18 /home/jonathan/Desktop/annotator/vendor/compiled.php(8419): Illuminate\Routing\ControllerDispatcher->call(Object(App\Http\Controllers\AnnotationController), Object(Illuminate\Routing\Route), 'like')
#19 [internal function]: Illuminate\Routing\ControllerDispatcher->Illuminate\Routing\{closure}(Object(Illuminate\Http\Request))
#20 /home/jonathan/Desktop/annotator/vendor/compiled.php(9053): call_user_func(Object(Closure), Object(Illuminate\Http\Request))
#21 [internal function]: Illuminate\Pipeline\Pipeline->Illuminate\Pipeline\{closure}(Object(Illuminate\Http\Request))
#22 /home/jonathan/Desktop/annotator/vendor/compiled.php(9036): call_user_func(Object(Closure), Object(Illuminate\Http\Request))
#23 /home/jonathan/Desktop/annotator/vendor/compiled.php(8420): Illuminate\Pipeline\Pipeline->then(Object(Closure))
#24 /home/jonathan/Desktop/annotator/vendor/compiled.php(8406): Illuminate\Routing\ControllerDispatcher->callWithinStack(Object(App\Http\Controllers\AnnotationController), Object(Illuminate\Routing\Route), Object(Illuminate\Http\Request), 'like')
#25 /home/jonathan/Desktop/annotator/vendor/compiled.php(7404): Illuminate\Routing\ControllerDispatcher->dispatch(Object(Illuminate\Routing\Route), Object(Illuminate\Http\Request), 'App\\Http\\Contro...', 'like')
#26 /home/jonathan/Desktop/annotator/vendor/compiled.php(7375): Illuminate\Routing\Route->runWithCustomDispatcher(Object(Illuminate\Http\Request))
#27 /home/jonathan/Desktop/annotator/vendor/compiled.php(7041): Illuminate\Routing\Route->run(Object(Illuminate\Http\Request))
#28 [internal function]: Illuminate\Routing\Router->Illuminate\Routing\{closure}(Object(Illuminate\Http\Request))
#29 /home/jonathan/Desktop/annotator/vendor/compiled.php(9053): call_user_func(Object(Closure), Object(Illuminate\Http\Request))
#30 /home/jonathan/Desktop/annotator/app/Http/Middleware/ApiMiddleWare.php(30): Illuminate\Pipeline\Pipeline->Illuminate\Pipeline\{closure}(Object(Illuminate\Http\Request))
#31 /home/jonathan/Desktop/annotator/vendor/compiled.php(9045): App\Http\Middleware\ApiMiddleWare->handle(Object(Illuminate\Http\Request), Object(Closure))
#32 /home/jonathan/Desktop/annotator/app/Http/Middleware/CrossDomainMiddleWare.php(20): Illuminate\Pipeline\Pipeline->Illuminate\Pipeline\{closure}(Object(Illuminate\Http\Request))
#33 /home/jonathan/Desktop/annotator/vendor/compiled.php(9045): App\Http\Middleware\CrossDomainMiddleWare->handle(Object(Illuminate\Http\Request), Object(Closure))
#34 /home/jonathan/Desktop/annotator/app/Http/Middleware/CrossDomainMiddleWare.php(20): Illuminate\Pipeline\Pipeline->Illuminate\Pipeline\{closure}(Object(Illuminate\Http\Request))
#35 /home/jonathan/Desktop/annotator/vendor/compiled.php(9045): App\Http\Middleware\CrossDomainMiddleWare->handle(Object(Illuminate\Http\Request), Object(Closure))
#36 [internal function]: Illuminate\Pipeline\Pipeline->Illuminate\Pipeline\{closure}(Object(Illuminate\Http\Request))
#37 /home/jonathan/Desktop/annotator/vendor/compiled.php(9036): call_user_func(Object(Closure), Object(Illuminate\Http\Request))
#38 /home/jonathan/Desktop/annotator/vendor/compiled.php(7042): Illuminate\Pipeline\Pipeline->then(Object(Closure))
#39 /home/jonathan/Desktop/annotator/vendor/compiled.php(7031): Illuminate\Routing\Router->runRouteWithinStack(Object(Illuminate\Routing\Route), Object(Illuminate\Http\Request))
#40 /home/jonathan/Desktop/annotator/vendor/compiled.php(7016): Illuminate\Routing\Router->dispatchToRoute(Object(Illuminate\Http\Request))
#41 /home/jonathan/Desktop/annotator/vendor/compiled.php(1989): Illuminate\Routing\Router->dispatch(Object(Illuminate\Http\Request))
#42 [internal function]: Illuminate\Foundation\Http\Kernel->Illuminate\Foundation\Http\{closure}(Object(Illuminate\Http\Request))
#43 /home/jonathan/Desktop/annotator/vendor/compiled.php(9053): call_user_func(Object(Closure), Object(Illuminate\Http\Request))
#44 /home/jonathan/Desktop/annotator/vendor/compiled.php(12202): Illuminate\Pipeline\Pipeline->Illuminate\Pipeline\{closure}(Object(Illuminate\Http\Request))
#45 /home/jonathan/Desktop/annotator/vendor/compiled.php(9045): Illuminate\View\Middleware\ShareErrorsFromSession->handle(Object(Illuminate\Http\Request), Object(Closure))
#46 /home/jonathan/Desktop/annotator/vendor/compiled.php(10903): Illuminate\Pipeline\Pipeline->Illuminate\Pipeline\{closure}(Object(Illuminate\Http\Request))
#47 /home/jonathan/Desktop/annotator/vendor/compiled.php(9045): Illuminate\Session\Middleware\StartSession->handle(Object(Illuminate\Http\Request), Object(Closure))
#48 /home/jonathan/Desktop/annotator/vendor/compiled.php(11908): Illuminate\Pipeline\Pipeline->Illuminate\Pipeline\{closure}(Object(Illuminate\Http\Request))
#49 /home/jonathan/Desktop/annotator/vendor/compiled.php(9045): Illuminate\Cookie\Middleware\AddQueuedCookiesToResponse->handle(Object(Illuminate\Http\Request), Object(Closure))
#50 /home/jonathan/Desktop/annotator/vendor/compiled.php(11857): Illuminate\Pipeline\Pipeline->Illuminate\Pipeline\{closure}(Object(Illuminate\Http\Request))
#51 /home/jonathan/Desktop/annotator/vendor/compiled.php(9045): Illuminate\Cookie\Middleware\EncryptCookies->handle(Object(Illuminate\Http\Request), Object(Closure))
#52 /home/jonathan/Desktop/annotator/vendor/compiled.php(2532): Illuminate\Pipeline\Pipeline->Illuminate\Pipeline\{closure}(Object(Illuminate\Http\Request))
#53 /home/jonathan/Desktop/annotator/vendor/compiled.php(9045): Illuminate\Foundation\Http\Middleware\CheckForMaintenanceMode->handle(Object(Illuminate\Http\Request), Object(Closure))
#54 [internal function]: Illuminate\Pipeline\Pipeline->Illuminate\Pipeline\{closure}(Object(Illuminate\Http\Request))
#55 /home/jonathan/Desktop/annotator/vendor/compiled.php(9036): call_user_func(Object(Closure), Object(Illuminate\Http\Request))
#56 /home/jonathan/Desktop/annotator/vendor/compiled.php(1945): Illuminate\Pipeline\Pipeline->then(Object(Closure))
#57 /home/jonathan/Desktop/annotator/vendor/compiled.php(1932): Illuminate\Foundation\Http\Kernel->sendRequestThroughRouter(Object(Illuminate\Http\Request))
#58 /home/jonathan/Desktop/annotator/public/index.php(53): Illuminate\Foundation\Http\Kernel->handle(Object(Illuminate\Http\Request))
#59 {main}

Next exception 'Illuminate\Database\QueryException' with message 'SQLSTATE[23000]: Integrity constraint violation: 1452 Cannot add or update a child row: a foreign key constraint fails (`annotation`.`likes`, CONSTRAINT `likes_aid_foreign` FOREIGN KEY (`aid`) REFERENCES `annotations` (`id`) ON DELETE CASCADE) (SQL: insert into `likes` (`like`, `uid`, `aid`) values (1, 3, keyword-1))' in /home/jonathan/Desktop/annotator/vendor/laravel/framework/src/Illuminate/Database/Connection.php:624
Stack trace:
#0 /home/jonathan/Desktop/annotator/vendor/laravel/framework/src/Illuminate/Database/Connection.php(580): Illuminate\Database\Connection->runQueryCallback('insert into `li...', Array, Object(Closure))
#1 /home/jonathan/Desktop/annotator/vendor/laravel/framework/src/Illuminate/Database/Connection.php(363): Illuminate\Database\Connection->run('insert into `li...', Array, Object(Closure))
#2 /home/jonathan/Desktop/annotator/vendor/laravel/framework/src/Illuminate/Database/Connection.php(320): Illuminate\Database\Connection->statement('insert into `li...', Array)
#3 /home/jonathan/Desktop/annotator/vendor/laravel/framework/src/Illuminate/Database/Query/Processors/Processor.php(30): Illuminate\Database\Connection->insert('insert into `li...', Array)
#4 /home/jonathan/Desktop/annotator/vendor/laravel/framework/src/Illuminate/Database/Query/Builder.php(1718): Illuminate\Database\Query\Processors\Processor->processInsertGetId(Object(Illuminate\Database\Query\Builder), 'insert into `li...', Array, 'id')
#5 [internal function]: Illuminate\Database\Query\Builder->insertGetId(Array, 'id')
#6 /home/jonathan/Desktop/annotator/vendor/laravel/framework/src/Illuminate/Database/Eloquent/Builder.php(933): call_user_func_array(Array, Array)
#7 /home/jonathan/Desktop/annotator/vendor/compiled.php(9897): Illuminate\Database\Eloquent\Builder->__call('insertGetId', Array)
#8 /home/jonathan/Desktop/annotator/vendor/compiled.php(9897): Illuminate\Database\Eloquent\Builder->insertGetId(Array, 'id')
#9 /home/jonathan/Desktop/annotator/vendor/compiled.php(9887): Illuminate\Database\Eloquent\Model->insertAndSetId(Object(Illuminate\Database\Eloquent\Builder), Array)
#10 /home/jonathan/Desktop/annotator/vendor/compiled.php(9844): Illuminate\Database\Eloquent\Model->performInsert(Object(Illuminate\Database\Eloquent\Builder), Array)
#11 /home/jonathan/Desktop/annotator/app/Like.php(23): Illuminate\Database\Eloquent\Model->save()
#12 /home/jonathan/Desktop/annotator/app/Http/Controllers/AnnotationController.php(221): App\Like::setLike('3', 'keyword-1', 1)
#13 [internal function]: App\Http\Controllers\AnnotationController->like('keyword-1')
#14 /home/jonathan/Desktop/annotator/vendor/compiled.php(8373): call_user_func_array(Array, Array)
#15 /home/jonathan/Desktop/annotator/vendor/compiled.php(8440): Illuminate\Routing\Controller->callAction('like', Array)
#16 /home/jonathan/Desktop/annotator/vendor/compiled.php(8419): Illuminate\Routing\ControllerDispatcher->call(Object(App\Http\Controllers\AnnotationController), Object(Illuminate\Routing\Route), 'like')
#17 [internal function]: Illuminate\Routing\ControllerDispatcher->Illuminate\Routing\{closure}(Object(Illuminate\Http\Request))
#18 /home/jonathan/Desktop/annotator/vendor/compiled.php(9053): call_user_func(Object(Closure), Object(Illuminate\Http\Request))
#19 [internal function]: Illuminate\Pipeline\Pipeline->Illuminate\Pipeline\{closure}(Object(Illuminate\Http\Request))
#20 /home/jonathan/Desktop/annotator/vendor/compiled.php(9036): call_user_func(Object(Closure), Object(Illuminate\Http\Request))
#21 /home/jonathan/Desktop/annotator/vendor/compiled.php(8420): Illuminate\Pipeline\Pipeline->then(Object(Closure))
#22 /home/jonathan/Desktop/annotator/vendor/compiled.php(8406): Illuminate\Routing\ControllerDispatcher->callWithinStack(Object(App\Http\Controllers\AnnotationController), Object(Illuminate\Routing\Route), Object(Illuminate\Http\Request), 'like')
#23 /home/jonathan/Desktop/annotator/vendor/compiled.php(7404): Illuminate\Routing\ControllerDispatcher->dispatch(Object(Illuminate\Routing\Route), Object(Illuminate\Http\Request), 'App\\Http\\Contro...', 'like')
#24 /home/jonathan/Desktop/annotator/vendor/compiled.php(7375): Illuminate\Routing\Route->runWithCustomDispatcher(Object(Illuminate\Http\Request))
#25 /home/jonathan/Desktop/annotator/vendor/compiled.php(7041): Illuminate\Routing\Route->run(Object(Illuminate\Http\Request))
#26 [internal function]: Illuminate\Routing\Router->Illuminate\Routing\{closure}(Object(Illuminate\Http\Request))
#27 /home/jonathan/Desktop/annotator/vendor/compiled.php(9053): call_user_func(Object(Closure), Object(Illuminate\Http\Request))
#28 /home/jonathan/Desktop/annotator/app/Http/Middleware/ApiMiddleWare.php(30): Illuminate\Pipeline\Pipeline->Illuminate\Pipeline\{closure}(Object(Illuminate\Http\Request))
#29 /home/jonathan/Desktop/annotator/vendor/compiled.php(9045): App\Http\Middleware\ApiMiddleWare->handle(Object(Illuminate\Http\Request), Object(Closure))
#30 /home/jonathan/Desktop/annotator/app/Http/Middleware/CrossDomainMiddleWare.php(20): Illuminate\Pipeline\Pipeline->Illuminate\Pipeline\{closure}(Object(Illuminate\Http\Request))
#31 /home/jonathan/Desktop/annotator/vendor/compiled.php(9045): App\Http\Middleware\CrossDomainMiddleWare->handle(Object(Illuminate\Http\Request), Object(Closure))
#32 /home/jonathan/Desktop/annotator/app/Http/Middleware/CrossDomainMiddleWare.php(20): Illuminate\Pipeline\Pipeline->Illuminate\Pipeline\{closure}(Object(Illuminate\Http\Request))
#33 /home/jonathan/Desktop/annotator/vendor/compiled.php(9045): App\Http\Middleware\CrossDomainMiddleWare->handle(Object(Illuminate\Http\Request), Object(Closure))
#34 [internal function]: Illuminate\Pipeline\Pipeline->Illuminate\Pipeline\{closure}(Object(Illuminate\Http\Request))
#35 /home/jonathan/Desktop/annotator/vendor/compiled.php(9036): call_user_func(Object(Closure), Object(Illuminate\Http\Request))
#36 /home/jonathan/Desktop/annotator/vendor/compiled.php(7042): Illuminate\Pipeline\Pipeline->then(Object(Closure))
#37 /home/jonathan/Desktop/annotator/vendor/compiled.php(7031): Illuminate\Routing\Router->runRouteWithinStack(Object(Illuminate\Routing\Route), Object(Illuminate\Http\Request))
#38 /home/jonathan/Desktop/annotator/vendor/compiled.php(7016): Illuminate\Routing\Router->dispatchToRoute(Object(Illuminate\Http\Request))
#39 /home/jonathan/Desktop/annotator/vendor/compiled.php(1989): Illuminate\Routing\Router->dispatch(Object(Illuminate\Http\Request))
#40 [internal function]: Illuminate\Foundation\Http\Kernel->Illuminate\Foundation\Http\{closure}(Object(Illuminate\Http\Request))
#41 /home/jonathan/Desktop/annotator/vendor/compiled.php(9053): call_user_func(Object(Closure), Object(Illuminate\Http\Request))
#42 /home/jonathan/Desktop/annotator/vendor/compiled.php(12202): Illuminate\Pipeline\Pipeline->Illuminate\Pipeline\{closure}(Object(Illuminate\Http\Request))
#43 /home/jonathan/Desktop/annotator/vendor/compiled.php(9045): Illuminate\View\Middleware\ShareErrorsFromSession->handle(Object(Illuminate\Http\Request), Object(Closure))
#44 /home/jonathan/Desktop/annotator/vendor/compiled.php(10903): Illuminate\Pipeline\Pipeline->Illuminate\Pipeline\{closure}(Object(Illuminate\Http\Request))
#45 /home/jonathan/Desktop/annotator/vendor/compiled.php(9045): Illuminate\Session\Middleware\StartSession->handle(Object(Illuminate\Http\Request), Object(Closure))
#46 /home/jonathan/Desktop/annotator/vendor/compiled.php(11908): Illuminate\Pipeline\Pipeline->Illuminate\Pipeline\{closure}(Object(Illuminate\Http\Request))
#47 /home/jonathan/Desktop/annotator/vendor/compiled.php(9045): Illuminate\Cookie\Middleware\AddQueuedCookiesToResponse->handle(Object(Illuminate\Http\Request), Object(Closure))
#48 /home/jonathan/Desktop/annotator/vendor/compiled.php(11857): Illuminate\Pipeline\Pipeline->Illuminate\Pipeline\{closure}(Object(Illuminate\Http\Request))
#49 /home/jonathan/Desktop/annotator/vendor/compiled.php(9045): Illuminate\Cookie\Middleware\EncryptCookies->handle(Object(Illuminate\Http\Request), Object(Closure))
#50 /home/jonathan/Desktop/annotator/vendor/compiled.php(2532): Illuminate\Pipeline\Pipeline->Illuminate\Pipeline\{closure}(Object(Illuminate\Http\Request))
#51 /home/jonathan/Desktop/annotator/vendor/compiled.php(9045): Illuminate\Foundation\Http\Middleware\CheckForMaintenanceMode->handle(Object(Illuminate\Http\Request), Object(Closure))
#52 [internal function]: Illuminate\Pipeline\Pipeline->Illuminate\Pipeline\{closure}(Object(Illuminate\Http\Request))
#53 /home/jonathan/Desktop/annotator/vendor/compiled.php(9036): call_user_func(Object(Closure), Object(Illuminate\Http\Request))
#54 /home/jonathan/Desktop/annotator/vendor/compiled.php(1945): Illuminate\Pipeline\Pipeline->then(Object(Closure))
#55 /home/jonathan/Desktop/annotator/vendor/compiled.php(1932): Illuminate\Foundation\Http\Kernel->sendRequestThroughRouter(Object(Illuminate\Http\Request))
#56 /home/jonathan/Desktop/annotator/public/index.php(53): Illuminate\Foundation\Http\Kernel->handle(Object(Illuminate\Http\Request))
#57 {main}  
[2016-03-04 02:55:19] local.ERROR: exception 'PDOException' with message 'SQLSTATE[23000]: Integrity constraint violation: 1452 Cannot add or update a child row: a foreign key constraint fails (`annotation`.`likes`, CONSTRAINT `likes_aid_foreign` FOREIGN KEY (`aid`) REFERENCES `annotations` (`id`) ON DELETE CASCADE)' in /home/jonathan/Desktop/annotator/vendor/laravel/framework/src/Illuminate/Database/Connection.php:362
Stack trace:
#0 /home/jonathan/Desktop/annotator/vendor/laravel/framework/src/Illuminate/Database/Connection.php(362): PDOStatement->execute(Array)
#1 /home/jonathan/Desktop/annotator/vendor/laravel/framework/src/Illuminate/Database/Connection.php(616): Illuminate\Database\Connection->Illuminate\Database\{closure}(Object(Illuminate\Database\MySqlConnection), 'insert into `li...', Array)
#2 /home/jonathan/Desktop/annotator/vendor/laravel/framework/src/Illuminate/Database/Connection.php(580): Illuminate\Database\Connection->runQueryCallback('insert into `li...', Array, Object(Closure))
#3 /home/jonathan/Desktop/annotator/vendor/laravel/framework/src/Illuminate/Database/Connection.php(363): Illuminate\Database\Connection->run('insert into `li...', Array, Object(Closure))
#4 /home/jonathan/Desktop/annotator/vendor/laravel/framework/src/Illuminate/Database/Connection.php(320): Illuminate\Database\Connection->statement('insert into `li...', Array)
#5 /home/jonathan/Desktop/annotator/vendor/laravel/framework/src/Illuminate/Database/Query/Processors/Processor.php(30): Illuminate\Database\Connection->insert('insert into `li...', Array)
#6 /home/jonathan/Desktop/annotator/vendor/laravel/framework/src/Illuminate/Database/Query/Builder.php(1718): Illuminate\Database\Query\Processors\Processor->processInsertGetId(Object(Illuminate\Database\Query\Builder), 'insert into `li...', Array, 'id')
#7 [internal function]: Illuminate\Database\Query\Builder->insertGetId(Array, 'id')
#8 /home/jonathan/Desktop/annotator/vendor/laravel/framework/src/Illuminate/Database/Eloquent/Builder.php(933): call_user_func_array(Array, Array)
#9 /home/jonathan/Desktop/annotator/vendor/compiled.php(9897): Illuminate\Database\Eloquent\Builder->__call('insertGetId', Array)
#10 /home/jonathan/Desktop/annotator/vendor/compiled.php(9897): Illuminate\Database\Eloquent\Builder->insertGetId(Array, 'id')
#11 /home/jonathan/Desktop/annotator/vendor/compiled.php(9887): Illuminate\Database\Eloquent\Model->insertAndSetId(Object(Illuminate\Database\Eloquent\Builder), Array)
#12 /home/jonathan/Desktop/annotator/vendor/compiled.php(9844): Illuminate\Database\Eloquent\Model->performInsert(Object(Illuminate\Database\Eloquent\Builder), Array)
#13 /home/jonathan/Desktop/annotator/app/Like.php(23): Illuminate\Database\Eloquent\Model->save()
#14 /home/jonathan/Desktop/annotator/app/Http/Controllers/AnnotationController.php(221): App\Like::setLike('3', 'keyword-1', 1)
#15 [internal function]: App\Http\Controllers\AnnotationController->like('keyword-1')
#16 /home/jonathan/Desktop/annotator/vendor/compiled.php(8373): call_user_func_array(Array, Array)
#17 /home/jonathan/Desktop/annotator/vendor/compiled.php(8440): Illuminate\Routing\Controller->callAction('like', Array)
#18 /home/jonathan/Desktop/annotator/vendor/compiled.php(8419): Illuminate\Routing\ControllerDispatcher->call(Object(App\Http\Controllers\AnnotationController), Object(Illuminate\Routing\Route), 'like')
#19 [internal function]: Illuminate\Routing\ControllerDispatcher->Illuminate\Routing\{closure}(Object(Illuminate\Http\Request))
#20 /home/jonathan/Desktop/annotator/vendor/compiled.php(9053): call_user_func(Object(Closure), Object(Illuminate\Http\Request))
#21 [internal function]: Illuminate\Pipeline\Pipeline->Illuminate\Pipeline\{closure}(Object(Illuminate\Http\Request))
#22 /home/jonathan/Desktop/annotator/vendor/compiled.php(9036): call_user_func(Object(Closure), Object(Illuminate\Http\Request))
#23 /home/jonathan/Desktop/annotator/vendor/compiled.php(8420): Illuminate\Pipeline\Pipeline->then(Object(Closure))
#24 /home/jonathan/Desktop/annotator/vendor/compiled.php(8406): Illuminate\Routing\ControllerDispatcher->callWithinStack(Object(App\Http\Controllers\AnnotationController), Object(Illuminate\Routing\Route), Object(Illuminate\Http\Request), 'like')
#25 /home/jonathan/Desktop/annotator/vendor/compiled.php(7404): Illuminate\Routing\ControllerDispatcher->dispatch(Object(Illuminate\Routing\Route), Object(Illuminate\Http\Request), 'App\\Http\\Contro...', 'like')
#26 /home/jonathan/Desktop/annotator/vendor/compiled.php(7375): Illuminate\Routing\Route->runWithCustomDispatcher(Object(Illuminate\Http\Request))
#27 /home/jonathan/Desktop/annotator/vendor/compiled.php(7041): Illuminate\Routing\Route->run(Object(Illuminate\Http\Request))
#28 [internal function]: Illuminate\Routing\Router->Illuminate\Routing\{closure}(Object(Illuminate\Http\Request))
#29 /home/jonathan/Desktop/annotator/vendor/compiled.php(9053): call_user_func(Object(Closure), Object(Illuminate\Http\Request))
#30 /home/jonathan/Desktop/annotator/app/Http/Middleware/ApiMiddleWare.php(30): Illuminate\Pipeline\Pipeline->Illuminate\Pipeline\{closure}(Object(Illuminate\Http\Request))
#31 /home/jonathan/Desktop/annotator/vendor/compiled.php(9045): App\Http\Middleware\ApiMiddleWare->handle(Object(Illuminate\Http\Request), Object(Closure))
#32 /home/jonathan/Desktop/annotator/app/Http/Middleware/CrossDomainMiddleWare.php(20): Illuminate\Pipeline\Pipeline->Illuminate\Pipeline\{closure}(Object(Illuminate\Http\Request))
#33 /home/jonathan/Desktop/annotator/vendor/compiled.php(9045): App\Http\Middleware\CrossDomainMiddleWare->handle(Object(Illuminate\Http\Request), Object(Closure))
#34 /home/jonathan/Desktop/annotator/app/Http/Middleware/CrossDomainMiddleWare.php(20): Illuminate\Pipeline\Pipeline->Illuminate\Pipeline\{closure}(Object(Illuminate\Http\Request))
#35 /home/jonathan/Desktop/annotator/vendor/compiled.php(9045): App\Http\Middleware\CrossDomainMiddleWare->handle(Object(Illuminate\Http\Request), Object(Closure))
#36 [internal function]: Illuminate\Pipeline\Pipeline->Illuminate\Pipeline\{closure}(Object(Illuminate\Http\Request))
#37 /home/jonathan/Desktop/annotator/vendor/compiled.php(9036): call_user_func(Object(Closure), Object(Illuminate\Http\Request))
#38 /home/jonathan/Desktop/annotator/vendor/compiled.php(7042): Illuminate\Pipeline\Pipeline->then(Object(Closure))
#39 /home/jonathan/Desktop/annotator/vendor/compiled.php(7031): Illuminate\Routing\Router->runRouteWithinStack(Object(Illuminate\Routing\Route), Object(Illuminate\Http\Request))
#40 /home/jonathan/Desktop/annotator/vendor/compiled.php(7016): Illuminate\Routing\Router->dispatchToRoute(Object(Illuminate\Http\Request))
#41 /home/jonathan/Desktop/annotator/vendor/compiled.php(1989): Illuminate\Routing\Router->dispatch(Object(Illuminate\Http\Request))
#42 [internal function]: Illuminate\Foundation\Http\Kernel->Illuminate\Foundation\Http\{closure}(Object(Illuminate\Http\Request))
#43 /home/jonathan/Desktop/annotator/vendor/compiled.php(9053): call_user_func(Object(Closure), Object(Illuminate\Http\Request))
#44 /home/jonathan/Desktop/annotator/vendor/compiled.php(12202): Illuminate\Pipeline\Pipeline->Illuminate\Pipeline\{closure}(Object(Illuminate\Http\Request))
#45 /home/jonathan/Desktop/annotator/vendor/compiled.php(9045): Illuminate\View\Middleware\ShareErrorsFromSession->handle(Object(Illuminate\Http\Request), Object(Closure))
#46 /home/jonathan/Desktop/annotator/vendor/compiled.php(10903): Illuminate\Pipeline\Pipeline->Illuminate\Pipeline\{closure}(Object(Illuminate\Http\Request))
#47 /home/jonathan/Desktop/annotator/vendor/compiled.php(9045): Illuminate\Session\Middleware\StartSession->handle(Object(Illuminate\Http\Request), Object(Closure))
#48 /home/jonathan/Desktop/annotator/vendor/compiled.php(11908): Illuminate\Pipeline\Pipeline->Illuminate\Pipeline\{closure}(Object(Illuminate\Http\Request))
#49 /home/jonathan/Desktop/annotator/vendor/compiled.php(9045): Illuminate\Cookie\Middleware\AddQueuedCookiesToResponse->handle(Object(Illuminate\Http\Request), Object(Closure))
#50 /home/jonathan/Desktop/annotator/vendor/compiled.php(11857): Illuminate\Pipeline\Pipeline->Illuminate\Pipeline\{closure}(Object(Illuminate\Http\Request))
#51 /home/jonathan/Desktop/annotator/vendor/compiled.php(9045): Illuminate\Cookie\Middleware\EncryptCookies->handle(Object(Illuminate\Http\Request), Object(Closure))
#52 /home/jonathan/Desktop/annotator/vendor/compiled.php(2532): Illuminate\Pipeline\Pipeline->Illuminate\Pipeline\{closure}(Object(Illuminate\Http\Request))
#53 /home/jonathan/Desktop/annotator/vendor/compiled.php(9045): Illuminate\Foundation\Http\Middleware\CheckForMaintenanceMode->handle(Object(Illuminate\Http\Request), Object(Closure))
#54 [internal function]: Illuminate\Pipeline\Pipeline->Illuminate\Pipeline\{closure}(Object(Illuminate\Http\Request))
#55 /home/jonathan/Desktop/annotator/vendor/compiled.php(9036): call_user_func(Object(Closure), Object(Illuminate\Http\Request))
#56 /home/jonathan/Desktop/annotator/vendor/compiled.php(1945): Illuminate\Pipeline\Pipeline->then(Object(Closure))
#57 /home/jonathan/Desktop/annotator/vendor/compiled.php(1932): Illuminate\Foundation\Http\Kernel->sendRequestThroughRouter(Object(Illuminate\Http\Request))
#58 /home/jonathan/Desktop/annotator/public/index.php(53): Illuminate\Foundation\Http\Kernel->handle(Object(Illuminate\Http\Request))
#59 {main}

Next exception 'Illuminate\Database\QueryException' with message 'SQLSTATE[23000]: Integrity constraint violation: 1452 Cannot add or update a child row: a foreign key constraint fails (`annotation`.`likes`, CONSTRAINT `likes_aid_foreign` FOREIGN KEY (`aid`) REFERENCES `annotations` (`id`) ON DELETE CASCADE) (SQL: insert into `likes` (`like`, `uid`, `aid`) values (1, 3, keyword-1))' in /home/jonathan/Desktop/annotator/vendor/laravel/framework/src/Illuminate/Database/Connection.php:624
Stack trace:
#0 /home/jonathan/Desktop/annotator/vendor/laravel/framework/src/Illuminate/Database/Connection.php(580): Illuminate\Database\Connection->runQueryCallback('insert into `li...', Array, Object(Closure))
#1 /home/jonathan/Desktop/annotator/vendor/laravel/framework/src/Illuminate/Database/Connection.php(363): Illuminate\Database\Connection->run('insert into `li...', Array, Object(Closure))
#2 /home/jonathan/Desktop/annotator/vendor/laravel/framework/src/Illuminate/Database/Connection.php(320): Illuminate\Database\Connection->statement('insert into `li...', Array)
#3 /home/jonathan/Desktop/annotator/vendor/laravel/framework/src/Illuminate/Database/Query/Processors/Processor.php(30): Illuminate\Database\Connection->insert('insert into `li...', Array)
#4 /home/jonathan/Desktop/annotator/vendor/laravel/framework/src/Illuminate/Database/Query/Builder.php(1718): Illuminate\Database\Query\Processors\Processor->processInsertGetId(Object(Illuminate\Database\Query\Builder), 'insert into `li...', Array, 'id')
#5 [internal function]: Illuminate\Database\Query\Builder->insertGetId(Array, 'id')
#6 /home/jonathan/Desktop/annotator/vendor/laravel/framework/src/Illuminate/Database/Eloquent/Builder.php(933): call_user_func_array(Array, Array)
#7 /home/jonathan/Desktop/annotator/vendor/compiled.php(9897): Illuminate\Database\Eloquent\Builder->__call('insertGetId', Array)
#8 /home/jonathan/Desktop/annotator/vendor/compiled.php(9897): Illuminate\Database\Eloquent\Builder->insertGetId(Array, 'id')
#9 /home/jonathan/Desktop/annotator/vendor/compiled.php(9887): Illuminate\Database\Eloquent\Model->insertAndSetId(Object(Illuminate\Database\Eloquent\Builder), Array)
#10 /home/jonathan/Desktop/annotator/vendor/compiled.php(9844): Illuminate\Database\Eloquent\Model->performInsert(Object(Illuminate\Database\Eloquent\Builder), Array)
#11 /home/jonathan/Desktop/annotator/app/Like.php(23): Illuminate\Database\Eloquent\Model->save()
#12 /home/jonathan/Desktop/annotator/app/Http/Controllers/AnnotationController.php(221): App\Like::setLike('3', 'keyword-1', 1)
#13 [internal function]: App\Http\Controllers\AnnotationController->like('keyword-1')
#14 /home/jonathan/Desktop/annotator/vendor/compiled.php(8373): call_user_func_array(Array, Array)
#15 /home/jonathan/Desktop/annotator/vendor/compiled.php(8440): Illuminate\Routing\Controller->callAction('like', Array)
#16 /home/jonathan/Desktop/annotator/vendor/compiled.php(8419): Illuminate\Routing\ControllerDispatcher->call(Object(App\Http\Controllers\AnnotationController), Object(Illuminate\Routing\Route), 'like')
#17 [internal function]: Illuminate\Routing\ControllerDispatcher->Illuminate\Routing\{closure}(Object(Illuminate\Http\Request))
#18 /home/jonathan/Desktop/annotator/vendor/compiled.php(9053): call_user_func(Object(Closure), Object(Illuminate\Http\Request))
#19 [internal function]: Illuminate\Pipeline\Pipeline->Illuminate\Pipeline\{closure}(Object(Illuminate\Http\Request))
#20 /home/jonathan/Desktop/annotator/vendor/compiled.php(9036): call_user_func(Object(Closure), Object(Illuminate\Http\Request))
#21 /home/jonathan/Desktop/annotator/vendor/compiled.php(8420): Illuminate\Pipeline\Pipeline->then(Object(Closure))
#22 /home/jonathan/Desktop/annotator/vendor/compiled.php(8406): Illuminate\Routing\ControllerDispatcher->callWithinStack(Object(App\Http\Controllers\AnnotationController), Object(Illuminate\Routing\Route), Object(Illuminate\Http\Request), 'like')
#23 /home/jonathan/Desktop/annotator/vendor/compiled.php(7404): Illuminate\Routing\ControllerDispatcher->dispatch(Object(Illuminate\Routing\Route), Object(Illuminate\Http\Request), 'App\\Http\\Contro...', 'like')
#24 /home/jonathan/Desktop/annotator/vendor/compiled.php(7375): Illuminate\Routing\Route->runWithCustomDispatcher(Object(Illuminate\Http\Request))
#25 /home/jonathan/Desktop/annotator/vendor/compiled.php(7041): Illuminate\Routing\Route->run(Object(Illuminate\Http\Request))
#26 [internal function]: Illuminate\Routing\Router->Illuminate\Routing\{closure}(Object(Illuminate\Http\Request))
#27 /home/jonathan/Desktop/annotator/vendor/compiled.php(9053): call_user_func(Object(Closure), Object(Illuminate\Http\Request))
#28 /home/jonathan/Desktop/annotator/app/Http/Middleware/ApiMiddleWare.php(30): Illuminate\Pipeline\Pipeline->Illuminate\Pipeline\{closure}(Object(Illuminate\Http\Request))
#29 /home/jonathan/Desktop/annotator/vendor/compiled.php(9045): App\Http\Middleware\ApiMiddleWare->handle(Object(Illuminate\Http\Request), Object(Closure))
#30 /home/jonathan/Desktop/annotator/app/Http/Middleware/CrossDomainMiddleWare.php(20): Illuminate\Pipeline\Pipeline->Illuminate\Pipeline\{closure}(Object(Illuminate\Http\Request))
#31 /home/jonathan/Desktop/annotator/vendor/compiled.php(9045): App\Http\Middleware\CrossDomainMiddleWare->handle(Object(Illuminate\Http\Request), Object(Closure))
#32 /home/jonathan/Desktop/annotator/app/Http/Middleware/CrossDomainMiddleWare.php(20): Illuminate\Pipeline\Pipeline->Illuminate\Pipeline\{closure}(Object(Illuminate\Http\Request))
#33 /home/jonathan/Desktop/annotator/vendor/compiled.php(9045): App\Http\Middleware\CrossDomainMiddleWare->handle(Object(Illuminate\Http\Request), Object(Closure))
#34 [internal function]: Illuminate\Pipeline\Pipeline->Illuminate\Pipeline\{closure}(Object(Illuminate\Http\Request))
#35 /home/jonathan/Desktop/annotator/vendor/compiled.php(9036): call_user_func(Object(Closure), Object(Illuminate\Http\Request))
#36 /home/jonathan/Desktop/annotator/vendor/compiled.php(7042): Illuminate\Pipeline\Pipeline->then(Object(Closure))
#37 /home/jonathan/Desktop/annotator/vendor/compiled.php(7031): Illuminate\Routing\Router->runRouteWithinStack(Object(Illuminate\Routing\Route), Object(Illuminate\Http\Request))
#38 /home/jonathan/Desktop/annotator/vendor/compiled.php(7016): Illuminate\Routing\Router->dispatchToRoute(Object(Illuminate\Http\Request))
#39 /home/jonathan/Desktop/annotator/vendor/compiled.php(1989): Illuminate\Routing\Router->dispatch(Object(Illuminate\Http\Request))
#40 [internal function]: Illuminate\Foundation\Http\Kernel->Illuminate\Foundation\Http\{closure}(Object(Illuminate\Http\Request))
#41 /home/jonathan/Desktop/annotator/vendor/compiled.php(9053): call_user_func(Object(Closure), Object(Illuminate\Http\Request))
#42 /home/jonathan/Desktop/annotator/vendor/compiled.php(12202): Illuminate\Pipeline\Pipeline->Illuminate\Pipeline\{closure}(Object(Illuminate\Http\Request))
#43 /home/jonathan/Desktop/annotator/vendor/compiled.php(9045): Illuminate\View\Middleware\ShareErrorsFromSession->handle(Object(Illuminate\Http\Request), Object(Closure))
#44 /home/jonathan/Desktop/annotator/vendor/compiled.php(10903): Illuminate\Pipeline\Pipeline->Illuminate\Pipeline\{closure}(Object(Illuminate\Http\Request))
#45 /home/jonathan/Desktop/annotator/vendor/compiled.php(9045): Illuminate\Session\Middleware\StartSession->handle(Object(Illuminate\Http\Request), Object(Closure))
#46 /home/jonathan/Desktop/annotator/vendor/compiled.php(11908): Illuminate\Pipeline\Pipeline->Illuminate\Pipeline\{closure}(Object(Illuminate\Http\Request))
#47 /home/jonathan/Desktop/annotator/vendor/compiled.php(9045): Illuminate\Cookie\Middleware\AddQueuedCookiesToResponse->handle(Object(Illuminate\Http\Request), Object(Closure))
#48 /home/jonathan/Desktop/annotator/vendor/compiled.php(11857): Illuminate\Pipeline\Pipeline->Illuminate\Pipeline\{closure}(Object(Illuminate\Http\Request))
#49 /home/jonathan/Desktop/annotator/vendor/compiled.php(9045): Illuminate\Cookie\Middleware\EncryptCookies->handle(Object(Illuminate\Http\Request), Object(Closure))
#50 /home/jonathan/Desktop/annotator/vendor/compiled.php(2532): Illuminate\Pipeline\Pipeline->Illuminate\Pipeline\{closure}(Object(Illuminate\Http\Request))
#51 /home/jonathan/Desktop/annotator/vendor/compiled.php(9045): Illuminate\Foundation\Http\Middleware\CheckForMaintenanceMode->handle(Object(Illuminate\Http\Request), Object(Closure))
#52 [internal function]: Illuminate\Pipeline\Pipeline->Illuminate\Pipeline\{closure}(Object(Illuminate\Http\Request))
#53 /home/jonathan/Desktop/annotator/vendor/compiled.php(9036): call_user_func(Object(Closure), Object(Illuminate\Http\Request))
#54 /home/jonathan/Desktop/annotator/vendor/compiled.php(1945): Illuminate\Pipeline\Pipeline->then(Object(Closure))
#55 /home/jonathan/Desktop/annotator/vendor/compiled.php(1932): Illuminate\Foundation\Http\Kernel->sendRequestThroughRouter(Object(Illuminate\Http\Request))
#56 /home/jonathan/Desktop/annotator/public/index.php(53): Illuminate\Foundation\Http\Kernel->handle(Object(Illuminate\Http\Request))
#57 {main}  
