[2016-05-11 00:56:34] local.ERROR: exception 'ErrorException' with message 'Undefined property: stdClass::$w' in /home/jonathan/Desktop/annotator/app/AnnotationView.php:121
Stack trace:
#0 /home/jonathan/Desktop/annotator/app/AnnotationView.php(121): Illuminate\Foundation\Bootstrap\HandleExceptions->handleError(8, 'Undefined prope...', '/home/jonathan/...', 121, Array)
#1 /home/jonathan/Desktop/annotator/app/AnnotationView.php(66): App\AnnotationView::format(Object(stdClass))
#2 /home/jonathan/Desktop/annotator/app/Http/Controllers/AnnotationController.php(202): App\AnnotationView::search(Array, -1, 0)
#3 [internal function]: App\Http\Controllers\AnnotationController->search()
#4 /home/jonathan/Desktop/annotator/vendor/compiled.php(8373): call_user_func_array(Array, Array)
#5 /home/jonathan/Desktop/annotator/vendor/compiled.php(8440): Illuminate\Routing\Controller->callAction('search', Array)
#6 /home/jonathan/Desktop/annotator/vendor/compiled.php(8419): Illuminate\Routing\ControllerDispatcher->call(Object(App\Http\Controllers\AnnotationController), Object(Illuminate\Routing\Route), 'search')
#7 [internal function]: Illuminate\Routing\ControllerDispatcher->Illuminate\Routing\{closure}(Object(Illuminate\Http\Request))
#8 /home/jonathan/Desktop/annotator/vendor/compiled.php(9053): call_user_func(Object(Closure), Object(Illuminate\Http\Request))
#9 [internal function]: Illuminate\Pipeline\Pipeline->Illuminate\Pipeline\{closure}(Object(Illuminate\Http\Request))
#10 /home/jonathan/Desktop/annotator/vendor/compiled.php(9036): call_user_func(Object(Closure), Object(Illuminate\Http\Request))
#11 /home/jonathan/Desktop/annotator/vendor/compiled.php(8420): Illuminate\Pipeline\Pipeline->then(Object(Closure))
#12 /home/jonathan/Desktop/annotator/vendor/compiled.php(8406): Illuminate\Routing\ControllerDispatcher->callWithinStack(Object(App\Http\Controllers\AnnotationController), Object(Illuminate\Routing\Route), Object(Illuminate\Http\Request), 'search')
#13 /home/jonathan/Desktop/annotator/vendor/compiled.php(7404): Illuminate\Routing\ControllerDispatcher->dispatch(Object(Illuminate\Routing\Route), Object(Illuminate\Http\Request), 'App\\Http\\Contro...', 'search')
#14 /home/jonathan/Desktop/annotator/vendor/compiled.php(7375): Illuminate\Routing\Route->runWithCustomDispatcher(Object(Illuminate\Http\Request))
#15 /home/jonathan/Desktop/annotator/vendor/compiled.php(7041): Illuminate\Routing\Route->run(Object(Illuminate\Http\Request))
#16 [internal function]: Illuminate\Routing\Router->Illuminate\Routing\{closure}(Object(Illuminate\Http\Request))
#17 /home/jonathan/Desktop/annotator/vendor/compiled.php(9053): call_user_func(Object(Closure), Object(Illuminate\Http\Request))
#18 /home/jonathan/Desktop/annotator/app/Http/Middleware/CrossDomainMiddleWare.php(20): Illuminate\Pipeline\Pipeline->Illuminate\Pipeline\{closure}(Object(Illuminate\Http\Request))
#19 /home/jonathan/Desktop/annotator/vendor/compiled.php(9045): App\Http\Middleware\CrossDomainMiddleWare->handle(Object(Illuminate\Http\Request), Object(Closure))
#20 [internal function]: Illuminate\Pipeline\Pipeline->Illuminate\Pipeline\{closure}(Object(Illuminate\Http\Request))
#21 /home/jonathan/Desktop/annotator/vendor/compiled.php(9036): call_user_func(Object(Closure), Object(Illuminate\Http\Request))
#22 /home/jonathan/Desktop/annotator/vendor/compiled.php(7042): Illuminate\Pipeline\Pipeline->then(Object(Closure))
#23 /home/jonathan/Desktop/annotator/vendor/compiled.php(7031): Illuminate\Routing\Router->runRouteWithinStack(Object(Illuminate\Routing\Route), Object(Illuminate\Http\Request))
#24 /home/jonathan/Desktop/annotator/vendor/compiled.php(7016): Illuminate\Routing\Router->dispatchToRoute(Object(Illuminate\Http\Request))
#25 /home/jonathan/Desktop/annotator/vendor/compiled.php(1989): Illuminate\Routing\Router->dispatch(Object(Illuminate\Http\Request))
#26 [internal function]: Illuminate\Foundation\Http\Kernel->Illuminate\Foundation\Http\{closure}(Object(Illuminate\Http\Request))
#27 /home/jonathan/Desktop/annotator/vendor/compiled.php(9053): call_user_func(Object(Closure), Object(Illuminate\Http\Request))
#28 /home/jonathan/Desktop/annotator/vendor/compiled.php(12202): Illuminate\Pipeline\Pipeline->Illuminate\Pipeline\{closure}(Object(Illuminate\Http\Request))
#29 /home/jonathan/Desktop/annotator/vendor/compiled.php(9045): Illuminate\View\Middleware\ShareErrorsFromSession->handle(Object(Illuminate\Http\Request), Object(Closure))
#30 /home/jonathan/Desktop/annotator/vendor/compiled.php(10903): Illuminate\Pipeline\Pipeline->Illuminate\Pipeline\{closure}(Object(Illuminate\Http\Request))
#31 /home/jonathan/Desktop/annotator/vendor/compiled.php(9045): Illuminate\Session\Middleware\StartSession->handle(Object(Illuminate\Http\Request), Object(Closure))
#32 /home/jonathan/Desktop/annotator/vendor/compiled.php(11908): Illuminate\Pipeline\Pipeline->Illuminate\Pipeline\{closure}(Object(Illuminate\Http\Request))
#33 /home/jonathan/Desktop/annotator/vendor/compiled.php(9045): Illuminate\Cookie\Middleware\AddQueuedCookiesToResponse->handle(Object(Illuminate\Http\Request), Object(Closure))
#34 /home/jonathan/Desktop/annotator/vendor/compiled.php(11857): Illuminate\Pipeline\Pipeline->Illuminate\Pipeline\{closure}(Object(Illuminate\Http\Request))
#35 /home/jonathan/Desktop/annotator/vendor/compiled.php(9045): Illuminate\Cookie\Middleware\EncryptCookies->handle(Object(Illuminate\Http\Request), Object(Closure))
#36 /home/jonathan/Desktop/annotator/vendor/compiled.php(2532): Illuminate\Pipeline\Pipeline->Illuminate\Pipeline\{closure}(Object(Illuminate\Http\Request))
#37 /home/jonathan/Desktop/annotator/vendor/compiled.php(9045): Illuminate\Foundation\Http\Middleware\CheckForMaintenanceMode->handle(Object(Illuminate\Http\Request), Object(Closure))
#38 [internal function]: Illuminate\Pipeline\Pipeline->Illuminate\Pipeline\{closure}(Object(Illuminate\Http\Request))
#39 /home/jonathan/Desktop/annotator/vendor/compiled.php(9036): call_user_func(Object(Closure), Object(Illuminate\Http\Request))
#40 /home/jonathan/Desktop/annotator/vendor/compiled.php(1945): Illuminate\Pipeline\Pipeline->then(Object(Closure))
#41 /home/jonathan/Desktop/annotator/vendor/compiled.php(1932): Illuminate\Foundation\Http\Kernel->sendRequestThroughRouter(Object(Illuminate\Http\Request))
#42 /home/jonathan/Desktop/annotator/public/index.php(53): Illuminate\Foundation\Http\Kernel->handle(Object(Illuminate\Http\Request))
#43 {main}  
[2016-05-11 00:57:08] local.ERROR: exception 'ErrorException' with message 'Undefined property: stdClass::$w' in /home/jonathan/Desktop/annotator/app/AnnotationView.php:121
Stack trace:
#0 /home/jonathan/Desktop/annotator/app/AnnotationView.php(121): Illuminate\Foundation\Bootstrap\HandleExceptions->handleError(8, 'Undefined prope...', '/home/jonathan/...', 121, Array)
#1 /home/jonathan/Desktop/annotator/app/AnnotationView.php(66): App\AnnotationView::format(Object(stdClass))
#2 /home/jonathan/Desktop/annotator/app/Http/Controllers/AnnotationController.php(202): App\AnnotationView::search(Array, -1, 0)
#3 [internal function]: App\Http\Controllers\AnnotationController->search()
#4 /home/jonathan/Desktop/annotator/vendor/compiled.php(8373): call_user_func_array(Array, Array)
#5 /home/jonathan/Desktop/annotator/vendor/compiled.php(8440): Illuminate\Routing\Controller->callAction('search', Array)
#6 /home/jonathan/Desktop/annotator/vendor/compiled.php(8419): Illuminate\Routing\ControllerDispatcher->call(Object(App\Http\Controllers\AnnotationController), Object(Illuminate\Routing\Route), 'search')
#7 [internal function]: Illuminate\Routing\ControllerDispatcher->Illuminate\Routing\{closure}(Object(Illuminate\Http\Request))
#8 /home/jonathan/Desktop/annotator/vendor/compiled.php(9053): call_user_func(Object(Closure), Object(Illuminate\Http\Request))
#9 [internal function]: Illuminate\Pipeline\Pipeline->Illuminate\Pipeline\{closure}(Object(Illuminate\Http\Request))
#10 /home/jonathan/Desktop/annotator/vendor/compiled.php(9036): call_user_func(Object(Closure), Object(Illuminate\Http\Request))
#11 /home/jonathan/Desktop/annotator/vendor/compiled.php(8420): Illuminate\Pipeline\Pipeline->then(Object(Closure))
#12 /home/jonathan/Desktop/annotator/vendor/compiled.php(8406): Illuminate\Routing\ControllerDispatcher->callWithinStack(Object(App\Http\Controllers\AnnotationController), Object(Illuminate\Routing\Route), Object(Illuminate\Http\Request), 'search')
#13 /home/jonathan/Desktop/annotator/vendor/compiled.php(7404): Illuminate\Routing\ControllerDispatcher->dispatch(Object(Illuminate\Routing\Route), Object(Illuminate\Http\Request), 'App\\Http\\Contro...', 'search')
#14 /home/jonathan/Desktop/annotator/vendor/compiled.php(7375): Illuminate\Routing\Route->runWithCustomDispatcher(Object(Illuminate\Http\Request))
#15 /home/jonathan/Desktop/annotator/vendor/compiled.php(7041): Illuminate\Routing\Route->run(Object(Illuminate\Http\Request))
#16 [internal function]: Illuminate\Routing\Router->Illuminate\Routing\{closure}(Object(Illuminate\Http\Request))
#17 /home/jonathan/Desktop/annotator/vendor/compiled.php(9053): call_user_func(Object(Closure), Object(Illuminate\Http\Request))
#18 /home/jonathan/Desktop/annotator/app/Http/Middleware/CrossDomainMiddleWare.php(20): Illuminate\Pipeline\Pipeline->Illuminate\Pipeline\{closure}(Object(Illuminate\Http\Request))
#19 /home/jonathan/Desktop/annotator/vendor/compiled.php(9045): App\Http\Middleware\CrossDomainMiddleWare->handle(Object(Illuminate\Http\Request), Object(Closure))
#20 [internal function]: Illuminate\Pipeline\Pipeline->Illuminate\Pipeline\{closure}(Object(Illuminate\Http\Request))
#21 /home/jonathan/Desktop/annotator/vendor/compiled.php(9036): call_user_func(Object(Closure), Object(Illuminate\Http\Request))
#22 /home/jonathan/Desktop/annotator/vendor/compiled.php(7042): Illuminate\Pipeline\Pipeline->then(Object(Closure))
#23 /home/jonathan/Desktop/annotator/vendor/compiled.php(7031): Illuminate\Routing\Router->runRouteWithinStack(Object(Illuminate\Routing\Route), Object(Illuminate\Http\Request))
#24 /home/jonathan/Desktop/annotator/vendor/compiled.php(7016): Illuminate\Routing\Router->dispatchToRoute(Object(Illuminate\Http\Request))
#25 /home/jonathan/Desktop/annotator/vendor/compiled.php(1989): Illuminate\Routing\Router->dispatch(Object(Illuminate\Http\Request))
#26 [internal function]: Illuminate\Foundation\Http\Kernel->Illuminate\Foundation\Http\{closure}(Object(Illuminate\Http\Request))
#27 /home/jonathan/Desktop/annotator/vendor/compiled.php(9053): call_user_func(Object(Closure), Object(Illuminate\Http\Request))
#28 /home/jonathan/Desktop/annotator/vendor/compiled.php(12202): Illuminate\Pipeline\Pipeline->Illuminate\Pipeline\{closure}(Object(Illuminate\Http\Request))
#29 /home/jonathan/Desktop/annotator/vendor/compiled.php(9045): Illuminate\View\Middleware\ShareErrorsFromSession->handle(Object(Illuminate\Http\Request), Object(Closure))
#30 /home/jonathan/Desktop/annotator/vendor/compiled.php(10903): Illuminate\Pipeline\Pipeline->Illuminate\Pipeline\{closure}(Object(Illuminate\Http\Request))
#31 /home/jonathan/Desktop/annotator/vendor/compiled.php(9045): Illuminate\Session\Middleware\StartSession->handle(Object(Illuminate\Http\Request), Object(Closure))
#32 /home/jonathan/Desktop/annotator/vendor/compiled.php(11908): Illuminate\Pipeline\Pipeline->Illuminate\Pipeline\{closure}(Object(Illuminate\Http\Request))
#33 /home/jonathan/Desktop/annotator/vendor/compiled.php(9045): Illuminate\Cookie\Middleware\AddQueuedCookiesToResponse->handle(Object(Illuminate\Http\Request), Object(Closure))
#34 /home/jonathan/Desktop/annotator/vendor/compiled.php(11857): Illuminate\Pipeline\Pipeline->Illuminate\Pipeline\{closure}(Object(Illuminate\Http\Request))
#35 /home/jonathan/Desktop/annotator/vendor/compiled.php(9045): Illuminate\Cookie\Middleware\EncryptCookies->handle(Object(Illuminate\Http\Request), Object(Closure))
#36 /home/jonathan/Desktop/annotator/vendor/compiled.php(2532): Illuminate\Pipeline\Pipeline->Illuminate\Pipeline\{closure}(Object(Illuminate\Http\Request))
#37 /home/jonathan/Desktop/annotator/vendor/compiled.php(9045): Illuminate\Foundation\Http\Middleware\CheckForMaintenanceMode->handle(Object(Illuminate\Http\Request), Object(Closure))
#38 [internal function]: Illuminate\Pipeline\Pipeline->Illuminate\Pipeline\{closure}(Object(Illuminate\Http\Request))
#39 /home/jonathan/Desktop/annotator/vendor/compiled.php(9036): call_user_func(Object(Closure), Object(Illuminate\Http\Request))
#40 /home/jonathan/Desktop/annotator/vendor/compiled.php(1945): Illuminate\Pipeline\Pipeline->then(Object(Closure))
#41 /home/jonathan/Desktop/annotator/vendor/compiled.php(1932): Illuminate\Foundation\Http\Kernel->sendRequestThroughRouter(Object(Illuminate\Http\Request))
#42 /home/jonathan/Desktop/annotator/public/index.php(53): Illuminate\Foundation\Http\Kernel->handle(Object(Illuminate\Http\Request))
#43 {main}  
[2016-05-11 00:57:38] local.ERROR: exception 'ErrorException' with message 'Undefined property: stdClass::$w' in /home/jonathan/Desktop/annotator/app/AnnotationView.php:121
Stack trace:
#0 /home/jonathan/Desktop/annotator/app/AnnotationView.php(121): Illuminate\Foundation\Bootstrap\HandleExceptions->handleError(8, 'Undefined prope...', '/home/jonathan/...', 121, Array)
#1 /home/jonathan/Desktop/annotator/app/AnnotationView.php(66): App\AnnotationView::format(Object(stdClass))
#2 /home/jonathan/Desktop/annotator/app/Http/Controllers/AnnotationController.php(202): App\AnnotationView::search(Array, -1, 0)
#3 [internal function]: App\Http\Controllers\AnnotationController->search()
#4 /home/jonathan/Desktop/annotator/vendor/compiled.php(8373): call_user_func_array(Array, Array)
#5 /home/jonathan/Desktop/annotator/vendor/compiled.php(8440): Illuminate\Routing\Controller->callAction('search', Array)
#6 /home/jonathan/Desktop/annotator/vendor/compiled.php(8419): Illuminate\Routing\ControllerDispatcher->call(Object(App\Http\Controllers\AnnotationController), Object(Illuminate\Routing\Route), 'search')
#7 [internal function]: Illuminate\Routing\ControllerDispatcher->Illuminate\Routing\{closure}(Object(Illuminate\Http\Request))
#8 /home/jonathan/Desktop/annotator/vendor/compiled.php(9053): call_user_func(Object(Closure), Object(Illuminate\Http\Request))
#9 [internal function]: Illuminate\Pipeline\Pipeline->Illuminate\Pipeline\{closure}(Object(Illuminate\Http\Request))
#10 /home/jonathan/Desktop/annotator/vendor/compiled.php(9036): call_user_func(Object(Closure), Object(Illuminate\Http\Request))
#11 /home/jonathan/Desktop/annotator/vendor/compiled.php(8420): Illuminate\Pipeline\Pipeline->then(Object(Closure))
#12 /home/jonathan/Desktop/annotator/vendor/compiled.php(8406): Illuminate\Routing\ControllerDispatcher->callWithinStack(Object(App\Http\Controllers\AnnotationController), Object(Illuminate\Routing\Route), Object(Illuminate\Http\Request), 'search')
#13 /home/jonathan/Desktop/annotator/vendor/compiled.php(7404): Illuminate\Routing\ControllerDispatcher->dispatch(Object(Illuminate\Routing\Route), Object(Illuminate\Http\Request), 'App\\Http\\Contro...', 'search')
#14 /home/jonathan/Desktop/annotator/vendor/compiled.php(7375): Illuminate\Routing\Route->runWithCustomDispatcher(Object(Illuminate\Http\Request))
#15 /home/jonathan/Desktop/annotator/vendor/compiled.php(7041): Illuminate\Routing\Route->run(Object(Illuminate\Http\Request))
#16 [internal function]: Illuminate\Routing\Router->Illuminate\Routing\{closure}(Object(Illuminate\Http\Request))
#17 /home/jonathan/Desktop/annotator/vendor/compiled.php(9053): call_user_func(Object(Closure), Object(Illuminate\Http\Request))
#18 /home/jonathan/Desktop/annotator/app/Http/Middleware/CrossDomainMiddleWare.php(20): Illuminate\Pipeline\Pipeline->Illuminate\Pipeline\{closure}(Object(Illuminate\Http\Request))
#19 /home/jonathan/Desktop/annotator/vendor/compiled.php(9045): App\Http\Middleware\CrossDomainMiddleWare->handle(Object(Illuminate\Http\Request), Object(Closure))
#20 [internal function]: Illuminate\Pipeline\Pipeline->Illuminate\Pipeline\{closure}(Object(Illuminate\Http\Request))
#21 /home/jonathan/Desktop/annotator/vendor/compiled.php(9036): call_user_func(Object(Closure), Object(Illuminate\Http\Request))
#22 /home/jonathan/Desktop/annotator/vendor/compiled.php(7042): Illuminate\Pipeline\Pipeline->then(Object(Closure))
#23 /home/jonathan/Desktop/annotator/vendor/compiled.php(7031): Illuminate\Routing\Router->runRouteWithinStack(Object(Illuminate\Routing\Route), Object(Illuminate\Http\Request))
#24 /home/jonathan/Desktop/annotator/vendor/compiled.php(7016): Illuminate\Routing\Router->dispatchToRoute(Object(Illuminate\Http\Request))
#25 /home/jonathan/Desktop/annotator/vendor/compiled.php(1989): Illuminate\Routing\Router->dispatch(Object(Illuminate\Http\Request))
#26 [internal function]: Illuminate\Foundation\Http\Kernel->Illuminate\Foundation\Http\{closure}(Object(Illuminate\Http\Request))
#27 /home/jonathan/Desktop/annotator/vendor/compiled.php(9053): call_user_func(Object(Closure), Object(Illuminate\Http\Request))
#28 /home/jonathan/Desktop/annotator/vendor/compiled.php(12202): Illuminate\Pipeline\Pipeline->Illuminate\Pipeline\{closure}(Object(Illuminate\Http\Request))
#29 /home/jonathan/Desktop/annotator/vendor/compiled.php(9045): Illuminate\View\Middleware\ShareErrorsFromSession->handle(Object(Illuminate\Http\Request), Object(Closure))
#30 /home/jonathan/Desktop/annotator/vendor/compiled.php(10903): Illuminate\Pipeline\Pipeline->Illuminate\Pipeline\{closure}(Object(Illuminate\Http\Request))
#31 /home/jonathan/Desktop/annotator/vendor/compiled.php(9045): Illuminate\Session\Middleware\StartSession->handle(Object(Illuminate\Http\Request), Object(Closure))
#32 /home/jonathan/Desktop/annotator/vendor/compiled.php(11908): Illuminate\Pipeline\Pipeline->Illuminate\Pipeline\{closure}(Object(Illuminate\Http\Request))
#33 /home/jonathan/Desktop/annotator/vendor/compiled.php(9045): Illuminate\Cookie\Middleware\AddQueuedCookiesToResponse->handle(Object(Illuminate\Http\Request), Object(Closure))
#34 /home/jonathan/Desktop/annotator/vendor/compiled.php(11857): Illuminate\Pipeline\Pipeline->Illuminate\Pipeline\{closure}(Object(Illuminate\Http\Request))
#35 /home/jonathan/Desktop/annotator/vendor/compiled.php(9045): Illuminate\Cookie\Middleware\EncryptCookies->handle(Object(Illuminate\Http\Request), Object(Closure))
#36 /home/jonathan/Desktop/annotator/vendor/compiled.php(2532): Illuminate\Pipeline\Pipeline->Illuminate\Pipeline\{closure}(Object(Illuminate\Http\Request))
#37 /home/jonathan/Desktop/annotator/vendor/compiled.php(9045): Illuminate\Foundation\Http\Middleware\CheckForMaintenanceMode->handle(Object(Illuminate\Http\Request), Object(Closure))
#38 [internal function]: Illuminate\Pipeline\Pipeline->Illuminate\Pipeline\{closure}(Object(Illuminate\Http\Request))
#39 /home/jonathan/Desktop/annotator/vendor/compiled.php(9036): call_user_func(Object(Closure), Object(Illuminate\Http\Request))
#40 /home/jonathan/Desktop/annotator/vendor/compiled.php(1945): Illuminate\Pipeline\Pipeline->then(Object(Closure))
#41 /home/jonathan/Desktop/annotator/vendor/compiled.php(1932): Illuminate\Foundation\Http\Kernel->sendRequestThroughRouter(Object(Illuminate\Http\Request))
#42 /home/jonathan/Desktop/annotator/public/index.php(53): Illuminate\Foundation\Http\Kernel->handle(Object(Illuminate\Http\Request))
#43 {main}  
[2016-05-11 00:57:58] local.ERROR: exception 'ErrorException' with message 'Undefined property: stdClass::$w' in /home/jonathan/Desktop/annotator/app/AnnotationView.php:121
Stack trace:
#0 /home/jonathan/Desktop/annotator/app/AnnotationView.php(121): Illuminate\Foundation\Bootstrap\HandleExceptions->handleError(8, 'Undefined prope...', '/home/jonathan/...', 121, Array)
#1 /home/jonathan/Desktop/annotator/app/AnnotationView.php(66): App\AnnotationView::format(Object(stdClass))
#2 /home/jonathan/Desktop/annotator/app/Http/Controllers/AnnotationController.php(202): App\AnnotationView::search(Array, -1, 0)
#3 [internal function]: App\Http\Controllers\AnnotationController->search()
#4 /home/jonathan/Desktop/annotator/vendor/compiled.php(8373): call_user_func_array(Array, Array)
#5 /home/jonathan/Desktop/annotator/vendor/compiled.php(8440): Illuminate\Routing\Controller->callAction('search', Array)
#6 /home/jonathan/Desktop/annotator/vendor/compiled.php(8419): Illuminate\Routing\ControllerDispatcher->call(Object(App\Http\Controllers\AnnotationController), Object(Illuminate\Routing\Route), 'search')
#7 [internal function]: Illuminate\Routing\ControllerDispatcher->Illuminate\Routing\{closure}(Object(Illuminate\Http\Request))
#8 /home/jonathan/Desktop/annotator/vendor/compiled.php(9053): call_user_func(Object(Closure), Object(Illuminate\Http\Request))
#9 [internal function]: Illuminate\Pipeline\Pipeline->Illuminate\Pipeline\{closure}(Object(Illuminate\Http\Request))
#10 /home/jonathan/Desktop/annotator/vendor/compiled.php(9036): call_user_func(Object(Closure), Object(Illuminate\Http\Request))
#11 /home/jonathan/Desktop/annotator/vendor/compiled.php(8420): Illuminate\Pipeline\Pipeline->then(Object(Closure))
#12 /home/jonathan/Desktop/annotator/vendor/compiled.php(8406): Illuminate\Routing\ControllerDispatcher->callWithinStack(Object(App\Http\Controllers\AnnotationController), Object(Illuminate\Routing\Route), Object(Illuminate\Http\Request), 'search')
#13 /home/jonathan/Desktop/annotator/vendor/compiled.php(7404): Illuminate\Routing\ControllerDispatcher->dispatch(Object(Illuminate\Routing\Route), Object(Illuminate\Http\Request), 'App\\Http\\Contro...', 'search')
#14 /home/jonathan/Desktop/annotator/vendor/compiled.php(7375): Illuminate\Routing\Route->runWithCustomDispatcher(Object(Illuminate\Http\Request))
#15 /home/jonathan/Desktop/annotator/vendor/compiled.php(7041): Illuminate\Routing\Route->run(Object(Illuminate\Http\Request))
#16 [internal function]: Illuminate\Routing\Router->Illuminate\Routing\{closure}(Object(Illuminate\Http\Request))
#17 /home/jonathan/Desktop/annotator/vendor/compiled.php(9053): call_user_func(Object(Closure), Object(Illuminate\Http\Request))
#18 /home/jonathan/Desktop/annotator/app/Http/Middleware/CrossDomainMiddleWare.php(20): Illuminate\Pipeline\Pipeline->Illuminate\Pipeline\{closure}(Object(Illuminate\Http\Request))
#19 /home/jonathan/Desktop/annotator/vendor/compiled.php(9045): App\Http\Middleware\CrossDomainMiddleWare->handle(Object(Illuminate\Http\Request), Object(Closure))
#20 [internal function]: Illuminate\Pipeline\Pipeline->Illuminate\Pipeline\{closure}(Object(Illuminate\Http\Request))
#21 /home/jonathan/Desktop/annotator/vendor/compiled.php(9036): call_user_func(Object(Closure), Object(Illuminate\Http\Request))
#22 /home/jonathan/Desktop/annotator/vendor/compiled.php(7042): Illuminate\Pipeline\Pipeline->then(Object(Closure))
#23 /home/jonathan/Desktop/annotator/vendor/compiled.php(7031): Illuminate\Routing\Router->runRouteWithinStack(Object(Illuminate\Routing\Route), Object(Illuminate\Http\Request))
#24 /home/jonathan/Desktop/annotator/vendor/compiled.php(7016): Illuminate\Routing\Router->dispatchToRoute(Object(Illuminate\Http\Request))
#25 /home/jonathan/Desktop/annotator/vendor/compiled.php(1989): Illuminate\Routing\Router->dispatch(Object(Illuminate\Http\Request))
#26 [internal function]: Illuminate\Foundation\Http\Kernel->Illuminate\Foundation\Http\{closure}(Object(Illuminate\Http\Request))
#27 /home/jonathan/Desktop/annotator/vendor/compiled.php(9053): call_user_func(Object(Closure), Object(Illuminate\Http\Request))
#28 /home/jonathan/Desktop/annotator/vendor/compiled.php(12202): Illuminate\Pipeline\Pipeline->Illuminate\Pipeline\{closure}(Object(Illuminate\Http\Request))
#29 /home/jonathan/Desktop/annotator/vendor/compiled.php(9045): Illuminate\View\Middleware\ShareErrorsFromSession->handle(Object(Illuminate\Http\Request), Object(Closure))
#30 /home/jonathan/Desktop/annotator/vendor/compiled.php(10903): Illuminate\Pipeline\Pipeline->Illuminate\Pipeline\{closure}(Object(Illuminate\Http\Request))
#31 /home/jonathan/Desktop/annotator/vendor/compiled.php(9045): Illuminate\Session\Middleware\StartSession->handle(Object(Illuminate\Http\Request), Object(Closure))
#32 /home/jonathan/Desktop/annotator/vendor/compiled.php(11908): Illuminate\Pipeline\Pipeline->Illuminate\Pipeline\{closure}(Object(Illuminate\Http\Request))
#33 /home/jonathan/Desktop/annotator/vendor/compiled.php(9045): Illuminate\Cookie\Middleware\AddQueuedCookiesToResponse->handle(Object(Illuminate\Http\Request), Object(Closure))
#34 /home/jonathan/Desktop/annotator/vendor/compiled.php(11857): Illuminate\Pipeline\Pipeline->Illuminate\Pipeline\{closure}(Object(Illuminate\Http\Request))
#35 /home/jonathan/Desktop/annotator/vendor/compiled.php(9045): Illuminate\Cookie\Middleware\EncryptCookies->handle(Object(Illuminate\Http\Request), Object(Closure))
#36 /home/jonathan/Desktop/annotator/vendor/compiled.php(2532): Illuminate\Pipeline\Pipeline->Illuminate\Pipeline\{closure}(Object(Illuminate\Http\Request))
#37 /home/jonathan/Desktop/annotator/vendor/compiled.php(9045): Illuminate\Foundation\Http\Middleware\CheckForMaintenanceMode->handle(Object(Illuminate\Http\Request), Object(Closure))
#38 [internal function]: Illuminate\Pipeline\Pipeline->Illuminate\Pipeline\{closure}(Object(Illuminate\Http\Request))
#39 /home/jonathan/Desktop/annotator/vendor/compiled.php(9036): call_user_func(Object(Closure), Object(Illuminate\Http\Request))
#40 /home/jonathan/Desktop/annotator/vendor/compiled.php(1945): Illuminate\Pipeline\Pipeline->then(Object(Closure))
#41 /home/jonathan/Desktop/annotator/vendor/compiled.php(1932): Illuminate\Foundation\Http\Kernel->sendRequestThroughRouter(Object(Illuminate\Http\Request))
#42 /home/jonathan/Desktop/annotator/public/index.php(53): Illuminate\Foundation\Http\Kernel->handle(Object(Illuminate\Http\Request))
#43 {main}  
