0 info it worked if it ends with ok
1 verbose cli [ '/usr/bin/nodejs', '/usr/bin/npm', 'install', 'notify-send' ]
2 info using npm@1.3.10
3 info using node@v0.10.25
4 verbose readDependencies using package.json deps
5 verbose cache add [ 'notify-send', null ]
6 verbose cache add name=undefined spec="notify-send" args=["notify-send",null]
7 verbose parsed url { protocol: null,
7 verbose parsed url   slashes: null,
7 verbose parsed url   auth: null,
7 verbose parsed url   host: null,
7 verbose parsed url   port: null,
7 verbose parsed url   hostname: null,
7 verbose parsed url   hash: null,
7 verbose parsed url   search: null,
7 verbose parsed url   query: null,
7 verbose parsed url   pathname: 'notify-send',
7 verbose parsed url   path: 'notify-send',
7 verbose parsed url   href: 'notify-send' }
8 silly lockFile f005055b-notify-send notify-send
9 verbose lock notify-send /root/.npm/f005055b-notify-send.lock
10 silly lockFile f005055b-notify-send notify-send
11 silly lockFile f005055b-notify-send notify-send
12 verbose addNamed [ 'notify-send', '' ]
13 verbose addNamed [ null, '*' ]
14 silly lockFile 79290394-notify-send notify-send@
15 verbose lock notify-send@ /root/.npm/79290394-notify-send.lock
16 silly addNameRange { name: 'notify-send', range: '*', hasData: false }
17 verbose url raw notify-send
18 verbose url resolving [ 'https://registry.npmjs.org/', './notify-send' ]
19 verbose url resolved https://registry.npmjs.org/notify-send
20 info trying registry request attempt 1 at 15:36:16
21 http GET https://registry.npmjs.org/notify-send
22 http 200 https://registry.npmjs.org/notify-send
23 silly registry.get cb [ 200,
23 silly registry.get   { server: 'CouchDB/1.5.0 (Erlang OTP/R16B03)',
23 silly registry.get     etag: '"DRKVKW6STYIGF72CIC6YLK8DW"',
23 silly registry.get     'content-type': 'application/json',
23 silly registry.get     'cache-control': 'max-age=300',
23 silly registry.get     'content-length': '3348',
23 silly registry.get     'accept-ranges': 'bytes',
23 silly registry.get     date: 'Thu, 17 Mar 2016 07:36:17 GMT',
23 silly registry.get     via: '1.1 varnish',
23 silly registry.get     age: '0',
23 silly registry.get     connection: 'keep-alive',
23 silly registry.get     'x-served-by': 'cache-sjc3624-SJC',
23 silly registry.get     'x-cache': 'MISS',
23 silly registry.get     'x-cache-hits': '0',
23 silly registry.get     'x-timer': 'S1458200177.157065,VS0,VE341',
23 silly registry.get     vary: 'Accept' } ]
24 silly addNameRange number 2 { name: 'notify-send', range: '*', hasData: true }
25 silly addNameRange versions [ 'notify-send', [ '0.1.0', '0.1.1', '0.1.2' ] ]
26 verbose addNamed [ 'notify-send', '0.1.2' ]
27 verbose addNamed [ '0.1.2', '0.1.2' ]
28 silly lockFile 531de949-notify-send-0-1-2 notify-send@0.1.2
29 verbose lock notify-send@0.1.2 /root/.npm/531de949-notify-send-0-1-2.lock
30 silly lockFile 576f199a-otify-send-notify-send-0-1-2-tgz https://registry.npmjs.org/notify-send/-/notify-send-0.1.2.tgz
31 verbose lock https://registry.npmjs.org/notify-send/-/notify-send-0.1.2.tgz /root/.npm/576f199a-otify-send-notify-send-0-1-2-tgz.lock
32 verbose addRemoteTarball [ 'https://registry.npmjs.org/notify-send/-/notify-send-0.1.2.tgz',
32 verbose addRemoteTarball   '23c197bb1ea34805d6d9a77e61b40fd76e1bb80a' ]
33 info retry fetch attempt 1 at 15:36:17
34 verbose fetch to= /root/tmp/npm-3966-4EP3Did5/1458200177609-0.2911403856705874/tmp.tgz
35 http GET https://registry.npmjs.org/notify-send/-/notify-send-0.1.2.tgz
36 http 200 https://registry.npmjs.org/notify-send/-/notify-send-0.1.2.tgz
37 verbose tar unpack /root/tmp/npm-3966-4EP3Did5/1458200177609-0.2911403856705874/tmp.tgz
38 silly lockFile 3a541e69-77609-0-2911403856705874-package tar:///root/tmp/npm-3966-4EP3Did5/1458200177609-0.2911403856705874/package
39 verbose lock tar:///root/tmp/npm-3966-4EP3Did5/1458200177609-0.2911403856705874/package /root/.npm/3a541e69-77609-0-2911403856705874-package.lock
40 silly lockFile 16fc28ff-77609-0-2911403856705874-tmp-tgz tar:///root/tmp/npm-3966-4EP3Did5/1458200177609-0.2911403856705874/tmp.tgz
41 verbose lock tar:///root/tmp/npm-3966-4EP3Did5/1458200177609-0.2911403856705874/tmp.tgz /root/.npm/16fc28ff-77609-0-2911403856705874-tmp-tgz.lock
42 silly gunzTarPerm modes [ '755', '644' ]
43 silly gunzTarPerm extractEntry .gitignore
44 silly gunzTarPerm extractEntry README.md
45 silly gunzTarPerm extractEntry package.json
46 silly gunzTarPerm extractEntry lib/notify-send.js
47 silly lockFile 3a541e69-77609-0-2911403856705874-package tar:///root/tmp/npm-3966-4EP3Did5/1458200177609-0.2911403856705874/package
48 silly lockFile 3a541e69-77609-0-2911403856705874-package tar:///root/tmp/npm-3966-4EP3Did5/1458200177609-0.2911403856705874/package
49 silly lockFile 16fc28ff-77609-0-2911403856705874-tmp-tgz tar:///root/tmp/npm-3966-4EP3Did5/1458200177609-0.2911403856705874/tmp.tgz
50 silly lockFile 16fc28ff-77609-0-2911403856705874-tmp-tgz tar:///root/tmp/npm-3966-4EP3Did5/1458200177609-0.2911403856705874/tmp.tgz
51 verbose tar pack [ '/root/.npm/notify-send/0.1.2/package.tgz',
51 verbose tar pack   '/root/tmp/npm-3966-4EP3Did5/1458200177609-0.2911403856705874/package' ]
52 verbose tarball /root/.npm/notify-send/0.1.2/package.tgz
53 verbose folder /root/tmp/npm-3966-4EP3Did5/1458200177609-0.2911403856705874/package
54 silly lockFile 3a541e69-77609-0-2911403856705874-package tar:///root/tmp/npm-3966-4EP3Did5/1458200177609-0.2911403856705874/package
55 verbose lock tar:///root/tmp/npm-3966-4EP3Did5/1458200177609-0.2911403856705874/package /root/.npm/3a541e69-77609-0-2911403856705874-package.lock
56 silly lockFile 6c4d820e-pm-notify-send-0-1-2-package-tgz tar:///root/.npm/notify-send/0.1.2/package.tgz
57 verbose lock tar:///root/.npm/notify-send/0.1.2/package.tgz /root/.npm/6c4d820e-pm-notify-send-0-1-2-package-tgz.lock
58 silly lockFile 3a541e69-77609-0-2911403856705874-package tar:///root/tmp/npm-3966-4EP3Did5/1458200177609-0.2911403856705874/package
59 silly lockFile 3a541e69-77609-0-2911403856705874-package tar:///root/tmp/npm-3966-4EP3Did5/1458200177609-0.2911403856705874/package
60 silly lockFile 6c4d820e-pm-notify-send-0-1-2-package-tgz tar:///root/.npm/notify-send/0.1.2/package.tgz
61 silly lockFile 6c4d820e-pm-notify-send-0-1-2-package-tgz tar:///root/.npm/notify-send/0.1.2/package.tgz
62 silly lockFile 59b9e030-ot-npm-notify-send-0-1-2-package /root/.npm/notify-send/0.1.2/package
63 verbose lock /root/.npm/notify-send/0.1.2/package /root/.npm/59b9e030-ot-npm-notify-send-0-1-2-package.lock
64 silly lockFile 59b9e030-ot-npm-notify-send-0-1-2-package /root/.npm/notify-send/0.1.2/package
65 silly lockFile 59b9e030-ot-npm-notify-send-0-1-2-package /root/.npm/notify-send/0.1.2/package
66 verbose tar unpack /root/.npm/notify-send/0.1.2/package.tgz
67 silly lockFile aeb2a521-ot-npm-notify-send-0-1-2-package tar:///root/.npm/notify-send/0.1.2/package
68 verbose lock tar:///root/.npm/notify-send/0.1.2/package /root/.npm/aeb2a521-ot-npm-notify-send-0-1-2-package.lock
69 silly lockFile 6c4d820e-pm-notify-send-0-1-2-package-tgz tar:///root/.npm/notify-send/0.1.2/package.tgz
70 verbose lock tar:///root/.npm/notify-send/0.1.2/package.tgz /root/.npm/6c4d820e-pm-notify-send-0-1-2-package-tgz.lock
71 silly gunzTarPerm modes [ '755', '644' ]
72 silly gunzTarPerm extractEntry package.json
73 silly gunzTarPerm extractEntry .npmignore
74 silly gunzTarPerm extractEntry README.md
75 silly gunzTarPerm extractEntry lib/notify-send.js
76 silly lockFile aeb2a521-ot-npm-notify-send-0-1-2-package tar:///root/.npm/notify-send/0.1.2/package
77 silly lockFile aeb2a521-ot-npm-notify-send-0-1-2-package tar:///root/.npm/notify-send/0.1.2/package
78 silly lockFile 6c4d820e-pm-notify-send-0-1-2-package-tgz tar:///root/.npm/notify-send/0.1.2/package.tgz
79 silly lockFile 6c4d820e-pm-notify-send-0-1-2-package-tgz tar:///root/.npm/notify-send/0.1.2/package.tgz
80 verbose chmod /root/.npm/notify-send/0.1.2/package.tgz 644
81 verbose chown /root/.npm/notify-send/0.1.2/package.tgz [ 0, 0 ]
82 silly lockFile 576f199a-otify-send-notify-send-0-1-2-tgz https://registry.npmjs.org/notify-send/-/notify-send-0.1.2.tgz
83 silly lockFile 576f199a-otify-send-notify-send-0-1-2-tgz https://registry.npmjs.org/notify-send/-/notify-send-0.1.2.tgz
84 silly lockFile 531de949-notify-send-0-1-2 notify-send@0.1.2
85 silly lockFile 531de949-notify-send-0-1-2 notify-send@0.1.2
86 silly lockFile 79290394-notify-send notify-send@
87 silly lockFile 79290394-notify-send notify-send@
88 silly resolved [ { author:
88 silly resolved      { name: 'Brian Noguchi',
88 silly resolved        email: 'brian.noguchi@gmail.com',
88 silly resolved        url: 'https://github.com/bnoguchi' },
88 silly resolved     name: 'notify-send',
88 silly resolved     description: 'Ubuntu growl-like notifications for node.js',
88 silly resolved     version: '0.1.2',
88 silly resolved     homepage: 'https://github.com/bnoguchi/node-notify-send',
88 silly resolved     repository:
88 silly resolved      { type: 'git',
88 silly resolved        url: 'git://github.com/bnoguchi/node-notify-send.git' },
88 silly resolved     main: './lib/notify-send.js',
88 silly resolved     scripts: { test: 'make test' },
88 silly resolved     engines: { node: '>=0.4.0' },
88 silly resolved     dependencies: {},
88 silly resolved     devDependencies: {},
88 silly resolved     readme: 'notify-send\n===========\n\nnode.js library for `notify-send`, Ubuntu equivalent of OSX growl\n\nSee the [man page](http://man.cx/notify-send) for more information about `notify-send`.\n\n## Installation\n\n    $ npm install notify-send\n\n## Example\n\n```javascript\nvar growl = require(\'notify-send\');\n\ngrowl.notify(\'summary\', \'body\');\n\n// Specify different urgency levels\ngrowl.low.notify(\'Announcement\', \'Clear skies and sunshine today\');\ngrowl.normal.notify(\'Announcement\', \'Meeting in 15 minutes\');\ngrowl.critical.notify(\'Announcement\', \'Red Alert!\');\n\n// Specify an urgency level only once and re-use it\nvar low = growl.low;\nlow.notify(\'Non-important\', \'Some low urgency message\');\n\n// You can specify other options\ngrowl.timeout(2000).notify(\'Timing\', "I\'m out of here in 2");\ngrowl.icon(\'/home/nodejs/path/to/icon.png\').notify(\'Incoming\', \'sponsored message\');\ngrowl.category(\'nodejs\').notify(\'Release\', \'v1.0 released\');\n\n// All options are chainable\ngrowl.low.timeout(2000).icon(\'/home/nodejs/path/to/icon.png\').category(\'nodejs\').notify(\'summary\', \'body\');\n\n// With minimal syntax, you can re-use all options specified in a chain prior to `notify(summary, body)`\nvar reusableNotifier = growl.critical.timeout(100);\nreusableNotifier(\'Gmail\', \'[Subject] Important...\');\nreusableNotifier(\'Gmail\', \'[Subject] RE: Important...\');\n```\n',
88 silly resolved     readmeFilename: 'README.md',
88 silly resolved     bugs: { url: 'https://github.com/bnoguchi/node-notify-send/issues' },
88 silly resolved     _id: 'notify-send@0.1.2',
88 silly resolved     dist: { shasum: 'd44c533fe27b90477d06ed03db37596210d7b83b' },
88 silly resolved     _from: 'notify-send@',
88 silly resolved     _resolved: 'https://registry.npmjs.org/notify-send/-/notify-send-0.1.2.tgz' } ]
89 info install notify-send@0.1.2 into /var/www/html/annotator
90 info installOne notify-send@0.1.2
91 info /var/www/html/annotator/node_modules/notify-send unbuild
92 verbose tar unpack /root/.npm/notify-send/0.1.2/package.tgz
93 silly lockFile 28b34a76-notator-node-modules-notify-send tar:///var/www/html/annotator/node_modules/notify-send
94 verbose lock tar:///var/www/html/annotator/node_modules/notify-send /root/.npm/28b34a76-notator-node-modules-notify-send.lock
95 silly lockFile 6c4d820e-pm-notify-send-0-1-2-package-tgz tar:///root/.npm/notify-send/0.1.2/package.tgz
96 verbose lock tar:///root/.npm/notify-send/0.1.2/package.tgz /root/.npm/6c4d820e-pm-notify-send-0-1-2-package-tgz.lock
97 silly gunzTarPerm modes [ '755', '644' ]
98 silly gunzTarPerm extractEntry package.json
99 silly gunzTarPerm extractEntry .npmignore
100 silly gunzTarPerm extractEntry README.md
101 silly gunzTarPerm extractEntry lib/notify-send.js
102 silly lockFile 28b34a76-notator-node-modules-notify-send tar:///var/www/html/annotator/node_modules/notify-send
103 silly lockFile 28b34a76-notator-node-modules-notify-send tar:///var/www/html/annotator/node_modules/notify-send
104 silly lockFile 6c4d820e-pm-notify-send-0-1-2-package-tgz tar:///root/.npm/notify-send/0.1.2/package.tgz
105 silly lockFile 6c4d820e-pm-notify-send-0-1-2-package-tgz tar:///root/.npm/notify-send/0.1.2/package.tgz
106 info preinstall notify-send@0.1.2
107 verbose readDependencies using package.json deps
108 verbose readDependencies using package.json deps
109 silly resolved []
110 verbose about to build /var/www/html/annotator/node_modules/notify-send
111 info build /var/www/html/annotator/node_modules/notify-send
112 verbose linkStuff [ false, false, false, '/var/www/html/annotator/node_modules' ]
113 info linkStuff notify-send@0.1.2
114 verbose linkBins notify-send@0.1.2
115 verbose linkMans notify-send@0.1.2
116 verbose rebuildBundles notify-send@0.1.2
117 info install notify-send@0.1.2
118 info postinstall notify-send@0.1.2
119 error peerinvalid The package laravel-elixir does not satisfy its siblings' peerDependencies requirements!
119 error peerinvalid Peer laravel-elixir-livereload@1.1.4 wants laravel-elixir@^4.0
120 error System Linux 3.16.0-62-generic
121 error command "/usr/bin/nodejs" "/usr/bin/npm" "install" "notify-send"
122 error cwd /var/www/html/annotator
123 error node -v v0.10.25
124 error npm -v 1.3.10
125 error code EPEERINVALID
126 verbose exit [ 1, true ]
